#
# There is insufficient memory for the Java Runtime Environment to continue.
# Native memory allocation (malloc) failed to allocate 2032464 bytes. Error detail: Chunk::new
# Possible reasons:
#   The system is out of physical RAM or swap space
#   This process is running with CompressedOops enabled, and the Java Heap may be blocking the growth of the native heap
# Possible solutions:
#   Reduce memory load on the system
#   Increase physical memory or swap space
#   Check if swap backing store is full
#   Decrease Java heap size (-Xmx/-Xms)
#   Decrease number of Java threads
#   Decrease Java thread stack sizes (-Xss)
#   Set larger code cache with -XX:ReservedCodeCacheSize=
#   JVM is running with Unscaled Compressed Oops mode in which the Java heap is
#     placed in the first 4GB address space. The Java Heap base address is the
#     maximum limit for the native heap growth. Please use -XX:HeapBaseMinAddress
#     to set the Java Heap base and to place the Java Heap above 4GB virtual address.
# This output file may be truncated or incomplete.
#
#  Out of Memory Error (arena.cpp:168), pid=3416, tid=30656
#
# JRE version: OpenJDK Runtime Environment Temurin-21.0.5+11 (21.0.5+11) (build 21.0.5+11-LTS)
# Java VM: OpenJDK 64-Bit Server VM Temurin-21.0.5+11 (21.0.5+11-LTS, mixed mode, sharing, tiered, compressed oops, compressed class ptrs, parallel gc, windows-amd64)
# No core dump will be written. Minidumps are not enabled by default on client versions of Windows
#

---------------  S U M M A R Y ------------

Command Line: --add-modules=ALL-SYSTEM --add-opens=java.base/java.util=ALL-UNNAMED --add-opens=java.base/java.lang=ALL-UNNAMED --add-opens=java.base/sun.nio.fs=ALL-UNNAMED -Declipse.application=org.eclipse.jdt.ls.core.id1 -Dosgi.bundles.defaultStartLevel=4 -Declipse.product=org.eclipse.jdt.ls.core.product -Djava.import.generatesMetadataFilesAtProjectRoot=false -DDetectVMInstallationsJob.disabled=true -Dfile.encoding=utf8 -XX:+UseParallelGC -XX:GCTimeRatio=4 -XX:AdaptiveSizePolicyWeight=90 -Dsun.zip.disableMemoryMapping=true -Xmx1G -Xms100m -Xlog:disable -javaagent:c:\Users\정호정\.vscode\extensions\redhat.java-1.39.0-win32-x64\lombok\lombok-1.18.34.jar -XX:+HeapDumpOnOutOfMemoryError -XX:HeapDumpPath=c:\Users\정호정\AppData\Roaming\Code\User\workspaceStorage\5f876e61def9000ba0f118a0751d2544\redhat.java -Daether.dependencyCollector.impl=bf c:\Users\정호정\.vscode\extensions\redhat.java-1.39.0-win32-x64\server\plugins\org.eclipse.equinox.launcher_1.6.900.v20240613-2009.jar -configuration c:\Users\정호정\AppData\Roaming\Code\User\globalStorage\redhat.java\1.39.0\config_win -data c:\Users\정호정\AppData\Roaming\Code\User\workspaceStorage\5f876e61def9000ba0f118a0751d2544\redhat.java\jdt_ws --pipe=\\.\pipe\lsp-0d6ec8a21f62ab446e4e4ea2f4bc6c9c-sock

Host: Intel(R) Core(TM) i5-10210U CPU @ 1.60GHz, 8 cores, 7G,  Windows 10 , 64 bit Build 18362 (10.0.18362.1500)
Time: Fri Jan 24 15:51:49 2025 대한민국 표준시 elapsed time: 44.178582 seconds (0d 0h 0m 44s)

---------------  T H R E A D  ---------------

Current thread (0x0000020e59586f60):  JavaThread "C2 CompilerThread1" daemon [_thread_in_native, id=30656, stack(0x0000008463a00000,0x0000008463b00000) (1024K)]


Current CompileTask:
C2:44178 11103       4       org.eclipse.jdt.internal.compiler.lookup.BinaryTypeBinding::createMethod (1724 bytes)

Stack: [0x0000008463a00000,0x0000008463b00000]
Native frames: (J=compiled Java code, j=interpreted, Vv=VM code, C=native code)
V  [jvm.dll+0x6cd4e9]
V  [jvm.dll+0x8a7941]
V  [jvm.dll+0x8a9e6e]
V  [jvm.dll+0x8aa543]
V  [jvm.dll+0x27f6d6]
V  [jvm.dll+0xc500d]
V  [jvm.dll+0xc5543]
V  [jvm.dll+0x3b660c]
V  [jvm.dll+0x1dffe9]
V  [jvm.dll+0x247b22]
V  [jvm.dll+0x246faf]
V  [jvm.dll+0x1c75ce]
V  [jvm.dll+0x25682a]
V  [jvm.dll+0x254dca]
V  [jvm.dll+0x3f00d6]
V  [jvm.dll+0x8514fb]
V  [jvm.dll+0x6cbbed]
C  [ucrtbase.dll+0x210b2]
C  [KERNEL32.DLL+0x17c24]
C  [ntdll.dll+0x6d721]


---------------  P R O C E S S  ---------------

Threads class SMR info:
_java_thread_list=0x0000020e4bd3a850, length=68, elements={
0x0000020e69f78e80, 0x0000020e7e5eddb0, 0x0000020e7e5f0520, 0x0000020e7e5f2eb0,
0x0000020e7e5f3b00, 0x0000020e7e5f6660, 0x0000020e7e5f70b0, 0x0000020e7e5f7ee0,
0x0000020e7e62c9f0, 0x0000020e6c14a770, 0x0000020e472f8550, 0x0000020e4acd9e90,
0x0000020e4b366ae0, 0x0000020e4b3b12a0, 0x0000020e4ad2f3f0, 0x0000020e4b12c020,
0x0000020e4b052820, 0x0000020e4b144f20, 0x0000020e4b1462d0, 0x0000020e4b147d10,
0x0000020e4b147680, 0x0000020e4b146960, 0x0000020e4b1455b0, 0x0000020e4b145c40,
0x0000020e4df96410, 0x0000020e4df9b2d0, 0x0000020e4df96aa0, 0x0000020e4df99f20,
0x0000020e4df977c0, 0x0000020e4df97130, 0x0000020e4df98b70, 0x0000020e4df97e50,
0x0000020e4df984e0, 0x0000020e4df9a5b0, 0x0000020e4df99200, 0x0000020e4df9ac40,
0x0000020e4df9b960, 0x0000020e4df95060, 0x0000020e4df99890, 0x0000020e4df9c680,
0x0000020e4df956f0, 0x0000020e4df95d80, 0x0000020e4b146ff0, 0x0000020e4d533fe0,
0x0000020e4d534d00, 0x0000020e4d536dd0, 0x0000020e4d530b60, 0x0000020e4d534670,
0x0000020e4d531f10, 0x0000020e4d535390, 0x0000020e4d5304d0, 0x0000020e4d535a20,
0x0000020e4d5360b0, 0x0000020e4d536740, 0x0000020e4d537af0, 0x0000020e4d5311f0,
0x0000020e4d537460, 0x0000020e4d531880, 0x0000020e4d532c30, 0x0000020e58dca410,
0x0000020e59586f60, 0x0000020e58dcaaa0, 0x0000020e58dcb130, 0x0000020e58dcbe50,
0x0000020e58dcc4e0, 0x0000020e58dc9060, 0x0000020e58dc96f0, 0x0000020e58dc9d80
}

Java Threads: ( => current thread )
  0x0000020e69f78e80 JavaThread "main"                              [_thread_blocked, id=24524, stack(0x0000008461f00000,0x0000008462000000) (1024K)]
  0x0000020e7e5eddb0 JavaThread "Reference Handler"          daemon [_thread_blocked, id=14500, stack(0x0000008462300000,0x0000008462400000) (1024K)]
  0x0000020e7e5f0520 JavaThread "Finalizer"                  daemon [_thread_blocked, id=39532, stack(0x0000008462400000,0x0000008462500000) (1024K)]
  0x0000020e7e5f2eb0 JavaThread "Signal Dispatcher"          daemon [_thread_blocked, id=33588, stack(0x0000008462500000,0x0000008462600000) (1024K)]
  0x0000020e7e5f3b00 JavaThread "Attach Listener"            daemon [_thread_blocked, id=5668, stack(0x0000008462600000,0x0000008462700000) (1024K)]
  0x0000020e7e5f6660 JavaThread "Service Thread"             daemon [_thread_blocked, id=724, stack(0x0000008462700000,0x0000008462800000) (1024K)]
  0x0000020e7e5f70b0 JavaThread "Monitor Deflation Thread"   daemon [_thread_blocked, id=33368, stack(0x0000008462800000,0x0000008462900000) (1024K)]
  0x0000020e7e5f7ee0 JavaThread "C2 CompilerThread0"         daemon [_thread_in_native, id=37920, stack(0x0000008462900000,0x0000008462a00000) (1024K)]
  0x0000020e7e62c9f0 JavaThread "C1 CompilerThread0"         daemon [_thread_blocked, id=16972, stack(0x0000008462a00000,0x0000008462b00000) (1024K)]
  0x0000020e6c14a770 JavaThread "Common-Cleaner"             daemon [_thread_blocked, id=16592, stack(0x0000008462b00000,0x0000008462c00000) (1024K)]
  0x0000020e472f8550 JavaThread "Notification Thread"        daemon [_thread_blocked, id=34952, stack(0x0000008462c00000,0x0000008462d00000) (1024K)]
  0x0000020e4acd9e90 JavaThread "Active Thread: Equinox Container: 4d9bb2a9-d8d8-4e6c-a8da-540100bf0eef"        [_thread_blocked, id=2752, stack(0x0000008463500000,0x0000008463600000) (1024K)]
  0x0000020e4b366ae0 JavaThread "Refresh Thread: Equinox Container: 4d9bb2a9-d8d8-4e6c-a8da-540100bf0eef" daemon [_thread_blocked, id=36244, stack(0x0000008463600000,0x0000008463700000) (1024K)]
  0x0000020e4b3b12a0 JavaThread "Framework Event Dispatcher: Equinox Container: 4d9bb2a9-d8d8-4e6c-a8da-540100bf0eef" daemon [_thread_blocked, id=3612, stack(0x0000008463700000,0x0000008463800000) (1024K)]
  0x0000020e4ad2f3f0 JavaThread "Start Level: Equinox Container: 4d9bb2a9-d8d8-4e6c-a8da-540100bf0eef" daemon [_thread_blocked, id=40616, stack(0x0000008463800000,0x0000008463900000) (1024K)]
  0x0000020e4b12c020 JavaThread "Bundle File Closer"         daemon [_thread_blocked, id=16816, stack(0x0000008462d00000,0x0000008462e00000) (1024K)]
  0x0000020e4b052820 JavaThread "SCR Component Actor"        daemon [_thread_blocked, id=34700, stack(0x0000008463900000,0x0000008463a00000) (1024K)]
  0x0000020e4b144f20 JavaThread "Worker-JM"                         [_thread_blocked, id=37772, stack(0x0000008463c00000,0x0000008463d00000) (1024K)]
  0x0000020e4b1462d0 JavaThread "JNA Cleaner"                daemon [_thread_blocked, id=29528, stack(0x0000008463b00000,0x0000008463c00000) (1024K)]
  0x0000020e4b147d10 JavaThread "Worker-0: Check JDK Index"         [_thread_blocked, id=38784, stack(0x0000008463d00000,0x0000008463e00000) (1024K)]
  0x0000020e4b147680 JavaThread "Worker-1"                          [_thread_blocked, id=25992, stack(0x0000008463e00000,0x0000008463f00000) (1024K)]
  0x0000020e4b146960 JavaThread "Worker-2"                          [_thread_blocked, id=10756, stack(0x0000008464000000,0x0000008464100000) (1024K)]
  0x0000020e4b1455b0 JavaThread "Worker-3"                          [_thread_blocked, id=11868, stack(0x0000008464100000,0x0000008464200000) (1024K)]
  0x0000020e4b145c40 JavaThread "Java indexing"              daemon [_thread_in_native, id=1324, stack(0x0000008464300000,0x0000008464400000) (1024K)]
  0x0000020e4df96410 JavaThread "Worker-4: Java indexing... "        [_thread_blocked, id=22568, stack(0x0000008464400000,0x0000008464500000) (1024K)]
  0x0000020e4df9b2d0 JavaThread "Thread-2"                   daemon [_thread_in_native, id=16108, stack(0x0000008464500000,0x0000008464600000) (1024K)]
  0x0000020e4df96aa0 JavaThread "Thread-3"                   daemon [_thread_in_native, id=14140, stack(0x0000008464600000,0x0000008464700000) (1024K)]
  0x0000020e4df99f20 JavaThread "Thread-4"                   daemon [_thread_in_native, id=15000, stack(0x0000008464700000,0x0000008464800000) (1024K)]
  0x0000020e4df977c0 JavaThread "Thread-5"                   daemon [_thread_in_native, id=23488, stack(0x0000008464800000,0x0000008464900000) (1024K)]
  0x0000020e4df97130 JavaThread "Thread-6"                   daemon [_thread_in_native, id=34936, stack(0x0000008464900000,0x0000008464a00000) (1024K)]
  0x0000020e4df98b70 JavaThread "Thread-7"                   daemon [_thread_in_native, id=41832, stack(0x0000008464a00000,0x0000008464b00000) (1024K)]
  0x0000020e4df97e50 JavaThread "Thread-8"                   daemon [_thread_in_native, id=37124, stack(0x0000008464b00000,0x0000008464c00000) (1024K)]
  0x0000020e4df984e0 JavaThread "Thread-9"                   daemon [_thread_in_native, id=28160, stack(0x0000008464c00000,0x0000008464d00000) (1024K)]
  0x0000020e4df9a5b0 JavaThread "Thread-10"                  daemon [_thread_in_native, id=41388, stack(0x0000008464d00000,0x0000008464e00000) (1024K)]
  0x0000020e4df99200 JavaThread "pool-2-thread-1"                   [_thread_blocked, id=20096, stack(0x0000008464e00000,0x0000008464f00000) (1024K)]
  0x0000020e4df9ac40 JavaThread "WorkspaceEventsHandler"            [_thread_blocked, id=41076, stack(0x0000008464f00000,0x0000008465000000) (1024K)]
  0x0000020e4df9b960 JavaThread "pool-1-thread-1"                   [_thread_blocked, id=32000, stack(0x0000008465000000,0x0000008465100000) (1024K)]
  0x0000020e4df95060 JavaThread "LocalFile Deleter"          daemon [_thread_blocked, id=23700, stack(0x0000008464200000,0x0000008464300000) (1024K)]
  0x0000020e4df99890 JavaThread "LocalFile Deleter"          daemon [_thread_blocked, id=6688, stack(0x0000008465100000,0x0000008465200000) (1024K)]
  0x0000020e4df9c680 JavaThread "LocalFile Deleter"          daemon [_thread_blocked, id=29796, stack(0x0000008465200000,0x0000008465300000) (1024K)]
  0x0000020e4df956f0 JavaThread "LocalFile Deleter"          daemon [_thread_blocked, id=13728, stack(0x0000008465300000,0x0000008465400000) (1024K)]
  0x0000020e4df95d80 JavaThread "LocalFile Deleter"          daemon [_thread_blocked, id=41360, stack(0x0000008465400000,0x0000008465500000) (1024K)]
  0x0000020e4b146ff0 JavaThread "LocalFile Deleter"          daemon [_thread_blocked, id=39256, stack(0x0000008465500000,0x0000008465600000) (1024K)]
  0x0000020e4d533fe0 JavaThread "LocalFile Deleter"          daemon [_thread_blocked, id=3192, stack(0x0000008465600000,0x0000008465700000) (1024K)]
  0x0000020e4d534d00 JavaThread "LocalFile Deleter"          daemon [_thread_blocked, id=19056, stack(0x0000008465700000,0x0000008465800000) (1024K)]
  0x0000020e4d536dd0 JavaThread "Compiler Source File Reader" daemon [_thread_blocked, id=21588, stack(0x0000008465800000,0x0000008465900000) (1024K)]
  0x0000020e4d530b60 JavaThread "Compiler Source File Reader" daemon [_thread_blocked, id=15504, stack(0x0000008465900000,0x0000008465a00000) (1024K)]
  0x0000020e4d534670 JavaThread "Compiler Source File Reader" daemon [_thread_blocked, id=23716, stack(0x0000008465a00000,0x0000008465b00000) (1024K)]
  0x0000020e4d531f10 JavaThread "Compiler Source File Reader" daemon [_thread_blocked, id=40924, stack(0x0000008465b00000,0x0000008465c00000) (1024K)]
  0x0000020e4d535390 JavaThread "Compiler Source File Reader" daemon [_thread_blocked, id=35216, stack(0x0000008465c00000,0x0000008465d00000) (1024K)]
  0x0000020e4d5304d0 JavaThread "Compiler Source File Reader" daemon [_thread_blocked, id=30048, stack(0x0000008465d00000,0x0000008465e00000) (1024K)]
  0x0000020e4d535a20 JavaThread "Compiler Processing Task"   daemon [_thread_blocked, id=12576, stack(0x0000008465e00000,0x0000008465f00000) (1024K)]
  0x0000020e4d5360b0 JavaThread "Compiler Class File Writer" daemon [_thread_blocked, id=15612, stack(0x0000008465f00000,0x0000008466000000) (1024K)]
  0x0000020e4d536740 JavaThread "Compiler Class File Writer" daemon [_thread_blocked, id=14888, stack(0x0000008466000000,0x0000008466100000) (1024K)]
  0x0000020e4d537af0 JavaThread "Compiler Class File Writer" daemon [_thread_blocked, id=21192, stack(0x0000008466100000,0x0000008466200000) (1024K)]
  0x0000020e4d5311f0 JavaThread "Compiler Class File Writer" daemon [_thread_blocked, id=14264, stack(0x0000008466200000,0x0000008466300000) (1024K)]
  0x0000020e4d537460 JavaThread "Compiler Class File Writer" daemon [_thread_blocked, id=5308, stack(0x0000008466300000,0x0000008466400000) (1024K)]
  0x0000020e4d531880 JavaThread "Compiler Class File Writer" daemon [_thread_blocked, id=35368, stack(0x0000008466400000,0x0000008466500000) (1024K)]
  0x0000020e4d532c30 JavaThread "Timer-0"                           [_thread_blocked, id=26184, stack(0x0000008466500000,0x0000008466600000) (1024K)]
  0x0000020e58dca410 JavaThread "ForkJoinPool.commonPool-worker-1" daemon [_thread_in_Java, id=37816, stack(0x0000008461d00000,0x0000008461e00000) (1024K)]
=>0x0000020e59586f60 JavaThread "C2 CompilerThread1"         daemon [_thread_in_native, id=30656, stack(0x0000008463a00000,0x0000008463b00000) (1024K)]
  0x0000020e58dcaaa0 JavaThread "Worker-5"                          [_thread_blocked, id=23980, stack(0x0000008463f00000,0x0000008464000000) (1024K)]
  0x0000020e58dcb130 JavaThread "ForkJoinPool.commonPool-worker-3" daemon [_thread_blocked, id=17068, stack(0x0000008466600000,0x0000008466700000) (1024K)]
  0x0000020e58dcbe50 JavaThread "ForkJoinPool.commonPool-worker-2" daemon [_thread_blocked, id=1464, stack(0x0000008466700000,0x0000008466800000) (1024K)]
  0x0000020e58dcc4e0 JavaThread "ForkJoinPool.commonPool-worker-4" daemon [_thread_blocked, id=11220, stack(0x0000008466a00000,0x0000008466b00000) (1024K)]
  0x0000020e58dc9060 JavaThread "ForkJoinPool.commonPool-worker-5" daemon [_thread_blocked, id=31864, stack(0x0000008466b00000,0x0000008466c00000) (1024K)]
  0x0000020e58dc96f0 JavaThread "ForkJoinPool.commonPool-worker-6" daemon [_thread_blocked, id=19352, stack(0x0000008466c00000,0x0000008466d00000) (1024K)]
  0x0000020e58dc9d80 JavaThread "ForkJoinPool.commonPool-worker-7" daemon [_thread_blocked, id=20436, stack(0x0000008466d00000,0x0000008466e00000) (1024K)]
Total: 68

Other Threads:
  0x0000020e69f5da90 VMThread "VM Thread"                           [id=40620, stack(0x0000008462200000,0x0000008462300000) (1024K)]
  0x0000020e7e50cb20 WatcherThread "VM Periodic Task Thread"        [id=29992, stack(0x0000008462100000,0x0000008462200000) (1024K)]
  0x0000020e69f5d350 WorkerThread "GC Thread#0"                     [id=8156, stack(0x0000008462000000,0x0000008462100000) (1024K)]
  0x0000020e69f5c4d0 WorkerThread "GC Thread#1"                     [id=27668, stack(0x0000008462e00000,0x0000008462f00000) (1024K)]
  0x0000020e69f5cfb0 WorkerThread "GC Thread#2"                     [id=33536, stack(0x0000008462f00000,0x0000008463000000) (1024K)]
  0x0000020e4ac76320 WorkerThread "GC Thread#3"                     [id=39804, stack(0x0000008463000000,0x0000008463100000) (1024K)]
  0x0000020e4ac771a0 WorkerThread "GC Thread#4"                     [id=4040, stack(0x0000008463100000,0x0000008463200000) (1024K)]
  0x0000020e4ac76a60 WorkerThread "GC Thread#5"                     [id=32968, stack(0x0000008463200000,0x0000008463300000) (1024K)]
  0x0000020e4ac79240 WorkerThread "GC Thread#6"                     [id=13480, stack(0x0000008463300000,0x0000008463400000) (1024K)]
  0x0000020e4ac77540 WorkerThread "GC Thread#7"                     [id=33476, stack(0x0000008463400000,0x0000008463500000) (1024K)]
Total: 10

Threads with active compile tasks:
C2 CompilerThread0  44354 11169 % !   4       org.eclipse.jdt.internal.core.search.indexing.BinaryIndexer::indexDocument @ 886 (1204 bytes)
C1 CompilerThread0  44354 11343 %     3       org.eclipse.jdt.internal.compiler.classfmt.ModuleInfo::readModuleAttribute @ 357 (1166 bytes)
C2 CompilerThread1  44354 11103       4       org.eclipse.jdt.internal.compiler.lookup.BinaryTypeBinding::createMethod (1724 bytes)
Total: 3

VM state: not at safepoint (normal execution)

VM Mutex/Monitor currently owned by a thread: None

Heap address: 0x00000000c0000000, size: 1024 MB, Compressed Oops mode: 32-bit

CDS archive(s) mapped at: [0x0000020e02000000-0x0000020e02ba0000-0x0000020e02ba0000), size 12189696, SharedBaseAddress: 0x0000020e02000000, ArchiveRelocationMode: 1.
Compressed class space mapped at: 0x0000020e03000000-0x0000020e43000000, reserved size: 1073741824
Narrow klass base: 0x0000020e02000000, Narrow klass shift: 0, Narrow klass range: 0x100000000

GC Precious Log:
 CardTable entry size: 512
 CPUs: 8 total, 8 available
 Memory: 8001M
 Large Page Support: Disabled
 NUMA Support: Disabled
 Compressed Oops: Enabled (32-bit)
 Alignments: Space 512K, Generation 512K, Heap 2M
 Heap Min Capacity: 100M
 Heap Initial Capacity: 100M
 Heap Max Capacity: 1G
 Pre-touch: Disabled
 Parallel Workers: 8

Heap:
 PSYoungGen      total 12800K, used 9451K [0x00000000eab00000, 0x00000000ebd80000, 0x0000000100000000)
  eden space 10752K, 68% used [0x00000000eab00000,0x00000000eb23c830,0x00000000eb580000)
  from space 2048K, 99% used [0x00000000eb600000,0x00000000eb7fe790,0x00000000eb800000)
  to   space 4096K, 0% used [0x00000000eb980000,0x00000000eb980000,0x00000000ebd80000)
 ParOldGen       total 439808K, used 439599K [0x00000000c0000000, 0x00000000dad80000, 0x00000000eab00000)
  object space 439808K, 99% used [0x00000000c0000000,0x00000000dad4bca0,0x00000000dad80000)
 Metaspace       used 70978K, committed 72512K, reserved 1114112K
  class space    used 7847K, committed 8512K, reserved 1048576K

Card table byte_map: [0x0000020e6ba80000,0x0000020e6bc90000] _byte_map_base: 0x0000020e6b480000

Marking Bits: (ParMarkBitMap*) 0x00007ffc6d2d2250
 Begin Bits: [0x0000020e00000000, 0x0000020e01000000)
 End Bits:   [0x0000020e01000000, 0x0000020e02000000)

Polling page: 0x0000020e69f30000

Metaspace:

Usage:
  Non-class:     61.65 MB used.
      Class:      7.66 MB used.
       Both:     69.32 MB used.

Virtual space:
  Non-class space:       64.00 MB reserved,      62.50 MB ( 98%) committed,  1 nodes.
      Class space:        1.00 GB reserved,       8.31 MB ( <1%) committed,  1 nodes.
             Both:        1.06 GB reserved,      70.81 MB (  7%) committed. 

Chunk freelists:
   Non-Class:  1.13 MB
       Class:  7.54 MB
        Both:  8.67 MB

MaxMetaspaceSize: unlimited
CompressedClassSpaceSize: 1.00 GB
Initial GC threshold: 21.00 MB
Current GC threshold: 97.31 MB
CDS: on
 - commit_granule_bytes: 65536.
 - commit_granule_words: 8192.
 - virtual_space_node_default_size: 8388608.
 - enlarge_chunks_in_place: 1.
 - use_allocation_guard: 0.


Internal statistics:

num_allocs_failed_limit: 9.
num_arena_births: 1232.
num_arena_deaths: 28.
num_vsnodes_births: 2.
num_vsnodes_deaths: 0.
num_space_committed: 1133.
num_space_uncommitted: 0.
num_chunks_returned_to_freelist: 41.
num_chunks_taken_from_freelist: 4408.
num_chunk_merges: 14.
num_chunk_splits: 2822.
num_chunks_enlarged: 1762.
num_inconsistent_stats: 0.

CodeHeap 'non-profiled nmethods': size=120000Kb used=9401Kb max_used=9401Kb free=110598Kb
 bounds [0x0000020e76f00000, 0x0000020e77830000, 0x0000020e7e430000]
CodeHeap 'profiled nmethods': size=120000Kb used=24274Kb max_used=24274Kb free=95725Kb
 bounds [0x0000020e6f430000, 0x0000020e70bf0000, 0x0000020e76960000]
CodeHeap 'non-nmethods': size=5760Kb used=1446Kb max_used=1532Kb free=4313Kb
 bounds [0x0000020e76960000, 0x0000020e76bd0000, 0x0000020e76f00000]
 total_blobs=11233 nmethods=10470 adapters=668
 compilation: enabled
              stopped_count=0, restarted_count=0
 full_count=0

Compilation events (20 events):
Event: 44.030 Thread 0x0000020e7e62c9f0 11277       2       jdk.internal.misc.Unsafe::setMemoryChecks (13 bytes)
Event: 44.031 Thread 0x0000020e7e62c9f0 nmethod 11277 0x0000020e70bc0e90 code [0x0000020e70bc1080, 0x0000020e70bc1428]
Event: 44.133 Thread 0x0000020e7e62c9f0 11279       1       org.eclipse.lsp4j.ExecuteCommandParams::getCommand (5 bytes)
Event: 44.133 Thread 0x0000020e7e62c9f0 nmethod 11279 0x0000020e7782b790 code [0x0000020e7782b920, 0x0000020e7782b9e8]
Event: 44.133 Thread 0x0000020e7e62c9f0 11280   !   2       sun.nio.cs.StreamDecoder::inReady (36 bytes)
Event: 44.133 Thread 0x0000020e7e62c9f0 nmethod 11280 0x0000020e70bc1690 code [0x0000020e70bc1840, 0x0000020e70bc1a38]
Event: 44.134 Thread 0x0000020e7e62c9f0 11281       2       sun.nio.ch.Util::getTemporaryDirectBuffer (55 bytes)
Event: 44.134 Thread 0x0000020e7e62c9f0 nmethod 11281 0x0000020e70bc1b10 code [0x0000020e70bc1d40, 0x0000020e70bc2180]
Event: 44.134 Thread 0x0000020e7e62c9f0 11282       2       sun.nio.ch.Util$BufferCache::get (164 bytes)
Event: 44.135 Thread 0x0000020e7e62c9f0 nmethod 11282 0x0000020e70bc2410 code [0x0000020e70bc2600, 0x0000020e70bc2a28]
Event: 44.135 Thread 0x0000020e7e62c9f0 11283       2       java.nio.MappedByteBuffer::flip (5 bytes)
Event: 44.135 Thread 0x0000020e7e62c9f0 nmethod 11283 0x0000020e70bc2c90 code [0x0000020e70bc2e20, 0x0000020e70bc2f40]
Event: 44.135 Thread 0x0000020e7e62c9f0 11284       2       java.nio.MappedByteBuffer::flip (7 bytes)
Event: 44.136 Thread 0x0000020e7e62c9f0 nmethod 11284 0x0000020e70bc3010 code [0x0000020e70bc31a0, 0x0000020e70bc32c0]
Event: 44.136 Thread 0x0000020e7e62c9f0 11285       2       sun.nio.ch.Util::offerFirstTemporaryDirectBuffer (53 bytes)
Event: 44.136 Thread 0x0000020e7e62c9f0 nmethod 11285 0x0000020e70bc3390 code [0x0000020e70bc35a0, 0x0000020e70bc38f8]
Event: 44.136 Thread 0x0000020e7e62c9f0 11286       2       sun.nio.ch.Util::isBufferTooLarge (8 bytes)
Event: 44.136 Thread 0x0000020e7e62c9f0 nmethod 11286 0x0000020e70bc3b90 code [0x0000020e70bc3d20, 0x0000020e70bc3e38]
Event: 44.144 Thread 0x0000020e7e62c9f0 11287       2       sun.nio.ch.Invoker$GroupAndInvokeCount::resetInvokeCount (6 bytes)
Event: 44.144 Thread 0x0000020e7e62c9f0 nmethod 11287 0x0000020e70bc3f10 code [0x0000020e70bc40a0, 0x0000020e70bc41b0]

GC Heap History (20 events):
Event: 42.934 GC heap before
{Heap before GC invocations=577 (full 3):
 PSYoungGen      total 12800K, used 12576K [0x00000000eab00000, 0x00000000eb900000, 0x0000000100000000)
  eden space 11264K, 100% used [0x00000000eab00000,0x00000000eb600000,0x00000000eb600000)
  from space 1536K, 85% used [0x00000000eb600000,0x00000000eb748000,0x00000000eb780000)
  to   space 1536K, 0% used [0x00000000eb780000,0x00000000eb780000,0x00000000eb900000)
 ParOldGen       total 426496K, used 426214K [0x00000000c0000000, 0x00000000da080000, 0x00000000eab00000)
  object space 426496K, 99% used [0x00000000c0000000,0x00000000da039bd8,0x00000000da080000)
 Metaspace       used 70165K, committed 71744K, reserved 1114112K
  class space    used 7748K, committed 8448K, reserved 1048576K
}
Event: 42.937 GC heap after
{Heap after GC invocations=577 (full 3):
 PSYoungGen      total 12800K, used 1184K [0x00000000eab00000, 0x00000000eb900000, 0x0000000100000000)
  eden space 11264K, 0% used [0x00000000eab00000,0x00000000eab00000,0x00000000eb600000)
  from space 1536K, 77% used [0x00000000eb780000,0x00000000eb8a8000,0x00000000eb900000)
  to   space 1536K, 0% used [0x00000000eb600000,0x00000000eb600000,0x00000000eb780000)
 ParOldGen       total 427520K, used 427422K [0x00000000c0000000, 0x00000000da180000, 0x00000000eab00000)
  object space 427520K, 99% used [0x00000000c0000000,0x00000000da167bd8,0x00000000da180000)
 Metaspace       used 70165K, committed 71744K, reserved 1114112K
  class space    used 7748K, committed 8448K, reserved 1048576K
}
Event: 42.992 GC heap before
{Heap before GC invocations=578 (full 3):
 PSYoungGen      total 12800K, used 12448K [0x00000000eab00000, 0x00000000eb900000, 0x0000000100000000)
  eden space 11264K, 100% used [0x00000000eab00000,0x00000000eb600000,0x00000000eb600000)
  from space 1536K, 77% used [0x00000000eb780000,0x00000000eb8a8000,0x00000000eb900000)
  to   space 1536K, 0% used [0x00000000eb600000,0x00000000eb600000,0x00000000eb780000)
 ParOldGen       total 427520K, used 427422K [0x00000000c0000000, 0x00000000da180000, 0x00000000eab00000)
  object space 427520K, 99% used [0x00000000c0000000,0x00000000da167bd8,0x00000000da180000)
 Metaspace       used 70165K, committed 71744K, reserved 1114112K
  class space    used 7748K, committed 8448K, reserved 1048576K
}
Event: 42.995 GC heap after
{Heap after GC invocations=578 (full 3):
 PSYoungGen      total 12800K, used 1296K [0x00000000eab00000, 0x00000000eb900000, 0x0000000100000000)
  eden space 11264K, 0% used [0x00000000eab00000,0x00000000eab00000,0x00000000eb600000)
  from space 1536K, 84% used [0x00000000eb600000,0x00000000eb744228,0x00000000eb780000)
  to   space 1536K, 0% used [0x00000000eb780000,0x00000000eb780000,0x00000000eb900000)
 ParOldGen       total 428544K, used 428510K [0x00000000c0000000, 0x00000000da280000, 0x00000000eab00000)
  object space 428544K, 99% used [0x00000000c0000000,0x00000000da277bd8,0x00000000da280000)
 Metaspace       used 70165K, committed 71744K, reserved 1114112K
  class space    used 7748K, committed 8448K, reserved 1048576K
}
Event: 43.229 GC heap before
{Heap before GC invocations=579 (full 3):
 PSYoungGen      total 12800K, used 12560K [0x00000000eab00000, 0x00000000eb900000, 0x0000000100000000)
  eden space 11264K, 100% used [0x00000000eab00000,0x00000000eb600000,0x00000000eb600000)
  from space 1536K, 84% used [0x00000000eb600000,0x00000000eb744228,0x00000000eb780000)
  to   space 1536K, 0% used [0x00000000eb780000,0x00000000eb780000,0x00000000eb900000)
 ParOldGen       total 428544K, used 428510K [0x00000000c0000000, 0x00000000da280000, 0x00000000eab00000)
  object space 428544K, 99% used [0x00000000c0000000,0x00000000da277bd8,0x00000000da280000)
 Metaspace       used 70167K, committed 71744K, reserved 1114112K
  class space    used 7748K, committed 8448K, reserved 1048576K
}
Event: 43.235 GC heap after
{Heap after GC invocations=579 (full 3):
 PSYoungGen      total 12800K, used 1280K [0x00000000eab00000, 0x00000000eb900000, 0x0000000100000000)
  eden space 11264K, 0% used [0x00000000eab00000,0x00000000eab00000,0x00000000eb600000)
  from space 1536K, 83% used [0x00000000eb780000,0x00000000eb8c0000,0x00000000eb900000)
  to   space 1536K, 0% used [0x00000000eb600000,0x00000000eb600000,0x00000000eb780000)
 ParOldGen       total 430080K, used 429590K [0x00000000c0000000, 0x00000000da400000, 0x00000000eab00000)
  object space 430080K, 99% used [0x00000000c0000000,0x00000000da385bd8,0x00000000da400000)
 Metaspace       used 70167K, committed 71744K, reserved 1114112K
  class space    used 7748K, committed 8448K, reserved 1048576K
}
Event: 43.334 GC heap before
{Heap before GC invocations=580 (full 3):
 PSYoungGen      total 12800K, used 12544K [0x00000000eab00000, 0x00000000eb900000, 0x0000000100000000)
  eden space 11264K, 100% used [0x00000000eab00000,0x00000000eb600000,0x00000000eb600000)
  from space 1536K, 83% used [0x00000000eb780000,0x00000000eb8c0000,0x00000000eb900000)
  to   space 1536K, 0% used [0x00000000eb600000,0x00000000eb600000,0x00000000eb780000)
 ParOldGen       total 430080K, used 429590K [0x00000000c0000000, 0x00000000da400000, 0x00000000eab00000)
  object space 430080K, 99% used [0x00000000c0000000,0x00000000da385bd8,0x00000000da400000)
 Metaspace       used 70167K, committed 71744K, reserved 1114112K
  class space    used 7748K, committed 8448K, reserved 1048576K
}
Event: 43.338 GC heap after
{Heap after GC invocations=580 (full 3):
 PSYoungGen      total 12800K, used 1520K [0x00000000eab00000, 0x00000000ebc00000, 0x0000000100000000)
  eden space 11264K, 0% used [0x00000000eab00000,0x00000000eab00000,0x00000000eb600000)
  from space 1536K, 98% used [0x00000000eb600000,0x00000000eb77c008,0x00000000eb780000)
  to   space 3072K, 0% used [0x00000000eb900000,0x00000000eb900000,0x00000000ebc00000)
 ParOldGen       total 431104K, used 430758K [0x00000000c0000000, 0x00000000da500000, 0x00000000eab00000)
  object space 431104K, 99% used [0x00000000c0000000,0x00000000da4a9be8,0x00000000da500000)
 Metaspace       used 70167K, committed 71744K, reserved 1114112K
  class space    used 7748K, committed 8448K, reserved 1048576K
}
Event: 43.378 GC heap before
{Heap before GC invocations=581 (full 3):
 PSYoungGen      total 12800K, used 12784K [0x00000000eab00000, 0x00000000ebc00000, 0x0000000100000000)
  eden space 11264K, 100% used [0x00000000eab00000,0x00000000eb600000,0x00000000eb600000)
  from space 1536K, 98% used [0x00000000eb600000,0x00000000eb77c008,0x00000000eb780000)
  to   space 3072K, 0% used [0x00000000eb900000,0x00000000eb900000,0x00000000ebc00000)
 ParOldGen       total 431104K, used 430758K [0x00000000c0000000, 0x00000000da500000, 0x00000000eab00000)
  object space 431104K, 99% used [0x00000000c0000000,0x00000000da4a9be8,0x00000000da500000)
 Metaspace       used 70167K, committed 71744K, reserved 1114112K
  class space    used 7748K, committed 8448K, reserved 1048576K
}
Event: 43.381 GC heap after
{Heap after GC invocations=581 (full 3):
 PSYoungGen      total 12800K, used 1270K [0x00000000eab00000, 0x00000000eba80000, 0x0000000100000000)
  eden space 11264K, 0% used [0x00000000eab00000,0x00000000eab00000,0x00000000eb600000)
  from space 1536K, 82% used [0x00000000eb900000,0x00000000eba3d810,0x00000000eba80000)
  to   space 2048K, 0% used [0x00000000eb680000,0x00000000eb680000,0x00000000eb880000)
 ParOldGen       total 432640K, used 432238K [0x00000000c0000000, 0x00000000da680000, 0x00000000eab00000)
  object space 432640K, 99% used [0x00000000c0000000,0x00000000da61bbf0,0x00000000da680000)
 Metaspace       used 70167K, committed 71744K, reserved 1114112K
  class space    used 7748K, committed 8448K, reserved 1048576K
}
Event: 43.469 GC heap before
{Heap before GC invocations=582 (full 3):
 PSYoungGen      total 12800K, used 12534K [0x00000000eab00000, 0x00000000eba80000, 0x0000000100000000)
  eden space 11264K, 100% used [0x00000000eab00000,0x00000000eb600000,0x00000000eb600000)
  from space 1536K, 82% used [0x00000000eb900000,0x00000000eba3d810,0x00000000eba80000)
  to   space 2048K, 0% used [0x00000000eb680000,0x00000000eb680000,0x00000000eb880000)
 ParOldGen       total 432640K, used 432238K [0x00000000c0000000, 0x00000000da680000, 0x00000000eab00000)
  object space 432640K, 99% used [0x00000000c0000000,0x00000000da61bbf0,0x00000000da680000)
 Metaspace       used 70167K, committed 71744K, reserved 1114112K
  class space    used 7748K, committed 8448K, reserved 1048576K
}
Event: 43.472 GC heap after
{Heap after GC invocations=582 (full 3):
 PSYoungGen      total 12800K, used 1184K [0x00000000eab00000, 0x00000000eb980000, 0x0000000100000000)
  eden space 11264K, 0% used [0x00000000eab00000,0x00000000eab00000,0x00000000eb600000)
  from space 1536K, 77% used [0x00000000eb680000,0x00000000eb7a8000,0x00000000eb800000)
  to   space 1536K, 0% used [0x00000000eb800000,0x00000000eb800000,0x00000000eb980000)
 ParOldGen       total 433664K, used 433405K [0x00000000c0000000, 0x00000000da780000, 0x00000000eab00000)
  object space 433664K, 99% used [0x00000000c0000000,0x00000000da73f400,0x00000000da780000)
 Metaspace       used 70167K, committed 71744K, reserved 1114112K
  class space    used 7748K, committed 8448K, reserved 1048576K
}
Event: 43.737 GC heap before
{Heap before GC invocations=583 (full 3):
 PSYoungGen      total 12800K, used 12448K [0x00000000eab00000, 0x00000000eb980000, 0x0000000100000000)
  eden space 11264K, 100% used [0x00000000eab00000,0x00000000eb600000,0x00000000eb600000)
  from space 1536K, 77% used [0x00000000eb680000,0x00000000eb7a8000,0x00000000eb800000)
  to   space 1536K, 0% used [0x00000000eb800000,0x00000000eb800000,0x00000000eb980000)
 ParOldGen       total 433664K, used 433405K [0x00000000c0000000, 0x00000000da780000, 0x00000000eab00000)
  object space 433664K, 99% used [0x00000000c0000000,0x00000000da73f400,0x00000000da780000)
 Metaspace       used 70348K, committed 71872K, reserved 1114112K
  class space    used 7773K, committed 8448K, reserved 1048576K
}
Event: 43.741 GC heap after
{Heap after GC invocations=583 (full 3):
 PSYoungGen      total 12800K, used 1347K [0x00000000eab00000, 0x00000000eb980000, 0x0000000100000000)
  eden space 11264K, 0% used [0x00000000eab00000,0x00000000eab00000,0x00000000eb600000)
  from space 1536K, 87% used [0x00000000eb800000,0x00000000eb950de8,0x00000000eb980000)
  to   space 1536K, 0% used [0x00000000eb680000,0x00000000eb680000,0x00000000eb800000)
 ParOldGen       total 434688K, used 434501K [0x00000000c0000000, 0x00000000da880000, 0x00000000eab00000)
  object space 434688K, 99% used [0x00000000c0000000,0x00000000da851400,0x00000000da880000)
 Metaspace       used 70348K, committed 71872K, reserved 1114112K
  class space    used 7773K, committed 8448K, reserved 1048576K
}
Event: 43.851 GC heap before
{Heap before GC invocations=584 (full 3):
 PSYoungGen      total 12800K, used 12611K [0x00000000eab00000, 0x00000000eb980000, 0x0000000100000000)
  eden space 11264K, 100% used [0x00000000eab00000,0x00000000eb600000,0x00000000eb600000)
  from space 1536K, 87% used [0x00000000eb800000,0x00000000eb950de8,0x00000000eb980000)
  to   space 1536K, 0% used [0x00000000eb680000,0x00000000eb680000,0x00000000eb800000)
 ParOldGen       total 434688K, used 434501K [0x00000000c0000000, 0x00000000da880000, 0x00000000eab00000)
  object space 434688K, 99% used [0x00000000c0000000,0x00000000da851400,0x00000000da880000)
 Metaspace       used 70391K, committed 71872K, reserved 1114112K
  class space    used 7779K, committed 8448K, reserved 1048576K
}
Event: 43.855 GC heap after
{Heap after GC invocations=584 (full 3):
 PSYoungGen      total 12800K, used 1184K [0x00000000eab00000, 0x00000000eb900000, 0x0000000100000000)
  eden space 11264K, 0% used [0x00000000eab00000,0x00000000eab00000,0x00000000eb600000)
  from space 1536K, 77% used [0x00000000eb680000,0x00000000eb7a8020,0x00000000eb800000)
  to   space 1024K, 0% used [0x00000000eb800000,0x00000000eb800000,0x00000000eb900000)
 ParOldGen       total 435712K, used 435621K [0x00000000c0000000, 0x00000000da980000, 0x00000000eab00000)
  object space 435712K, 99% used [0x00000000c0000000,0x00000000da969468,0x00000000da980000)
 Metaspace       used 70391K, committed 71872K, reserved 1114112K
  class space    used 7779K, committed 8448K, reserved 1048576K
}
Event: 43.930 GC heap before
{Heap before GC invocations=585 (full 3):
 PSYoungGen      total 12800K, used 12448K [0x00000000eab00000, 0x00000000eb900000, 0x0000000100000000)
  eden space 11264K, 100% used [0x00000000eab00000,0x00000000eb600000,0x00000000eb600000)
  from space 1536K, 77% used [0x00000000eb680000,0x00000000eb7a8020,0x00000000eb800000)
  to   space 1024K, 0% used [0x00000000eb800000,0x00000000eb800000,0x00000000eb900000)
 ParOldGen       total 435712K, used 435621K [0x00000000c0000000, 0x00000000da980000, 0x00000000eab00000)
  object space 435712K, 99% used [0x00000000c0000000,0x00000000da969468,0x00000000da980000)
 Metaspace       used 70438K, committed 71936K, reserved 1114112K
  class space    used 7789K, committed 8448K, reserved 1048576K
}
Event: 43.935 GC heap after
{Heap after GC invocations=585 (full 3):
 PSYoungGen      total 11776K, used 1008K [0x00000000eab00000, 0x00000000ebb00000, 0x0000000100000000)
  eden space 10752K, 0% used [0x00000000eab00000,0x00000000eab00000,0x00000000eb580000)
  from space 1024K, 98% used [0x00000000eb800000,0x00000000eb8fc010,0x00000000eb900000)
  to   space 2560K, 0% used [0x00000000eb580000,0x00000000eb580000,0x00000000eb800000)
 ParOldGen       total 436736K, used 436653K [0x00000000c0000000, 0x00000000daa80000, 0x00000000eab00000)
  object space 436736K, 99% used [0x00000000c0000000,0x00000000daa6b488,0x00000000daa80000)
 Metaspace       used 70438K, committed 71936K, reserved 1114112K
  class space    used 7789K, committed 8448K, reserved 1048576K
}
Event: 44.051 GC heap before
{Heap before GC invocations=586 (full 3):
 PSYoungGen      total 11776K, used 11760K [0x00000000eab00000, 0x00000000ebb00000, 0x0000000100000000)
  eden space 10752K, 100% used [0x00000000eab00000,0x00000000eb580000,0x00000000eb580000)
  from space 1024K, 98% used [0x00000000eb800000,0x00000000eb8fc010,0x00000000eb900000)
  to   space 2560K, 0% used [0x00000000eb580000,0x00000000eb580000,0x00000000eb800000)
 ParOldGen       total 436736K, used 436653K [0x00000000c0000000, 0x00000000daa80000, 0x00000000eab00000)
  object space 436736K, 99% used [0x00000000c0000000,0x00000000daa6b488,0x00000000daa80000)
 Metaspace       used 70511K, committed 72000K, reserved 1114112K
  class space    used 7794K, committed 8448K, reserved 1048576K
}
Event: 44.056 GC heap after
{Heap after GC invocations=586 (full 3):
 PSYoungGen      total 13312K, used 2366K [0x00000000eab00000, 0x00000000eba80000, 0x0000000100000000)
  eden space 10752K, 0% used [0x00000000eab00000,0x00000000eab00000,0x00000000eb580000)
  from space 2560K, 92% used [0x00000000eb580000,0x00000000eb7cf9a0,0x00000000eb800000)
  to   space 2560K, 0% used [0x00000000eb800000,0x00000000eb800000,0x00000000eba80000)
 ParOldGen       total 437760K, used 437589K [0x00000000c0000000, 0x00000000dab80000, 0x00000000eab00000)
  object space 437760K, 99% used [0x00000000c0000000,0x00000000dab55488,0x00000000dab80000)
 Metaspace       used 70511K, committed 72000K, reserved 1114112K
  class space    used 7794K, committed 8448K, reserved 1048576K
}

Dll operation events (13 events):
Event: 0.034 Loaded shared library c:\Users\정호정\.vscode\extensions\redhat.java-1.39.0-win32-x64\jre\21.0.5-win32-x86_64\bin\java.dll
Event: 0.140 Loaded shared library c:\Users\정호정\.vscode\extensions\redhat.java-1.39.0-win32-x64\jre\21.0.5-win32-x86_64\bin\zip.dll
Event: 0.417 Loaded shared library C:\Users\정호정\.vscode\extensions\redhat.java-1.39.0-win32-x64\jre\21.0.5-win32-x86_64\bin\instrument.dll
Event: 0.430 Loaded shared library C:\Users\정호정\.vscode\extensions\redhat.java-1.39.0-win32-x64\jre\21.0.5-win32-x86_64\bin\net.dll
Event: 0.439 Loaded shared library C:\Users\정호정\.vscode\extensions\redhat.java-1.39.0-win32-x64\jre\21.0.5-win32-x86_64\bin\nio.dll
Event: 0.450 Loaded shared library C:\Users\정호정\.vscode\extensions\redhat.java-1.39.0-win32-x64\jre\21.0.5-win32-x86_64\bin\zip.dll
Event: 0.523 Loaded shared library C:\Users\정호정\.vscode\extensions\redhat.java-1.39.0-win32-x64\jre\21.0.5-win32-x86_64\bin\jimage.dll
Event: 0.824 Loaded shared library c:\Users\정호정\.vscode\extensions\redhat.java-1.39.0-win32-x64\jre\21.0.5-win32-x86_64\bin\verify.dll
Event: 3.613 Loaded shared library C:\Users\정호정\AppData\Roaming\Code\User\globalStorage\redhat.java\1.39.0\config_win\org.eclipse.equinox.launcher\org.eclipse.equinox.launcher.win32.win32.x86_64_1.2.1100.v20240722-2106\eclipse_11904.dll
Event: 8.146 Loaded shared library C:\Users\정호정\AppData\Local\Temp\jna-50974642\jna6107656832532108263.dll
Event: 31.488 Loaded shared library C:\Users\정호정\.gradle\native\c067742578af261105cb4f569cf0c3c89f3d7b1fecec35dd04571415982c5e48\windows-amd64\native-platform.dll
Event: 37.328 Loaded shared library C:\Users\정호정\.vscode\extensions\redhat.java-1.39.0-win32-x64\jre\21.0.5-win32-x86_64\bin\management.dll
Event: 37.343 Loaded shared library C:\Users\정호정\.vscode\extensions\redhat.java-1.39.0-win32-x64\jre\21.0.5-win32-x86_64\bin\management_ext.dll

Deoptimization events (20 events):
Event: 43.890 Thread 0x0000020e4b145c40 DEOPT PACKING pc=0x0000020e701a42dd sp=0x00000084643fe890
Event: 43.890 Thread 0x0000020e4b145c40 DEOPT UNPACKING pc=0x0000020e769b4242 sp=0x00000084643fdd08 mode 0
Event: 43.910 Thread 0x0000020e4b145c40 DEOPT PACKING pc=0x0000020e701a42dd sp=0x00000084643fe910
Event: 43.910 Thread 0x0000020e4b145c40 DEOPT UNPACKING pc=0x0000020e769b4242 sp=0x00000084643fdd88 mode 0
Event: 43.938 Thread 0x0000020e4b145c40 DEOPT PACKING pc=0x0000020e701a42dd sp=0x00000084643fe910
Event: 43.938 Thread 0x0000020e4b145c40 DEOPT UNPACKING pc=0x0000020e769b4242 sp=0x00000084643fdd88 mode 0
Event: 43.955 Thread 0x0000020e4b145c40 DEOPT PACKING pc=0x0000020e701a42dd sp=0x00000084643fe910
Event: 43.955 Thread 0x0000020e4b145c40 DEOPT UNPACKING pc=0x0000020e769b4242 sp=0x00000084643fdd88 mode 0
Event: 43.963 Thread 0x0000020e4b145c40 DEOPT PACKING pc=0x0000020e701a42dd sp=0x00000084643fe890
Event: 43.963 Thread 0x0000020e4b145c40 DEOPT UNPACKING pc=0x0000020e769b4242 sp=0x00000084643fdd08 mode 0
Event: 44.061 Thread 0x0000020e4b145c40 DEOPT PACKING pc=0x0000020e701a42dd sp=0x00000084643fe910
Event: 44.061 Thread 0x0000020e4b145c40 DEOPT UNPACKING pc=0x0000020e769b4242 sp=0x00000084643fdd88 mode 0
Event: 44.067 Thread 0x0000020e4b145c40 DEOPT PACKING pc=0x0000020e701a42dd sp=0x00000084643fe910
Event: 44.067 Thread 0x0000020e4b145c40 DEOPT UNPACKING pc=0x0000020e769b4242 sp=0x00000084643fdd88 mode 0
Event: 44.070 Thread 0x0000020e4b145c40 DEOPT PACKING pc=0x0000020e701a42dd sp=0x00000084643fe910
Event: 44.070 Thread 0x0000020e4b145c40 DEOPT UNPACKING pc=0x0000020e769b4242 sp=0x00000084643fdd88 mode 0
Event: 44.129 Thread 0x0000020e4b145c40 DEOPT PACKING pc=0x0000020e701a42dd sp=0x00000084643fe890
Event: 44.129 Thread 0x0000020e4b145c40 DEOPT UNPACKING pc=0x0000020e769b4242 sp=0x00000084643fdd08 mode 0
Event: 44.151 Thread 0x0000020e4b145c40 DEOPT PACKING pc=0x0000020e701a42dd sp=0x00000084643fe910
Event: 44.151 Thread 0x0000020e4b145c40 DEOPT UNPACKING pc=0x0000020e769b4242 sp=0x00000084643fdd88 mode 0

Classes loaded (20 events):
Event: 37.802 Loading class java/util/regex/PatternSyntaxException
Event: 37.802 Loading class java/util/regex/PatternSyntaxException done
Event: 38.482 Loading class java/nio/charset/CharacterCodingException
Event: 38.482 Loading class java/nio/charset/CharacterCodingException done
Event: 38.483 Loading class java/io/SequenceInputStream
Event: 38.483 Loading class java/io/SequenceInputStream done
Event: 38.580 Loading class java/util/concurrent/CompletableFuture$UniApply
Event: 38.581 Loading class java/util/concurrent/CompletableFuture$UniApply done
Event: 38.582 Loading class java/util/concurrent/CompletableFuture$UniExceptionally
Event: 38.582 Loading class java/util/concurrent/CompletableFuture$UniExceptionally done
Event: 39.035 Loading class java/lang/UnsupportedClassVersionError
Event: 39.035 Loading class java/lang/UnsupportedClassVersionError done
Event: 41.707 Loading class sun/nio/fs/WindowsFileCopy
Event: 41.707 Loading class sun/nio/fs/WindowsFileCopy done
Event: 43.556 Loading class java/lang/Throwable$WrappedPrintWriter
Event: 43.556 Loading class java/lang/Throwable$PrintStreamOrWriter
Event: 43.556 Loading class java/lang/Throwable$PrintStreamOrWriter done
Event: 43.556 Loading class java/lang/Throwable$WrappedPrintWriter done
Event: 43.627 Loading class java/util/HashMap$EntrySpliterator
Event: 43.627 Loading class java/util/HashMap$EntrySpliterator done

Classes unloaded (14 events):
Event: 10.230 Thread 0x0000020e69f5da90 Unloading class 0x0000020e031a1000 'java/lang/invoke/LambdaForm$MH+0x0000020e031a1000'
Event: 10.230 Thread 0x0000020e69f5da90 Unloading class 0x0000020e031a0c00 'java/lang/invoke/LambdaForm$MH+0x0000020e031a0c00'
Event: 10.230 Thread 0x0000020e69f5da90 Unloading class 0x0000020e031a0800 'java/lang/invoke/LambdaForm$MH+0x0000020e031a0800'
Event: 10.230 Thread 0x0000020e69f5da90 Unloading class 0x0000020e031a0400 'java/lang/invoke/LambdaForm$MH+0x0000020e031a0400'
Event: 10.230 Thread 0x0000020e69f5da90 Unloading class 0x0000020e031a0000 'java/lang/invoke/LambdaForm$BMH+0x0000020e031a0000'
Event: 10.230 Thread 0x0000020e69f5da90 Unloading class 0x0000020e0319fc00 'java/lang/invoke/LambdaForm$DMH+0x0000020e0319fc00'
Event: 10.230 Thread 0x0000020e69f5da90 Unloading class 0x0000020e0319ec00 'java/lang/invoke/LambdaForm$DMH+0x0000020e0319ec00'
Event: 13.471 Thread 0x0000020e69f5da90 Unloading class 0x0000020e032d4400 'java/lang/invoke/LambdaForm$MH+0x0000020e032d4400'
Event: 13.471 Thread 0x0000020e69f5da90 Unloading class 0x0000020e032d3400 'java/lang/invoke/LambdaForm$MH+0x0000020e032d3400'
Event: 13.471 Thread 0x0000020e69f5da90 Unloading class 0x0000020e032d2400 'java/lang/invoke/LambdaForm$MH+0x0000020e032d2400'
Event: 13.471 Thread 0x0000020e69f5da90 Unloading class 0x0000020e032cec00 'java/lang/invoke/LambdaForm$MH+0x0000020e032cec00'
Event: 13.471 Thread 0x0000020e69f5da90 Unloading class 0x0000020e032ce400 'java/lang/invoke/LambdaForm$MH+0x0000020e032ce400'
Event: 13.471 Thread 0x0000020e69f5da90 Unloading class 0x0000020e032cdc00 'java/lang/invoke/LambdaForm$MH+0x0000020e032cdc00'
Event: 13.471 Thread 0x0000020e69f5da90 Unloading class 0x0000020e032cd800 'java/lang/invoke/LambdaForm$MH+0x0000020e032cd800'

Classes redefined (0 events):
No events

Internal exceptions (20 events):
Event: 38.574 Thread 0x0000020e4df9b960 Exception <a 'sun/nio/fs/WindowsException'{0x00000000eab9ebb8}> (0x00000000eab9ebb8) 
thrown [s\src\hotspot\share\prims\jni.cpp, line 520]
Event: 38.579 Thread 0x0000020e4df9b960 Exception <a 'java/lang/IncompatibleClassChangeError'{0x00000000eabc1b90}: Found class java.lang.Object, but interface was expected> (0x00000000eabc1b90) 
thrown [s\src\hotspot\share\interpreter\linkResolver.cpp, line 840]
Event: 38.987 Thread 0x0000020e4b147d10 Exception <a 'java/lang/NoSuchMethodError'{0x00000000eabc5cf0}: 'java.lang.Object java.lang.invoke.DirectMethodHandle$Holder.invokeSpecial(java.lang.Object, java.lang.Object, int, long)'> (0x00000000eabc5cf0) 
thrown [s\src\hotspot\share\interpreter\linkResolver.cpp, line 773]
Event: 39.088 Thread 0x0000020e58dca410 Exception <a 'java/lang/NoSuchMethodError'{0x00000000eac72788}: 'int java.lang.invoke.Invokers$Holder.invokeExact_MT(java.lang.Object, java.lang.Object)'> (0x00000000eac72788) 
thrown [s\src\hotspot\share\interpreter\linkResolver.cpp, line 773]
Event: 41.498 Thread 0x0000020e58dca410 Exception <a 'java/lang/IncompatibleClassChangeError'{0x00000000eb227cc0}: Found class java.lang.Object, but interface was expected> (0x00000000eb227cc0) 
thrown [s\src\hotspot\share\interpreter\linkResolver.cpp, line 840]
Event: 41.711 Thread 0x0000020e4b145c40 Exception <a 'sun/nio/fs/WindowsException'{0x00000000eab3cc30}> (0x00000000eab3cc30) 
thrown [s\src\hotspot\share\prims\jni.cpp, line 520]
Event: 41.737 Thread 0x0000020e4b145c40 Implicit null exception at 0x0000020e7769a3c0 to 0x0000020e7769ab4c
Event: 41.821 Thread 0x0000020e4b145c40 Exception <a 'sun/nio/fs/WindowsException'{0x00000000eac355f8}> (0x00000000eac355f8) 
thrown [s\src\hotspot\share\prims\jni.cpp, line 520]
Event: 41.914 Thread 0x0000020e4b145c40 Exception <a 'sun/nio/fs/WindowsException'{0x00000000eb2b1d50}> (0x00000000eb2b1d50) 
thrown [s\src\hotspot\share\prims\jni.cpp, line 520]
Event: 41.997 Thread 0x0000020e4b145c40 Exception <a 'sun/nio/fs/WindowsException'{0x00000000eb4709a0}> (0x00000000eb4709a0) 
thrown [s\src\hotspot\share\prims\jni.cpp, line 520]
Event: 42.043 Thread 0x0000020e4b145c40 Exception <a 'sun/nio/fs/WindowsException'{0x00000000eb43f9f0}> (0x00000000eb43f9f0) 
thrown [s\src\hotspot\share\prims\jni.cpp, line 520]
Event: 42.082 Thread 0x0000020e4b145c40 Exception <a 'sun/nio/fs/WindowsException'{0x00000000eaea42b8}> (0x00000000eaea42b8) 
thrown [s\src\hotspot\share\prims\jni.cpp, line 520]
Event: 42.109 Thread 0x0000020e4b145c40 Exception <a 'sun/nio/fs/WindowsException'{0x00000000eb27ba18}> (0x00000000eb27ba18) 
thrown [s\src\hotspot\share\prims\jni.cpp, line 520]
Event: 42.224 Thread 0x0000020e4b145c40 Exception <a 'sun/nio/fs/WindowsException'{0x00000000eafe8ca8}> (0x00000000eafe8ca8) 
thrown [s\src\hotspot\share\prims\jni.cpp, line 520]
Event: 42.483 Thread 0x0000020e4b146960 Implicit null exception at 0x0000020e7757e360 to 0x0000020e7757e3b4
Event: 43.621 Thread 0x0000020e4df9b960 Exception <a 'java/lang/IncompatibleClassChangeError'{0x00000000eaf8e628}: Found class java.lang.Object, but interface was expected> (0x00000000eaf8e628) 
thrown [s\src\hotspot\share\interpreter\linkResolver.cpp, line 840]
Event: 43.713 Thread 0x0000020e58dca410 Implicit null exception at 0x0000020e7754ee60 to 0x0000020e7754eeb9
Event: 43.895 Thread 0x0000020e4b1455b0 Exception <a 'java/lang/NoSuchMethodError'{0x00000000eb1cb428}: 'java.lang.Object java.lang.invoke.DirectMethodHandle$Holder.invokeStatic(java.lang.Object, java.lang.Object, int, java.lang.Object)'> (0x00000000eb1cb428) 
thrown [s\src\hotspot\share\interpreter\linkResolver.cpp, line 773]
Event: 43.895 Thread 0x0000020e4b1455b0 Exception <a 'java/lang/NoSuchMethodError'{0x00000000eb216908}: 'java.lang.Object java.lang.invoke.DirectMethodHandle$Holder.newInvokeSpecial(java.lang.Object, java.lang.Object, int)'> (0x00000000eb216908) 
thrown [s\src\hotspot\share\interpreter\linkResolver.cpp, line 773]
Event: 43.995 Thread 0x0000020e4df9b960 Exception <a 'java/lang/IncompatibleClassChangeError'{0x00000000eb1b6130}: Found class java.lang.Object, but interface was expected> (0x00000000eb1b6130) 
thrown [s\src\hotspot\share\interpreter\linkResolver.cpp, line 840]

ZGC Phase Switch (0 events):
No events

VM Operations (20 events):
Event: 42.937 Executing VM operation: ParallelGCFailedAllocation (Allocation Failure) done
Event: 42.992 Executing VM operation: ParallelGCFailedAllocation (Allocation Failure)
Event: 42.995 Executing VM operation: ParallelGCFailedAllocation (Allocation Failure) done
Event: 43.229 Executing VM operation: ParallelGCFailedAllocation (Allocation Failure)
Event: 43.235 Executing VM operation: ParallelGCFailedAllocation (Allocation Failure) done
Event: 43.334 Executing VM operation: ParallelGCFailedAllocation (Allocation Failure)
Event: 43.338 Executing VM operation: ParallelGCFailedAllocation (Allocation Failure) done
Event: 43.378 Executing VM operation: ParallelGCFailedAllocation (Allocation Failure)
Event: 43.382 Executing VM operation: ParallelGCFailedAllocation (Allocation Failure) done
Event: 43.469 Executing VM operation: ParallelGCFailedAllocation (Allocation Failure)
Event: 43.472 Executing VM operation: ParallelGCFailedAllocation (Allocation Failure) done
Event: 43.737 Executing VM operation: ParallelGCFailedAllocation (Allocation Failure)
Event: 43.741 Executing VM operation: ParallelGCFailedAllocation (Allocation Failure) done
Event: 43.850 Executing VM operation: ParallelGCFailedAllocation (Allocation Failure)
Event: 43.855 Executing VM operation: ParallelGCFailedAllocation (Allocation Failure) done
Event: 43.929 Executing VM operation: ParallelGCFailedAllocation (Allocation Failure)
Event: 43.935 Executing VM operation: ParallelGCFailedAllocation (Allocation Failure) done
Event: 44.051 Executing VM operation: ParallelGCFailedAllocation (Allocation Failure)
Event: 44.056 Executing VM operation: ParallelGCFailedAllocation (Allocation Failure) done
Event: 44.160 Executing VM operation: ParallelGCFailedAllocation (Allocation Failure)

Memory protections (0 events):
No events

Nmethod flushes (20 events):
Event: 29.445 Thread 0x0000020e69f5da90 flushing  nmethod 0x0000020e6fd6cf90
Event: 29.445 Thread 0x0000020e69f5da90 flushing  nmethod 0x0000020e6fd6d510
Event: 29.445 Thread 0x0000020e69f5da90 flushing  nmethod 0x0000020e6fd6d890
Event: 29.445 Thread 0x0000020e69f5da90 flushing  nmethod 0x0000020e6fd6dd90
Event: 29.445 Thread 0x0000020e69f5da90 flushing  nmethod 0x0000020e6fd6ec90
Event: 29.445 Thread 0x0000020e69f5da90 flushing  nmethod 0x0000020e6fd6f290
Event: 29.445 Thread 0x0000020e69f5da90 flushing  nmethod 0x0000020e6fd74490
Event: 29.445 Thread 0x0000020e69f5da90 flushing  nmethod 0x0000020e6fd75010
Event: 29.445 Thread 0x0000020e69f5da90 flushing  nmethod 0x0000020e6fd75810
Event: 29.445 Thread 0x0000020e69f5da90 flushing  nmethod 0x0000020e6fd77110
Event: 29.445 Thread 0x0000020e69f5da90 flushing  nmethod 0x0000020e6fd79890
Event: 29.445 Thread 0x0000020e69f5da90 flushing  nmethod 0x0000020e6fda2510
Event: 29.445 Thread 0x0000020e69f5da90 flushing  nmethod 0x0000020e6fdb0590
Event: 29.445 Thread 0x0000020e69f5da90 flushing  nmethod 0x0000020e6fdb3a90
Event: 29.445 Thread 0x0000020e69f5da90 flushing  nmethod 0x0000020e6fdb4710
Event: 29.445 Thread 0x0000020e69f5da90 flushing  nmethod 0x0000020e6fdc1090
Event: 29.445 Thread 0x0000020e69f5da90 flushing  nmethod 0x0000020e6fdca210
Event: 29.445 Thread 0x0000020e69f5da90 flushing  nmethod 0x0000020e6fdf2d90
Event: 29.445 Thread 0x0000020e69f5da90 flushing  nmethod 0x0000020e6fdf6590
Event: 29.445 Thread 0x0000020e69f5da90 flushing  nmethod 0x0000020e6fe31910

Events (20 events):
Event: 31.376 Thread 0x0000020e4d39b480 Thread exited: 0x0000020e4d39b480
Event: 31.486 Thread 0x0000020e4e84f9e0 Thread exited: 0x0000020e4e84f9e0
Event: 31.754 Thread 0x0000020e7e62c9f0 Thread added: 0x0000020e4cf118f0
Event: 33.079 Thread 0x0000020e4cf118f0 Thread added: 0x0000020e4d3a3470
Event: 33.383 Thread 0x0000020e4d3a3470 Thread exited: 0x0000020e4d3a3470
Event: 33.383 Thread 0x0000020e4cf118f0 Thread exited: 0x0000020e4cf118f0
Event: 33.929 Thread 0x0000020e7e62c9f0 Thread added: 0x0000020e4d3a3470
Event: 36.121 Thread 0x0000020e4d3a3470 Thread exited: 0x0000020e4d3a3470
Event: 36.915 Thread 0x0000020e7e62c9f0 Thread added: 0x0000020e4dc56a10
Event: 37.106 Thread 0x0000020e4dc56a10 Thread exited: 0x0000020e4dc56a10
Event: 37.567 Thread 0x0000020e7e62c9f0 Thread added: 0x0000020e59586f60
Event: 37.658 Thread 0x0000020e4d533950 Thread exited: 0x0000020e4d533950
Event: 38.407 Thread 0x0000020e59586f60 Thread exited: 0x0000020e59586f60
Event: 38.582 Thread 0x0000020e4df9b960 Thread added: 0x0000020e58dca410
Event: 39.153 Thread 0x0000020e7e62c9f0 Thread added: 0x0000020e59586f60
Event: 41.832 Thread 0x0000020e4b147d10 Thread added: 0x0000020e58dcaaa0
Event: 42.423 Thread 0x0000020e4b146960 Thread added: 0x0000020e58dcb130
Event: 42.423 Thread 0x0000020e58dca410 Thread added: 0x0000020e58dcbe50
Event: 44.134 Thread 0x0000020e4df9b960 Thread added: 0x0000020e58dcc4e0
Event: 44.134 Thread 0x0000020e4df9b960 Thread added: 0x0000020e58dc9060


Dynamic libraries:
0x00007ff7bf480000 - 0x00007ff7bf48e000 	c:\Users\정호정\.vscode\extensions\redhat.java-1.39.0-win32-x64\jre\21.0.5-win32-x86_64\bin\java.exe
0x00007ffcdaae0000 - 0x00007ffcdacd0000 	C:\windows\SYSTEM32\ntdll.dll
0x00007ffcda900000 - 0x00007ffcda9b2000 	C:\windows\System32\KERNEL32.DLL
0x00007ffcd87f0000 - 0x00007ffcd8a95000 	C:\windows\System32\KERNELBASE.dll
0x00007ffcd7c30000 - 0x00007ffcd7d2a000 	C:\windows\System32\ucrtbase.dll
0x00007ffcc8180000 - 0x00007ffcc8198000 	c:\Users\정호정\.vscode\extensions\redhat.java-1.39.0-win32-x64\jre\21.0.5-win32-x86_64\bin\jli.dll
0x00007ffcd8b90000 - 0x00007ffcd8d24000 	C:\windows\System32\USER32.dll
0x00007ffcd8730000 - 0x00007ffcd8751000 	C:\windows\System32\win32u.dll
0x00007ffcd9380000 - 0x00007ffcd93a6000 	C:\windows\System32\GDI32.dll
0x00007ffcd84e0000 - 0x00007ffcd8678000 	C:\windows\System32\gdi32full.dll
0x00007ffcc5750000 - 0x00007ffcc576e000 	c:\Users\정호정\.vscode\extensions\redhat.java-1.39.0-win32-x64\jre\21.0.5-win32-x86_64\bin\VCRUNTIME140.dll
0x00007ffcd8aa0000 - 0x00007ffcd8b3e000 	C:\windows\System32\msvcp_win.dll
0x00007ffcc3040000 - 0x00007ffcc32c4000 	C:\windows\WinSxS\amd64_microsoft.windows.common-controls_6595b64144ccf1df_6.0.18362.1556_none_9e7e372fe45e41d5\COMCTL32.dll
0x00007ffcd8db0000 - 0x00007ffcd8e4e000 	C:\windows\System32\msvcrt.dll
0x00007ffcd8e50000 - 0x00007ffcd9186000 	C:\windows\System32\combase.dll
0x00007ffcd93b0000 - 0x00007ffcd94cf000 	C:\windows\System32\RPCRT4.dll
0x00007ffcd8760000 - 0x00007ffcd87e1000 	C:\windows\System32\bcryptPrimitives.dll
0x00007ffcda720000 - 0x00007ffcda74e000 	C:\windows\System32\IMM32.DLL
0x00007ffcccfe0000 - 0x00007ffcccfec000 	c:\Users\정호정\.vscode\extensions\redhat.java-1.39.0-win32-x64\jre\21.0.5-win32-x86_64\bin\vcruntime140_1.dll
0x00007ffc98c10000 - 0x00007ffc98c9d000 	c:\Users\정호정\.vscode\extensions\redhat.java-1.39.0-win32-x64\jre\21.0.5-win32-x86_64\bin\msvcp140.dll
0x00007ffc6c620000 - 0x00007ffc6d3af000 	c:\Users\정호정\.vscode\extensions\redhat.java-1.39.0-win32-x64\jre\21.0.5-win32-x86_64\bin\server\jvm.dll
0x00007ffcd92d0000 - 0x00007ffcd9373000 	C:\windows\System32\ADVAPI32.dll
0x00007ffcd9f80000 - 0x00007ffcda017000 	C:\windows\System32\sechost.dll
0x00007ffcd7a00000 - 0x00007ffcd7a4a000 	C:\windows\System32\POWRPROF.dll
0x00007ffcd7990000 - 0x00007ffcd79a0000 	C:\windows\System32\UMPDC.dll
0x00007ffcdaa30000 - 0x00007ffcdaa9f000 	C:\windows\System32\WS2_32.dll
0x00007ffcccf40000 - 0x00007ffcccf64000 	C:\windows\SYSTEM32\WINMM.dll
0x00007ffccd040000 - 0x00007ffccd04a000 	C:\windows\SYSTEM32\VERSION.dll
0x00007ffcccf10000 - 0x00007ffcccf3d000 	C:\windows\SYSTEM32\WINMMBASE.dll
0x00007ffcd8b40000 - 0x00007ffcd8b8a000 	C:\windows\System32\cfgmgr32.dll
0x00007ffcd79a0000 - 0x00007ffcd79b1000 	C:\windows\System32\kernel.appcore.dll
0x00007ffcccfa0000 - 0x00007ffcccfaa000 	c:\Users\정호정\.vscode\extensions\redhat.java-1.39.0-win32-x64\jre\21.0.5-win32-x86_64\bin\jimage.dll
0x00007ffcd3230000 - 0x00007ffcd3424000 	C:\windows\SYSTEM32\DBGHELP.DLL
0x00007ffcc1140000 - 0x00007ffcc116a000 	C:\windows\SYSTEM32\dbgcore.DLL
0x00007ffcd0ed0000 - 0x00007ffcd0edf000 	c:\Users\정호정\.vscode\extensions\redhat.java-1.39.0-win32-x64\jre\21.0.5-win32-x86_64\bin\instrument.dll
0x00007ffcc4d00000 - 0x00007ffcc4d1f000 	c:\Users\정호정\.vscode\extensions\redhat.java-1.39.0-win32-x64\jre\21.0.5-win32-x86_64\bin\java.dll
0x00007ffcd9610000 - 0x00007ffcd9cf7000 	C:\windows\System32\SHELL32.dll
0x00007ffcda670000 - 0x00007ffcda718000 	C:\windows\System32\shcore.dll
0x00007ffcd7d30000 - 0x00007ffcd84ab000 	C:\windows\System32\windows.storage.dll
0x00007ffcd79c0000 - 0x00007ffcd79de000 	C:\windows\System32\profapi.dll
0x00007ffcd91a0000 - 0x00007ffcd91f2000 	C:\windows\System32\shlwapi.dll
0x00007ffcd7bb0000 - 0x00007ffcd7bc7000 	C:\windows\System32\cryptsp.dll
0x00007ffcc2f80000 - 0x00007ffcc2f98000 	c:\Users\정호정\.vscode\extensions\redhat.java-1.39.0-win32-x64\jre\21.0.5-win32-x86_64\bin\zip.dll
0x00007ffcca3c0000 - 0x00007ffcca3d0000 	C:\Users\정호정\.vscode\extensions\redhat.java-1.39.0-win32-x64\jre\21.0.5-win32-x86_64\bin\net.dll
0x00007ffcd0090000 - 0x00007ffcd018a000 	C:\windows\SYSTEM32\WINHTTP.dll
0x00007ffcd71d0000 - 0x00007ffcd7237000 	C:\windows\system32\mswsock.dll
0x00007ffcc0be0000 - 0x00007ffcc0bf6000 	C:\Users\정호정\.vscode\extensions\redhat.java-1.39.0-win32-x64\jre\21.0.5-win32-x86_64\bin\nio.dll
0x00007ffcc64e0000 - 0x00007ffcc64f0000 	c:\Users\정호정\.vscode\extensions\redhat.java-1.39.0-win32-x64\jre\21.0.5-win32-x86_64\bin\verify.dll
0x00007ffcc3b20000 - 0x00007ffcc3b65000 	C:\Users\정호정\AppData\Roaming\Code\User\globalStorage\redhat.java\1.39.0\config_win\org.eclipse.equinox.launcher\org.eclipse.equinox.launcher.win32.win32.x86_64_1.2.1100.v20240722-2106\eclipse_11904.dll
0x00007ffcda4f0000 - 0x00007ffcda647000 	C:\windows\System32\ole32.dll
0x00007ffcd6d50000 - 0x00007ffcd6d83000 	C:\windows\system32\rsaenh.dll
0x00007ffcd84b0000 - 0x00007ffcd84d6000 	C:\windows\System32\bcrypt.dll
0x00007ffcd7880000 - 0x00007ffcd78a5000 	C:\windows\SYSTEM32\USERENV.dll
0x00007ffcd73a0000 - 0x00007ffcd73ac000 	C:\windows\SYSTEM32\CRYPTBASE.dll
0x00007ffcd6ee0000 - 0x00007ffcd6f1a000 	C:\windows\SYSTEM32\IPHLPAPI.DLL
0x00007ffcd9d00000 - 0x00007ffcd9d08000 	C:\windows\System32\NSI.dll
0x00007ffcbfb50000 - 0x00007ffcbfb99000 	C:\Users\정호정\AppData\Local\Temp\jna-50974642\jna6107656832532108263.dll
0x00007ffcd9190000 - 0x00007ffcd9198000 	C:\windows\System32\PSAPI.DLL
0x00007ffccd050000 - 0x00007ffccd066000 	C:\windows\SYSTEM32\dhcpcsvc6.DLL
0x00007ffccde10000 - 0x00007ffccde2c000 	C:\windows\SYSTEM32\dhcpcsvc.DLL
0x00007ffcac950000 - 0x00007ffcac977000 	C:\Users\정호정\.gradle\native\c067742578af261105cb4f569cf0c3c89f3d7b1fecec35dd04571415982c5e48\windows-amd64\native-platform.dll
0x00007ffcc6af0000 - 0x00007ffcc6afa000 	C:\Users\정호정\.vscode\extensions\redhat.java-1.39.0-win32-x64\jre\21.0.5-win32-x86_64\bin\management.dll
0x00007ffcc6a70000 - 0x00007ffcc6a7b000 	C:\Users\정호정\.vscode\extensions\redhat.java-1.39.0-win32-x64\jre\21.0.5-win32-x86_64\bin\management_ext.dll

dbghelp: loaded successfully - version: 4.0.5 - missing functions: none
symbol engine: initialized successfully - sym options: 0x614 - pdb path: .;c:\Users\정호정\.vscode\extensions\redhat.java-1.39.0-win32-x64\jre\21.0.5-win32-x86_64\bin;C:\windows\SYSTEM32;C:\windows\WinSxS\amd64_microsoft.windows.common-controls_6595b64144ccf1df_6.0.18362.1556_none_9e7e372fe45e41d5;c:\Users\정호정\.vscode\extensions\redhat.java-1.39.0-win32-x64\jre\21.0.5-win32-x86_64\bin\;c:\Users\정호정\.vscode\extensions\redhat.java-1.39.0-win32-x64\jre\21.0.5-win32-x86_64\b;c:\Users\정호정\.vscode\extensions\redhat.java-1.39.0-win32-x64\jre\21.0.5-win32-x86_6;c:\Users\정호정\.vscode\extensions\redhat.java-1.39.0-win32-x64\jre\21.0.5-win32-x8;c:\Users\정호정\.vscode\extensions\redhat.java-1.39.0-win32-x64\jre\21.0.5-win32;c:\Users\정호정\.vscode\extensions\redhat.java-1.39.0-win32-x64\jre\21.0.5-wi;c:\Users\정호정\.vscode\extensions\redhat.java-1.39.0-win32-x64\jre\21.0.5-win32-x86_64\bin\server;C:\Users\정호정\AppData\Roaming\Code\User\globalStorage\redhat.java\1.39.0\config_win\org.eclipse.equinox.launcher\org.eclipse.equinox.launcher.win32.win32.x86;C:\Users\정호정\AppData\Roaming\Code\User\globalStorage\redhat.java\1.39.0\config_win\org.eclipse.equinox.launcher\org.eclipse.equinox.launcher.win32.win32.x86_64_1.2.1100.v20240722-2106;C:\Users\정호?C:\Users\정호정\AppData\Local\Temp\jna-50974642;C:\Users\정호정\.gradle\native\c067742578af261105cb4f569cf0c3c89f3d7b1f;C:\Users\정호정\AppData\Local\Temp\jna-50974642;C:\Users\정호정\.gradle\native\c067742578af261105cb4f569cf0c3c89f;C:\Users\정호정\.gradle\native\c067742578af261105cb4f569cf0c3c

VM Arguments:
jvm_args: --add-modules=ALL-SYSTEM --add-opens=java.base/java.util=ALL-UNNAMED --add-opens=java.base/java.lang=ALL-UNNAMED --add-opens=java.base/sun.nio.fs=ALL-UNNAMED -Declipse.application=org.eclipse.jdt.ls.core.id1 -Dosgi.bundles.defaultStartLevel=4 -Declipse.product=org.eclipse.jdt.ls.core.product -Djava.import.generatesMetadataFilesAtProjectRoot=false -DDetectVMInstallationsJob.disabled=true -Dfile.encoding=utf8 -XX:+UseParallelGC -XX:GCTimeRatio=4 -XX:AdaptiveSizePolicyWeight=90 -Dsun.zip.disableMemoryMapping=true -Xmx1G -Xms100m -Xlog:disable -javaagent:c:\Users\정호정\.vscode\extensions\redhat.java-1.39.0-win32-x64\lombok\lombok-1.18.34.jar -XX:+HeapDumpOnOutOfMemoryError -XX:HeapDumpPath=c:\Users\정호정\AppData\Roaming\Code\User\workspaceStorage\5f876e61def9000ba0f118a0751d2544\redhat.java -Daether.dependencyCollector.impl=bf 
java_command: c:\Users\정호정\.vscode\extensions\redhat.java-1.39.0-win32-x64\server\plugins\org.eclipse.equinox.launcher_1.6.900.v20240613-2009.jar -configuration c:\Users\정호정\AppData\Roaming\Code\User\globalStorage\redhat.java\1.39.0\config_win -data c:\Users\정호정\AppData\Roaming\Code\User\workspaceStorage\5f876e61def9000ba0f118a0751d2544\redhat.java\jdt_ws --pipe=\\.\pipe\lsp-0d6ec8a21f62ab446e4e4ea2f4bc6c9c-sock
java_class_path (initial): c:\Users\정호정\.vscode\extensions\redhat.java-1.39.0-win32-x64\server\plugins\org.eclipse.equinox.launcher_1.6.900.v20240613-2009.jar
Launcher Type: SUN_STANDARD

[Global flags]
    uintx AdaptiveSizePolicyWeight                 = 90                                        {product} {command line}
     intx CICompilerCount                          = 4                                         {product} {ergonomic}
    uintx GCTimeRatio                              = 4                                         {product} {command line}
     bool HeapDumpOnOutOfMemoryError               = true                                   {manageable} {command line}
    ccstr HeapDumpPath                             = c:\Users\정호정\AppData\Roaming\Code\User\workspaceStorage\5f876e61def9000ba0f118a0751d2544\redhat.java         {manageable} {command line}
   size_t InitialHeapSize                          = 104857600                                 {product} {command line}
   size_t MaxHeapSize                              = 1073741824                                {product} {command line}
   size_t MaxNewSize                               = 357564416                                 {product} {ergonomic}
   size_t MinHeapDeltaBytes                        = 524288                                    {product} {ergonomic}
   size_t MinHeapSize                              = 104857600                                 {product} {command line}
   size_t NewSize                                  = 34603008                                  {product} {ergonomic}
    uintx NonNMethodCodeHeapSize                   = 5839372                                {pd product} {ergonomic}
    uintx NonProfiledCodeHeapSize                  = 122909434                              {pd product} {ergonomic}
   size_t OldSize                                  = 70254592                                  {product} {ergonomic}
    uintx ProfiledCodeHeapSize                     = 122909434                              {pd product} {ergonomic}
    uintx ReservedCodeCacheSize                    = 251658240                              {pd product} {ergonomic}
     bool SegmentedCodeCache                       = true                                      {product} {ergonomic}
   size_t SoftMaxHeapSize                          = 1073741824                             {manageable} {ergonomic}
     bool UseCompressedOops                        = true                           {product lp64_product} {ergonomic}
     bool UseLargePagesIndividualAllocation        = false                                  {pd product} {ergonomic}
     bool UseParallelGC                            = true                                      {product} {command line}

Logging:
Log output configuration:
 #0: stdout all=off uptime,level,tags foldmultilines=false
 #1: stderr all=off uptime,level,tags foldmultilines=false

Environment Variables:
JAVA_HOME=C:\Program Files\Eclipse Adoptium\jdk-17.0.12.7-hotspot\
CLASSPATH=C:\Program Files\Eclipse Adoptium\jdk-17.0.12.7-hotspot\\lib
PATH=C:\Program Files\Eclipse Adoptium\jdk-17.0.12.7-hotspot\bin;C:\WinAVR-20100110\bin;C:\WinAVR-20100110\utils\bin;C:\windows\system32;C:\windows;C:\windows\System32\Wbem;C:\windows\System32\WindowsPowerShell\v1.0\;C:\windows\System32\OpenSSH\;C:\Program Files (x86)\NVIDIA Corporation\PhysX\Common;C:\Program Files\NVIDIA Corporation\NVIDIA NvDLISR;C:\Program Files\Intel\WiFi\bin\;C:\Program Files\Common Files\Intel\WirelessCommon\;C:\User\Anaconda3;C:\User\Anaconda3\condabin;C:\User\Anaconda3\Library\bin;C:\User\Scripts;C:\Program Files\openjdk-16_windows-x64_bin\jdk-16\bin;C:\Program Files\Microsoft SQL Server\Client SDK\ODBC\170\Tools\Binn\;C:\Program Files\dotnet\;C:\Program Files\MySQL\MySQL Server 8.0\bin;C:\Program Files\Microsoft SQL Server\130\Tools\Binn\;C:\Program Files\Git\cmd;C:\user\lib\site-packages\torch;C:\Program Files\Microsoft SQL Server\150\Tools\Binn\;C:\Program Files\nodejs\;C:\Users\정호정\AppData\Local\Packages\PythonSoftwareFoundation.Python.3.8_qbz5n2kfra8p0\LocalCache\local-packages\Python38\Scripts;C:\platform-tools\;C:\SDK\platform-tools;C:\SDK\tools;C:\Users\정호정\AppData\Local\Microsoft\WindowsApps;C:\Program Files\JetBrains\PyCharm Community Edition 2020.2.1\bin;;C:\Users\정호정\.dotnet\tools;C:\Users\정호정\AppData\Local\Programs\Microsoft VS Code\bin;C:\Users\정호정\AppData\Roaming\npm;C:\SDK\platform-tools;C:\SDK;
USERNAME=정호정
OS=Windows_NT
PROCESSOR_IDENTIFIER=Intel64 Family 6 Model 142 Stepping 12, GenuineIntel
TMP=C:\Users\정호정\AppData\Local\Temp
TEMP=C:\Users\정호정\AppData\Local\Temp




Periodic native trim disabled

---------------  S Y S T E M  ---------------

OS:
 Windows 10 , 64 bit Build 18362 (10.0.18362.1500)
OS uptime: 28 days 5:29 hours

CPU: total 8 (initial active 8) (4 cores per cpu, 2 threads per core) family 6 model 142 stepping 12 microcode 0xde, cx8, cmov, fxsr, ht, mmx, 3dnowpref, sse, sse2, sse3, ssse3, sse4.1, sse4.2, popcnt, lzcnt, tsc, tscinvbit, avx, avx2, aes, erms, clmul, bmi1, bmi2, adx, fma, vzeroupper, clflush, clflushopt, rdtscp, f16c
Processor Information for all 8 processors :
  Max Mhz: 2112, Current Mhz: 1609, Mhz Limit: 1605

Memory: 4k page, system-wide physical 8001M (413M free)
TotalPageFile size 32577M (AvailPageFile size 12M)
current process WorkingSet (physical memory assigned to process): 808M, peak: 808M
current process commit charge ("private bytes"): 754M, peak: 757M

vm_info: OpenJDK 64-Bit Server VM (21.0.5+11-LTS) for windows-amd64 JRE (21.0.5+11-LTS), built on 2024-10-15T00:00:00Z by "admin" with MS VC++ 17.7 (VS2022)

END.
