#
# There is insufficient memory for the Java Runtime Environment to continue.
# Native memory allocation (malloc) failed to allocate 1187664 bytes. Error detail: Chunk::new
# Possible reasons:
#   The system is out of physical RAM or swap space
#   This process is running with CompressedOops enabled, and the Java Heap may be blocking the growth of the native heap
# Possible solutions:
#   Reduce memory load on the system
#   Increase physical memory or swap space
#   Check if swap backing store is full
#   Decrease Java heap size (-Xmx/-Xms)
#   Decrease number of Java threads
#   Decrease Java thread stack sizes (-Xss)
#   Set larger code cache with -XX:ReservedCodeCacheSize=
#   JVM is running with Unscaled Compressed Oops mode in which the Java heap is
#     placed in the first 4GB address space. The Java Heap base address is the
#     maximum limit for the native heap growth. Please use -XX:HeapBaseMinAddress
#     to set the Java Heap base and to place the Java Heap above 4GB virtual address.
# This output file may be truncated or incomplete.
#
#  Out of Memory Error (arena.cpp:168), pid=23208, tid=40388
#
# JRE version: OpenJDK Runtime Environment Temurin-21.0.5+11 (21.0.5+11) (build 21.0.5+11-LTS)
# Java VM: OpenJDK 64-Bit Server VM Temurin-21.0.5+11 (21.0.5+11-LTS, mixed mode, sharing, tiered, compressed oops, compressed class ptrs, parallel gc, windows-amd64)
# No core dump will be written. Minidumps are not enabled by default on client versions of Windows
#

---------------  S U M M A R Y ------------

Command Line: --add-modules=ALL-SYSTEM --add-opens=java.base/java.util=ALL-UNNAMED --add-opens=java.base/java.lang=ALL-UNNAMED --add-opens=java.base/sun.nio.fs=ALL-UNNAMED -Declipse.application=org.eclipse.jdt.ls.core.id1 -Dosgi.bundles.defaultStartLevel=4 -Declipse.product=org.eclipse.jdt.ls.core.product -Djava.import.generatesMetadataFilesAtProjectRoot=false -DDetectVMInstallationsJob.disabled=true -Dfile.encoding=utf8 -XX:+UseParallelGC -XX:GCTimeRatio=4 -XX:AdaptiveSizePolicyWeight=90 -Dsun.zip.disableMemoryMapping=true -Xmx1G -Xms100m -Xlog:disable -javaagent:c:\Users\정호정\.vscode\extensions\redhat.java-1.39.0-win32-x64\lombok\lombok-1.18.34.jar -XX:+HeapDumpOnOutOfMemoryError -XX:HeapDumpPath=c:\Users\정호정\AppData\Roaming\Code\User\workspaceStorage\5f876e61def9000ba0f118a0751d2544\redhat.java -Daether.dependencyCollector.impl=bf c:\Users\정호정\.vscode\extensions\redhat.java-1.39.0-win32-x64\server\plugins\org.eclipse.equinox.launcher_1.6.900.v20240613-2009.jar -configuration c:\Users\정호정\AppData\Roaming\Code\User\globalStorage\redhat.java\1.39.0\config_win -data c:\Users\정호정\AppData\Roaming\Code\User\workspaceStorage\5f876e61def9000ba0f118a0751d2544\redhat.java\jdt_ws --pipe=\\.\pipe\lsp-1cbc7e2ac6741ecafe7802720a1f112b-sock

Host: Intel(R) Core(TM) i5-10210U CPU @ 1.60GHz, 8 cores, 7G,  Windows 10 , 64 bit Build 18362 (10.0.18362.1500)
Time: Fri Jan 24 15:49:38 2025 대한민국 표준시 elapsed time: 49.179714 seconds (0d 0h 0m 49s)

---------------  T H R E A D  ---------------

Current thread (0x000001cd98e6e000):  JavaThread "C2 CompilerThread0" daemon [_thread_in_native, id=40388, stack(0x0000000b53a00000,0x0000000b53b00000) (1024K)]


Current CompileTask:
C2:49179 10472   !   4       org.eclipse.jdt.internal.core.util.DeduplicationUtil::intern (149 bytes)

Stack: [0x0000000b53a00000,0x0000000b53b00000]
Native frames: (J=compiled Java code, j=interpreted, Vv=VM code, C=native code)
V  [jvm.dll+0x6cd4e9]
V  [jvm.dll+0x8a7941]
V  [jvm.dll+0x8a9e6e]
V  [jvm.dll+0x8aa543]
V  [jvm.dll+0x27f6d6]
V  [jvm.dll+0xc500d]
V  [jvm.dll+0xc5543]
V  [jvm.dll+0x3b660c]
V  [jvm.dll+0x382835]
V  [jvm.dll+0x381c9a]
V  [jvm.dll+0x2479d0]
V  [jvm.dll+0x246faf]
V  [jvm.dll+0x1c75ce]
V  [jvm.dll+0x25682a]
V  [jvm.dll+0x254dca]
V  [jvm.dll+0x3f00d6]
V  [jvm.dll+0x8514fb]
V  [jvm.dll+0x6cbbed]
C  [ucrtbase.dll+0x210b2]
C  [KERNEL32.DLL+0x17c24]
C  [ntdll.dll+0x6d721]


---------------  P R O C E S S  ---------------

Threads class SMR info:
_java_thread_list=0x000001cde9aa90c0, length=62, elements={
0x000001cd826c6610, 0x000001cd98e5d820, 0x000001cd98e5ff90, 0x000001cd98e62920,
0x000001cd98e63720, 0x000001cd98e68930, 0x000001cd98e6d1d0, 0x000001cd98e6e000,
0x000001cd98e98740, 0x000001cd849b6550, 0x000001cddbb6a350, 0x000001cde4080950,
0x000001cde3f66960, 0x000001cde3bba210, 0x000001cde3bc2eb0, 0x000001cde4212250,
0x000001cde3bfc080, 0x000001cde3639970, 0x000001cde363ad20, 0x000001cde363b3b0,
0x000001cde363ba40, 0x000001cde363c0d0, 0x000001cde5057390, 0x000001cde5058740,
0x000001cde5057a20, 0x000001cde5056670, 0x000001cde50552c0, 0x000001cde5055950,
0x000001cde5054c30, 0x000001cde505a180, 0x000001cde5058dd0, 0x000001cde5059460,
0x000001cde5055fe0, 0x000001cde5059af0, 0x000001cde50531f0, 0x000001cde505a810,
0x000001cde5053880, 0x000001cde5053f10, 0x000001cde6d4d050, 0x000001cde6d4fe40,
0x000001cde6d4af80, 0x000001cde6d4ea90, 0x000001cde6d50b60, 0x000001cde6d511f0,
0x000001cde6d51880, 0x000001cde6d51f10, 0x000001cde6d4b610, 0x000001cde6d4bca0,
0x000001cde6d4c330, 0x000001cde6d4d6e0, 0x000001cde6d4dd70, 0x000001cde363cdf0,
0x000001cde7a96fb0, 0x000001cde7a94ee0, 0x000001cde7a920f0, 0x000001cde7a97640,
0x000001cde7a989f0, 0x000001cde7a92780, 0x000001cde7a941c0, 0x000001cde7a92e10,
0x000001cde7a94850, 0x000001cde660e8c0
}

Java Threads: ( => current thread )
  0x000001cd826c6610 JavaThread "main"                              [_thread_blocked, id=6128, stack(0x0000000b53000000,0x0000000b53100000) (1024K)]
  0x000001cd98e5d820 JavaThread "Reference Handler"          daemon [_thread_blocked, id=25928, stack(0x0000000b53400000,0x0000000b53500000) (1024K)]
  0x000001cd98e5ff90 JavaThread "Finalizer"                  daemon [_thread_blocked, id=21728, stack(0x0000000b53500000,0x0000000b53600000) (1024K)]
  0x000001cd98e62920 JavaThread "Signal Dispatcher"          daemon [_thread_blocked, id=40360, stack(0x0000000b53600000,0x0000000b53700000) (1024K)]
  0x000001cd98e63720 JavaThread "Attach Listener"            daemon [_thread_blocked, id=18588, stack(0x0000000b53700000,0x0000000b53800000) (1024K)]
  0x000001cd98e68930 JavaThread "Service Thread"             daemon [_thread_blocked, id=25968, stack(0x0000000b53800000,0x0000000b53900000) (1024K)]
  0x000001cd98e6d1d0 JavaThread "Monitor Deflation Thread"   daemon [_thread_blocked, id=11292, stack(0x0000000b53900000,0x0000000b53a00000) (1024K)]
=>0x000001cd98e6e000 JavaThread "C2 CompilerThread0"         daemon [_thread_in_native, id=40388, stack(0x0000000b53a00000,0x0000000b53b00000) (1024K)]
  0x000001cd98e98740 JavaThread "C1 CompilerThread0"         daemon [_thread_blocked, id=39532, stack(0x0000000b53b00000,0x0000000b53c00000) (1024K)]
  0x000001cd849b6550 JavaThread "Common-Cleaner"             daemon [_thread_blocked, id=14576, stack(0x0000000b53c00000,0x0000000b53d00000) (1024K)]
  0x000001cddbb6a350 JavaThread "Notification Thread"        daemon [_thread_blocked, id=1380, stack(0x0000000b53d00000,0x0000000b53e00000) (1024K)]
  0x000001cde4080950 JavaThread "Active Thread: Equinox Container: 4f12d0e1-9b64-47e3-a935-142d3e4f6937"        [_thread_blocked, id=4396, stack(0x0000000b54400000,0x0000000b54500000) (1024K)]
  0x000001cde3f66960 JavaThread "Refresh Thread: Equinox Container: 4f12d0e1-9b64-47e3-a935-142d3e4f6937" daemon [_thread_blocked, id=35608, stack(0x0000000b54600000,0x0000000b54700000) (1024K)]
  0x000001cde3bba210 JavaThread "Framework Event Dispatcher: Equinox Container: 4f12d0e1-9b64-47e3-a935-142d3e4f6937" daemon [_thread_blocked, id=31112, stack(0x0000000b54700000,0x0000000b54800000) (1024K)]
  0x000001cde3bc2eb0 JavaThread "Start Level: Equinox Container: 4f12d0e1-9b64-47e3-a935-142d3e4f6937" daemon [_thread_blocked, id=10192, stack(0x0000000b54800000,0x0000000b54900000) (1024K)]
  0x000001cde4212250 JavaThread "Bundle File Closer"         daemon [_thread_blocked, id=38540, stack(0x0000000b54900000,0x0000000b54a00000) (1024K)]
  0x000001cde3bfc080 JavaThread "SCR Component Actor"        daemon [_thread_blocked, id=29992, stack(0x0000000b54a00000,0x0000000b54b00000) (1024K)]
  0x000001cde3639970 JavaThread "Worker-JM"                         [_thread_blocked, id=38844, stack(0x0000000b54c00000,0x0000000b54d00000) (1024K)]
  0x000001cde363ad20 JavaThread "JNA Cleaner"                daemon [_thread_blocked, id=26740, stack(0x0000000b54e00000,0x0000000b54f00000) (1024K)]
  0x000001cde363b3b0 JavaThread "Worker-0"                          [_thread_blocked, id=38528, stack(0x0000000b54f00000,0x0000000b55000000) (1024K)]
  0x000001cde363ba40 JavaThread "Worker-1: Java indexing... "        [_thread_blocked, id=20016, stack(0x0000000b55000000,0x0000000b55100000) (1024K)]
  0x000001cde363c0d0 JavaThread "Worker-2: Initialize Workspace"        [_thread_blocked, id=4864, stack(0x0000000b55100000,0x0000000b55200000) (1024K)]
  0x000001cde5057390 JavaThread "Java indexing"              daemon [_thread_in_Java, id=15988, stack(0x0000000b55300000,0x0000000b55400000) (1024K)]
  0x000001cde5058740 JavaThread "Worker-3: Initialize workspace"        [_thread_blocked, id=3612, stack(0x0000000b55400000,0x0000000b55500000) (1024K)]
  0x000001cde5057a20 JavaThread "Worker-4"                          [_thread_blocked, id=21144, stack(0x0000000b55500000,0x0000000b55600000) (1024K)]
  0x000001cde5056670 JavaThread "Worker-5: Publish Diagnostics"        [_thread_in_Java, id=20380, stack(0x0000000b55600000,0x0000000b55700000) (1024K)]
  0x000001cde50552c0 JavaThread "Thread-2"                   daemon [_thread_in_native, id=16864, stack(0x0000000b55700000,0x0000000b55800000) (1024K)]
  0x000001cde5055950 JavaThread "Thread-3"                   daemon [_thread_in_native, id=12324, stack(0x0000000b55800000,0x0000000b55900000) (1024K)]
  0x000001cde5054c30 JavaThread "Thread-4"                   daemon [_thread_in_native, id=5668, stack(0x0000000b55900000,0x0000000b55a00000) (1024K)]
  0x000001cde505a180 JavaThread "Thread-5"                   daemon [_thread_in_native, id=10828, stack(0x0000000b55a00000,0x0000000b55b00000) (1024K)]
  0x000001cde5058dd0 JavaThread "Thread-6"                   daemon [_thread_in_native, id=38592, stack(0x0000000b55b00000,0x0000000b55c00000) (1024K)]
  0x000001cde5059460 JavaThread "Thread-7"                   daemon [_thread_in_native, id=31892, stack(0x0000000b55c00000,0x0000000b55d00000) (1024K)]
  0x000001cde5055fe0 JavaThread "Thread-8"                   daemon [_thread_in_native, id=41164, stack(0x0000000b55d00000,0x0000000b55e00000) (1024K)]
  0x000001cde5059af0 JavaThread "Thread-9"                   daemon [_thread_in_native, id=37560, stack(0x0000000b55e00000,0x0000000b55f00000) (1024K)]
  0x000001cde50531f0 JavaThread "Thread-10"                  daemon [_thread_in_native, id=33588, stack(0x0000000b55f00000,0x0000000b56000000) (1024K)]
  0x000001cde505a810 JavaThread "pool-2-thread-1"                   [_thread_blocked, id=40620, stack(0x0000000b56000000,0x0000000b56100000) (1024K)]
  0x000001cde5053880 JavaThread "WorkspaceEventsHandler"            [_thread_blocked, id=38388, stack(0x0000000b56100000,0x0000000b56200000) (1024K)]
  0x000001cde5053f10 JavaThread "pool-1-thread-1"                   [_thread_blocked, id=34344, stack(0x0000000b56200000,0x0000000b56300000) (1024K)]
  0x000001cde6d4d050 JavaThread "LocalFile Deleter"          daemon [_thread_blocked, id=8156, stack(0x0000000b54b00000,0x0000000b54c00000) (1024K)]
  0x000001cde6d4fe40 JavaThread "LocalFile Deleter"          daemon [_thread_blocked, id=35012, stack(0x0000000b56300000,0x0000000b56400000) (1024K)]
  0x000001cde6d4af80 JavaThread "LocalFile Deleter"          daemon [_thread_blocked, id=14500, stack(0x0000000b56400000,0x0000000b56500000) (1024K)]
  0x000001cde6d4ea90 JavaThread "LocalFile Deleter"          daemon [_thread_blocked, id=36392, stack(0x0000000b56500000,0x0000000b56600000) (1024K)]
  0x000001cde6d50b60 JavaThread "LocalFile Deleter"          daemon [_thread_blocked, id=41768, stack(0x0000000b56600000,0x0000000b56700000) (1024K)]
  0x000001cde6d511f0 JavaThread "LocalFile Deleter"          daemon [_thread_blocked, id=37140, stack(0x0000000b56700000,0x0000000b56800000) (1024K)]
  0x000001cde6d51880 JavaThread "LocalFile Deleter"          daemon [_thread_blocked, id=12780, stack(0x0000000b56800000,0x0000000b56900000) (1024K)]
  0x000001cde6d51f10 JavaThread "LocalFile Deleter"          daemon [_thread_blocked, id=22480, stack(0x0000000b56900000,0x0000000b56a00000) (1024K)]
  0x000001cde6d4b610 JavaThread "Compiler Source File Reader" daemon [_thread_blocked, id=35800, stack(0x0000000b55200000,0x0000000b55300000) (1024K)]
  0x000001cde6d4bca0 JavaThread "Compiler Source File Reader" daemon [_thread_blocked, id=30928, stack(0x0000000b56a00000,0x0000000b56b00000) (1024K)]
  0x000001cde6d4c330 JavaThread "Compiler Source File Reader" daemon [_thread_blocked, id=24616, stack(0x0000000b56b00000,0x0000000b56c00000) (1024K)]
  0x000001cde6d4d6e0 JavaThread "Compiler Source File Reader" daemon [_thread_blocked, id=36596, stack(0x0000000b56c00000,0x0000000b56d00000) (1024K)]
  0x000001cde6d4dd70 JavaThread "Compiler Source File Reader" daemon [_thread_blocked, id=31396, stack(0x0000000b56d00000,0x0000000b56e00000) (1024K)]
  0x000001cde363cdf0 JavaThread "Compiler Source File Reader" daemon [_thread_blocked, id=13352, stack(0x0000000b56e00000,0x0000000b56f00000) (1024K)]
  0x000001cde7a96fb0 JavaThread "Compiler Processing Task"   daemon [_thread_blocked, id=28208, stack(0x0000000b56f00000,0x0000000b57000000) (1024K)]
  0x000001cde7a94ee0 JavaThread "Compiler Class File Writer" daemon [_thread_blocked, id=16592, stack(0x0000000b57000000,0x0000000b57100000) (1024K)]
  0x000001cde7a920f0 JavaThread "Compiler Class File Writer" daemon [_thread_blocked, id=39508, stack(0x0000000b57100000,0x0000000b57200000) (1024K)]
  0x000001cde7a97640 JavaThread "Compiler Class File Writer" daemon [_thread_blocked, id=36784, stack(0x0000000b57200000,0x0000000b57300000) (1024K)]
  0x000001cde7a989f0 JavaThread "Compiler Class File Writer" daemon [_thread_blocked, id=28736, stack(0x0000000b57300000,0x0000000b57400000) (1024K)]
  0x000001cde7a92780 JavaThread "Compiler Class File Writer" daemon [_thread_blocked, id=13460, stack(0x0000000b57400000,0x0000000b57500000) (1024K)]
  0x000001cde7a941c0 JavaThread "Compiler Class File Writer" daemon [_thread_blocked, id=23984, stack(0x0000000b57500000,0x0000000b57600000) (1024K)]
  0x000001cde7a92e10 JavaThread "Timer-0"                           [_thread_blocked, id=30336, stack(0x0000000b57600000,0x0000000b57700000) (1024K)]
  0x000001cde7a94850 JavaThread "ForkJoinPool.commonPool-worker-1" daemon [_thread_in_Java, id=36500, stack(0x0000000b57900000,0x0000000b57a00000) (1024K)]
  0x000001cde660e8c0 JavaThread "C2 CompilerThread1"         daemon [_thread_in_native, id=33976, stack(0x0000000b57700000,0x0000000b57800000) (1024K)]
Total: 62

Other Threads:
  0x000001cd98e41b10 VMThread "VM Thread"                           [id=27916, stack(0x0000000b53300000,0x0000000b53400000) (1024K)]
  0x000001cd849b5010 WatcherThread "VM Periodic Task Thread"        [id=12940, stack(0x0000000b53200000,0x0000000b53300000) (1024K)]
  0x000001cd84968000 WorkerThread "GC Thread#0"                     [id=19672, stack(0x0000000b53100000,0x0000000b53200000) (1024K)]
  0x000001cde38c1610 WorkerThread "GC Thread#1"                     [id=16832, stack(0x0000000b53e00000,0x0000000b53f00000) (1024K)]
  0x000001cde3665580 WorkerThread "GC Thread#2"                     [id=23164, stack(0x0000000b53f00000,0x0000000b54000000) (1024K)]
  0x000001cde378bbe0 WorkerThread "GC Thread#3"                     [id=33452, stack(0x0000000b54000000,0x0000000b54100000) (1024K)]
  0x000001cde37911d0 WorkerThread "GC Thread#4"                     [id=34312, stack(0x0000000b54100000,0x0000000b54200000) (1024K)]
  0x000001cde3791570 WorkerThread "GC Thread#5"                     [id=17984, stack(0x0000000b54200000,0x0000000b54300000) (1024K)]
  0x000001cde3300b80 WorkerThread "GC Thread#6"                     [id=24524, stack(0x0000000b54300000,0x0000000b54400000) (1024K)]
  0x000001cde3caa010 WorkerThread "GC Thread#7"                     [id=39500, stack(0x0000000b54500000,0x0000000b54600000) (1024K)]
Total: 10

Threads with active compile tasks:
C2 CompilerThread0  49300 10472   !   4       org.eclipse.jdt.internal.core.util.DeduplicationUtil::intern (149 bytes)
C1 CompilerThread0  49300 10535 %     3       org.eclipse.jdt.internal.core.util.WeakHashSet::rehash @ 38 (90 bytes)
C2 CompilerThread1  49300 10528       4       sun.nio.fs.WindowsPath::startsWith (105 bytes)
Total: 3

VM state: not at safepoint (normal execution)

VM Mutex/Monitor currently owned by a thread: None

Heap address: 0x00000000c0000000, size: 1024 MB, Compressed Oops mode: 32-bit

CDS archive(s) mapped at: [0x000001cd99000000-0x000001cd99ba0000-0x000001cd99ba0000), size 12189696, SharedBaseAddress: 0x000001cd99000000, ArchiveRelocationMode: 1.
Compressed class space mapped at: 0x000001cd9a000000-0x000001cdda000000, reserved size: 1073741824
Narrow klass base: 0x000001cd99000000, Narrow klass shift: 0, Narrow klass range: 0x100000000

GC Precious Log:
 CardTable entry size: 512
 CPUs: 8 total, 8 available
 Memory: 8001M
 Large Page Support: Disabled
 NUMA Support: Disabled
 Compressed Oops: Enabled (32-bit)
 Alignments: Space 512K, Generation 512K, Heap 2M
 Heap Min Capacity: 100M
 Heap Initial Capacity: 100M
 Heap Max Capacity: 1G
 Pre-touch: Disabled
 Parallel Workers: 8

Heap:
 PSYoungGen      total 6144K, used 3441K [0x00000000eab00000, 0x00000000eb400000, 0x0000000100000000)
  eden space 5632K, 53% used [0x00000000eab00000,0x00000000eadec308,0x00000000eb080000)
  from space 512K, 97% used [0x00000000eb080000,0x00000000eb0fc7c0,0x00000000eb100000)
  to   space 1024K, 0% used [0x00000000eb300000,0x00000000eb300000,0x00000000eb400000)
 ParOldGen       total 281600K, used 272952K [0x00000000c0000000, 0x00000000d1300000, 0x00000000eab00000)
  object space 281600K, 96% used [0x00000000c0000000,0x00000000d0a8e398,0x00000000d1300000)
 Metaspace       used 68982K, committed 70464K, reserved 1114112K
  class space    used 7640K, committed 8256K, reserved 1048576K

Card table byte_map: [0x000001cd842f0000,0x000001cd84500000] _byte_map_base: 0x000001cd83cf0000

Marking Bits: (ParMarkBitMap*) 0x00007ffc6d2d2250
 Begin Bits: [0x000001cd96ca0000, 0x000001cd97ca0000)
 End Bits:   [0x000001cd97ca0000, 0x000001cd98ca0000)

Polling page: 0x000001cd828a0000

Metaspace:

Usage:
  Non-class:     59.90 MB used.
      Class:      7.46 MB used.
       Both:     67.37 MB used.

Virtual space:
  Non-class space:       64.00 MB reserved,      60.75 MB ( 95%) committed,  1 nodes.
      Class space:        1.00 GB reserved,       8.06 MB ( <1%) committed,  1 nodes.
             Both:        1.06 GB reserved,      68.81 MB (  6%) committed. 

Chunk freelists:
   Non-Class:  2.81 MB
       Class:  7.94 MB
        Both:  10.75 MB

MaxMetaspaceSize: unlimited
CompressedClassSpaceSize: 1.00 GB
Initial GC threshold: 21.00 MB
Current GC threshold: 114.31 MB
CDS: on
 - commit_granule_bytes: 65536.
 - commit_granule_words: 8192.
 - virtual_space_node_default_size: 8388608.
 - enlarge_chunks_in_place: 1.
 - use_allocation_guard: 0.


Internal statistics:

num_allocs_failed_limit: 11.
num_arena_births: 1224.
num_arena_deaths: 34.
num_vsnodes_births: 2.
num_vsnodes_deaths: 0.
num_space_committed: 1101.
num_space_uncommitted: 0.
num_chunks_returned_to_freelist: 54.
num_chunks_taken_from_freelist: 4364.
num_chunk_merges: 15.
num_chunk_splits: 2778.
num_chunks_enlarged: 1706.
num_inconsistent_stats: 0.

CodeHeap 'non-profiled nmethods': size=120000Kb used=7054Kb max_used=7933Kb free=112945Kb
 bounds [0x000001cd8f770000, 0x000001cd8ff30000, 0x000001cd96ca0000]
CodeHeap 'profiled nmethods': size=120000Kb used=18161Kb max_used=21537Kb free=101838Kb
 bounds [0x000001cd87ca0000, 0x000001cd891b0000, 0x000001cd8f1d0000]
CodeHeap 'non-nmethods': size=5760Kb used=1440Kb max_used=1545Kb free=4320Kb
 bounds [0x000001cd8f1d0000, 0x000001cd8f440000, 0x000001cd8f770000]
 total_blobs=9574 nmethods=8816 adapters=663
 compilation: enabled
              stopped_count=0, restarted_count=0
 full_count=0

Compilation events (20 events):
Event: 48.924 Thread 0x000001cd98e98740 10515       3       java.lang.StringUTF16::regionMatchesCI (20 bytes)
Event: 48.924 Thread 0x000001cd98e98740 nmethod 10515 0x000001cd87ed6210 code [0x000001cd87ed63c0, 0x000001cd87ed6540]
Event: 48.947 Thread 0x000001cd98e6e000 nmethod 10501 0x000001cd8fb0af10 code [0x000001cd8fb0b160, 0x000001cd8fb0bab0]
Event: 48.947 Thread 0x000001cd98e6e000 10513 %     4       sun.nio.fs.WindowsPathParser::normalize @ 18 (233 bytes)
Event: 48.981 Thread 0x000001cd98e6e000 nmethod 10513% 0x000001cd8f917f90 code [0x000001cd8f918200, 0x000001cd8f919050]
Event: 48.981 Thread 0x000001cd98e6e000 10472   !   4       org.eclipse.jdt.internal.core.util.DeduplicationUtil::intern (149 bytes)
Event: 49.040 Thread 0x000001cd98e98740 10519   !   3       org.eclipse.jdt.internal.core.JavaProjectElementInfo::initializePackageNames (130 bytes)
Event: 49.041 Thread 0x000001cd98e98740 nmethod 10519 0x000001cd88a5f490 code [0x000001cd88a5f7c0, 0x000001cd88a60e60]
Event: 49.050 Thread 0x000001cd98e98740 10520       3       org.eclipse.core.runtime.Path::makeUNC (57 bytes)
Event: 49.051 Thread 0x000001cd98e98740 nmethod 10520 0x000001cd88021310 code [0x000001cd880214e0, 0x000001cd88021888]
Event: 49.065 Thread 0x000001cd98e98740 10522       3       org.eclipse.jdt.internal.core.PackageFragment::<init> (19 bytes)
Event: 49.066 Thread 0x000001cd98e98740 nmethod 10522 0x000001cd87f52090 code [0x000001cd87f52260, 0x000001cd87f526f8]
Event: 49.069 Thread 0x000001cd98e98740 10523       3       sun.nio.fs.WindowsPath::normalize (365 bytes)
Event: 49.075 Thread 0x000001cd98e98740 nmethod 10523 0x000001cd88af8410 code [0x000001cd88af8900, 0x000001cd88afb238]
Event: 49.078 Thread 0x000001cd98e98740 10524       3       org.eclipse.jdt.internal.core.util.WeakHashSet::add (105 bytes)
Event: 49.079 Thread 0x000001cd98e98740 nmethod 10524 0x000001cd88249110 code [0x000001cd88249360, 0x000001cd88249df8]
Event: 49.079 Thread 0x000001cd98e98740 10526       3       org.eclipse.jdt.internal.core.util.WeakHashSet::cleanupGarbageCollectedValues (144 bytes)
Event: 49.080 Thread 0x000001cd98e98740 nmethod 10526 0x000001cd88098d90 code [0x000001cd88098fa0, 0x000001cd88099880]
Event: 49.080 Thread 0x000001cd98e98740 10527       3       java.util.Spliterators$IteratorSpliterator::estimateSize (41 bytes)
Event: 49.080 Thread 0x000001cd98e98740 nmethod 10527 0x000001cd87f0c090 code [0x000001cd87f0c260, 0x000001cd87f0c590]

GC Heap History (20 events):
Event: 49.031 GC heap before
{Heap before GC invocations=368 (full 4):
 PSYoungGen      total 4096K, used 3806K [0x00000000eab00000, 0x00000000eb000000, 0x0000000100000000)
  eden space 3072K, 100% used [0x00000000eab00000,0x00000000eae00000,0x00000000eae00000)
  from space 1024K, 71% used [0x00000000eae00000,0x00000000eaeb7870,0x00000000eaf00000)
  to   space 1024K, 0% used [0x00000000eaf00000,0x00000000eaf00000,0x00000000eb000000)
 ParOldGen       total 281600K, used 263397K [0x00000000c0000000, 0x00000000d1300000, 0x00000000eab00000)
  object space 281600K, 93% used [0x00000000c0000000,0x00000000d01396b8,0x00000000d1300000)
 Metaspace       used 68978K, committed 70464K, reserved 1114112K
  class space    used 7640K, committed 8256K, reserved 1048576K
}
Event: 49.033 GC heap after
{Heap after GC invocations=368 (full 4):
 PSYoungGen      total 4096K, used 586K [0x00000000eab00000, 0x00000000eb000000, 0x0000000100000000)
  eden space 3072K, 0% used [0x00000000eab00000,0x00000000eab00000,0x00000000eae00000)
  from space 1024K, 57% used [0x00000000eaf00000,0x00000000eaf92ba8,0x00000000eb000000)
  to   space 1024K, 0% used [0x00000000eae00000,0x00000000eae00000,0x00000000eaf00000)
 ParOldGen       total 281600K, used 264011K [0x00000000c0000000, 0x00000000d1300000, 0x00000000eab00000)
  object space 281600K, 93% used [0x00000000c0000000,0x00000000d01d2e18,0x00000000d1300000)
 Metaspace       used 68978K, committed 70464K, reserved 1114112K
  class space    used 7640K, committed 8256K, reserved 1048576K
}
Event: 49.053 GC heap before
{Heap before GC invocations=369 (full 4):
 PSYoungGen      total 4096K, used 3658K [0x00000000eab00000, 0x00000000eb000000, 0x0000000100000000)
  eden space 3072K, 100% used [0x00000000eab00000,0x00000000eae00000,0x00000000eae00000)
  from space 1024K, 57% used [0x00000000eaf00000,0x00000000eaf92ba8,0x00000000eb000000)
  to   space 1024K, 0% used [0x00000000eae00000,0x00000000eae00000,0x00000000eaf00000)
 ParOldGen       total 281600K, used 264011K [0x00000000c0000000, 0x00000000d1300000, 0x00000000eab00000)
  object space 281600K, 93% used [0x00000000c0000000,0x00000000d01d2e18,0x00000000d1300000)
 Metaspace       used 68980K, committed 70464K, reserved 1114112K
  class space    used 7640K, committed 8256K, reserved 1048576K
}
Event: 49.055 GC heap after
{Heap after GC invocations=369 (full 4):
 PSYoungGen      total 4096K, used 732K [0x00000000eab00000, 0x00000000eb000000, 0x0000000100000000)
  eden space 3072K, 0% used [0x00000000eab00000,0x00000000eab00000,0x00000000eae00000)
  from space 1024K, 71% used [0x00000000eae00000,0x00000000eaeb7268,0x00000000eaf00000)
  to   space 1024K, 0% used [0x00000000eaf00000,0x00000000eaf00000,0x00000000eb000000)
 ParOldGen       total 281600K, used 264404K [0x00000000c0000000, 0x00000000d1300000, 0x00000000eab00000)
  object space 281600K, 93% used [0x00000000c0000000,0x00000000d02350e0,0x00000000d1300000)
 Metaspace       used 68980K, committed 70464K, reserved 1114112K
  class space    used 7640K, committed 8256K, reserved 1048576K
}
Event: 49.070 GC heap before
{Heap before GC invocations=370 (full 4):
 PSYoungGen      total 4096K, used 3804K [0x00000000eab00000, 0x00000000eb000000, 0x0000000100000000)
  eden space 3072K, 100% used [0x00000000eab00000,0x00000000eae00000,0x00000000eae00000)
  from space 1024K, 71% used [0x00000000eae00000,0x00000000eaeb7268,0x00000000eaf00000)
  to   space 1024K, 0% used [0x00000000eaf00000,0x00000000eaf00000,0x00000000eb000000)
 ParOldGen       total 281600K, used 264404K [0x00000000c0000000, 0x00000000d1300000, 0x00000000eab00000)
  object space 281600K, 93% used [0x00000000c0000000,0x00000000d02350e0,0x00000000d1300000)
 Metaspace       used 68980K, committed 70464K, reserved 1114112K
  class space    used 7640K, committed 8256K, reserved 1048576K
}
Event: 49.072 GC heap after
{Heap after GC invocations=370 (full 4):
 PSYoungGen      total 3584K, used 1016K [0x00000000eab00000, 0x00000000eb100000, 0x0000000100000000)
  eden space 2560K, 0% used [0x00000000eab00000,0x00000000eab00000,0x00000000ead80000)
  from space 1024K, 99% used [0x00000000eaf00000,0x00000000eaffe250,0x00000000eb000000)
  to   space 1536K, 0% used [0x00000000ead80000,0x00000000ead80000,0x00000000eaf00000)
 ParOldGen       total 281600K, used 265050K [0x00000000c0000000, 0x00000000d1300000, 0x00000000eab00000)
  object space 281600K, 94% used [0x00000000c0000000,0x00000000d02d6930,0x00000000d1300000)
 Metaspace       used 68980K, committed 70464K, reserved 1114112K
  class space    used 7640K, committed 8256K, reserved 1048576K
}
Event: 49.082 GC heap before
{Heap before GC invocations=371 (full 4):
 PSYoungGen      total 3584K, used 3247K [0x00000000eab00000, 0x00000000eb100000, 0x0000000100000000)
  eden space 2560K, 87% used [0x00000000eab00000,0x00000000ead2db20,0x00000000ead80000)
  from space 1024K, 99% used [0x00000000eaf00000,0x00000000eaffe250,0x00000000eb000000)
  to   space 1536K, 0% used [0x00000000ead80000,0x00000000ead80000,0x00000000eaf00000)
 ParOldGen       total 281600K, used 265050K [0x00000000c0000000, 0x00000000d1300000, 0x00000000eab00000)
  object space 281600K, 94% used [0x00000000c0000000,0x00000000d02d6930,0x00000000d1300000)
 Metaspace       used 68981K, committed 70464K, reserved 1114112K
  class space    used 7640K, committed 8256K, reserved 1048576K
}
Event: 49.085 GC heap after
{Heap after GC invocations=371 (full 4):
 PSYoungGen      total 3072K, used 372K [0x00000000eab00000, 0x00000000eaf80000, 0x0000000100000000)
  eden space 2560K, 0% used [0x00000000eab00000,0x00000000eab00000,0x00000000ead80000)
  from space 512K, 72% used [0x00000000ead80000,0x00000000eaddd1a8,0x00000000eae00000)
  to   space 1024K, 0% used [0x00000000eae80000,0x00000000eae80000,0x00000000eaf80000)
 ParOldGen       total 281600K, used 265952K [0x00000000c0000000, 0x00000000d1300000, 0x00000000eab00000)
  object space 281600K, 94% used [0x00000000c0000000,0x00000000d03b8008,0x00000000d1300000)
 Metaspace       used 68981K, committed 70464K, reserved 1114112K
  class space    used 7640K, committed 8256K, reserved 1048576K
}
Event: 49.094 GC heap before
{Heap before GC invocations=372 (full 4):
 PSYoungGen      total 3072K, used 2932K [0x00000000eab00000, 0x00000000eaf80000, 0x0000000100000000)
  eden space 2560K, 99% used [0x00000000eab00000,0x00000000ead7fff0,0x00000000ead80000)
  from space 512K, 72% used [0x00000000ead80000,0x00000000eaddd1a8,0x00000000eae00000)
  to   space 1024K, 0% used [0x00000000eae80000,0x00000000eae80000,0x00000000eaf80000)
 ParOldGen       total 281600K, used 265952K [0x00000000c0000000, 0x00000000d1300000, 0x00000000eab00000)
  object space 281600K, 94% used [0x00000000c0000000,0x00000000d03b8008,0x00000000d1300000)
 Metaspace       used 68981K, committed 70464K, reserved 1114112K
  class space    used 7640K, committed 8256K, reserved 1048576K
}
Event: 49.096 GC heap after
{Heap after GC invocations=372 (full 4):
 PSYoungGen      total 3584K, used 861K [0x00000000eab00000, 0x00000000eaf80000, 0x0000000100000000)
  eden space 2560K, 0% used [0x00000000eab00000,0x00000000eab00000,0x00000000ead80000)
  from space 1024K, 84% used [0x00000000eae80000,0x00000000eaf57778,0x00000000eaf80000)
  to   space 1024K, 0% used [0x00000000ead80000,0x00000000ead80000,0x00000000eae80000)
 ParOldGen       total 281600K, used 266232K [0x00000000c0000000, 0x00000000d1300000, 0x00000000eab00000)
  object space 281600K, 94% used [0x00000000c0000000,0x00000000d03fe2e0,0x00000000d1300000)
 Metaspace       used 68981K, committed 70464K, reserved 1114112K
  class space    used 7640K, committed 8256K, reserved 1048576K
}
Event: 49.103 GC heap before
{Heap before GC invocations=373 (full 4):
 PSYoungGen      total 3584K, used 3421K [0x00000000eab00000, 0x00000000eaf80000, 0x0000000100000000)
  eden space 2560K, 99% used [0x00000000eab00000,0x00000000ead7ffa8,0x00000000ead80000)
  from space 1024K, 84% used [0x00000000eae80000,0x00000000eaf57778,0x00000000eaf80000)
  to   space 1024K, 0% used [0x00000000ead80000,0x00000000ead80000,0x00000000eae80000)
 ParOldGen       total 281600K, used 266232K [0x00000000c0000000, 0x00000000d1300000, 0x00000000eab00000)
  object space 281600K, 94% used [0x00000000c0000000,0x00000000d03fe2e0,0x00000000d1300000)
 Metaspace       used 68981K, committed 70464K, reserved 1114112K
  class space    used 7640K, committed 8256K, reserved 1048576K
}
Event: 49.106 GC heap after
{Heap after GC invocations=373 (full 4):
 PSYoungGen      total 3584K, used 430K [0x00000000eab00000, 0x00000000eb000000, 0x0000000100000000)
  eden space 2560K, 0% used [0x00000000eab00000,0x00000000eab00000,0x00000000ead80000)
  from space 1024K, 42% used [0x00000000ead80000,0x00000000eadeb8b8,0x00000000eae80000)
  to   space 1024K, 0% used [0x00000000eaf00000,0x00000000eaf00000,0x00000000eb000000)
 ParOldGen       total 281600K, used 266965K [0x00000000c0000000, 0x00000000d1300000, 0x00000000eab00000)
  object space 281600K, 94% used [0x00000000c0000000,0x00000000d04b56f8,0x00000000d1300000)
 Metaspace       used 68981K, committed 70464K, reserved 1114112K
  class space    used 7640K, committed 8256K, reserved 1048576K
}
Event: 49.113 GC heap before
{Heap before GC invocations=374 (full 4):
 PSYoungGen      total 3584K, used 2990K [0x00000000eab00000, 0x00000000eb000000, 0x0000000100000000)
  eden space 2560K, 100% used [0x00000000eab00000,0x00000000ead80000,0x00000000ead80000)
  from space 1024K, 42% used [0x00000000ead80000,0x00000000eadeb8b8,0x00000000eae80000)
  to   space 1024K, 0% used [0x00000000eaf00000,0x00000000eaf00000,0x00000000eb000000)
 ParOldGen       total 281600K, used 266965K [0x00000000c0000000, 0x00000000d1300000, 0x00000000eab00000)
  object space 281600K, 94% used [0x00000000c0000000,0x00000000d04b56f8,0x00000000d1300000)
 Metaspace       used 68981K, committed 70464K, reserved 1114112K
  class space    used 7640K, committed 8256K, reserved 1048576K
}
Event: 49.115 GC heap after
{Heap after GC invocations=374 (full 4):
 PSYoungGen      total 3584K, used 338K [0x00000000eab00000, 0x00000000eaf80000, 0x0000000100000000)
  eden space 3072K, 0% used [0x00000000eab00000,0x00000000eab00000,0x00000000eae00000)
  from space 512K, 66% used [0x00000000eaf00000,0x00000000eaf54a78,0x00000000eaf80000)
  to   space 512K, 0% used [0x00000000eae80000,0x00000000eae80000,0x00000000eaf00000)
 ParOldGen       total 281600K, used 267307K [0x00000000c0000000, 0x00000000d1300000, 0x00000000eab00000)
  object space 281600K, 94% used [0x00000000c0000000,0x00000000d050af80,0x00000000d1300000)
 Metaspace       used 68981K, committed 70464K, reserved 1114112K
  class space    used 7640K, committed 8256K, reserved 1048576K
}
Event: 49.123 GC heap before
{Heap before GC invocations=375 (full 4):
 PSYoungGen      total 3584K, used 3410K [0x00000000eab00000, 0x00000000eaf80000, 0x0000000100000000)
  eden space 3072K, 100% used [0x00000000eab00000,0x00000000eae00000,0x00000000eae00000)
  from space 512K, 66% used [0x00000000eaf00000,0x00000000eaf54a78,0x00000000eaf80000)
  to   space 512K, 0% used [0x00000000eae80000,0x00000000eae80000,0x00000000eaf00000)
 ParOldGen       total 281600K, used 267307K [0x00000000c0000000, 0x00000000d1300000, 0x00000000eab00000)
  object space 281600K, 94% used [0x00000000c0000000,0x00000000d050af80,0x00000000d1300000)
 Metaspace       used 68981K, committed 70464K, reserved 1114112K
  class space    used 7640K, committed 8256K, reserved 1048576K
}
Event: 49.126 GC heap after
{Heap after GC invocations=375 (full 4):
 PSYoungGen      total 4096K, used 480K [0x00000000eab00000, 0x00000000eb100000, 0x0000000100000000)
  eden space 3584K, 0% used [0x00000000eab00000,0x00000000eab00000,0x00000000eae80000)
  from space 512K, 93% used [0x00000000eae80000,0x00000000eaef8010,0x00000000eaf00000)
  to   space 1024K, 0% used [0x00000000eb000000,0x00000000eb000000,0x00000000eb100000)
 ParOldGen       total 281600K, used 267579K [0x00000000c0000000, 0x00000000d1300000, 0x00000000eab00000)
  object space 281600K, 95% used [0x00000000c0000000,0x00000000d054ef50,0x00000000d1300000)
 Metaspace       used 68981K, committed 70464K, reserved 1114112K
  class space    used 7640K, committed 8256K, reserved 1048576K
}
Event: 49.141 GC heap before
{Heap before GC invocations=376 (full 4):
 PSYoungGen      total 4096K, used 4064K [0x00000000eab00000, 0x00000000eb100000, 0x0000000100000000)
  eden space 3584K, 100% used [0x00000000eab00000,0x00000000eae80000,0x00000000eae80000)
  from space 512K, 93% used [0x00000000eae80000,0x00000000eaef8010,0x00000000eaf00000)
  to   space 1024K, 0% used [0x00000000eb000000,0x00000000eb000000,0x00000000eb100000)
 ParOldGen       total 281600K, used 267579K [0x00000000c0000000, 0x00000000d1300000, 0x00000000eab00000)
  object space 281600K, 95% used [0x00000000c0000000,0x00000000d054ef50,0x00000000d1300000)
 Metaspace       used 68981K, committed 70464K, reserved 1114112K
  class space    used 7640K, committed 8256K, reserved 1048576K
}
Event: 49.145 GC heap after
{Heap after GC invocations=376 (full 4):
 PSYoungGen      total 5120K, used 494K [0x00000000eab00000, 0x00000000eb180000, 0x0000000100000000)
  eden space 4096K, 0% used [0x00000000eab00000,0x00000000eab00000,0x00000000eaf00000)
  from space 1024K, 48% used [0x00000000eb000000,0x00000000eb07b8e8,0x00000000eb100000)
  to   space 1024K, 0% used [0x00000000eaf00000,0x00000000eaf00000,0x00000000eb000000)
 ParOldGen       total 281600K, used 268018K [0x00000000c0000000, 0x00000000d1300000, 0x00000000eab00000)
  object space 281600K, 95% used [0x00000000c0000000,0x00000000d05bc808,0x00000000d1300000)
 Metaspace       used 68981K, committed 70464K, reserved 1114112K
  class space    used 7640K, committed 8256K, reserved 1048576K
}
Event: 49.156 GC heap before
{Heap before GC invocations=377 (full 4):
 PSYoungGen      total 5120K, used 4590K [0x00000000eab00000, 0x00000000eb180000, 0x0000000100000000)
  eden space 4096K, 100% used [0x00000000eab00000,0x00000000eaf00000,0x00000000eaf00000)
  from space 1024K, 48% used [0x00000000eb000000,0x00000000eb07b8e8,0x00000000eb100000)
  to   space 1024K, 0% used [0x00000000eaf00000,0x00000000eaf00000,0x00000000eb000000)
 ParOldGen       total 281600K, used 268018K [0x00000000c0000000, 0x00000000d1300000, 0x00000000eab00000)
  object space 281600K, 95% used [0x00000000c0000000,0x00000000d05bc808,0x00000000d1300000)
 Metaspace       used 68981K, committed 70464K, reserved 1114112K
  class space    used 7640K, committed 8256K, reserved 1048576K
}
Event: 49.158 GC heap after
{Heap after GC invocations=377 (full 4):
 PSYoungGen      total 5120K, used 611K [0x00000000eab00000, 0x00000000eb200000, 0x0000000100000000)
  eden space 4096K, 0% used [0x00000000eab00000,0x00000000eab00000,0x00000000eaf00000)
  from space 1024K, 59% used [0x00000000eaf00000,0x00000000eaf98e78,0x00000000eb000000)
  to   space 1024K, 0% used [0x00000000eb100000,0x00000000eb100000,0x00000000eb200000)
 ParOldGen       total 281600K, used 268364K [0x00000000c0000000, 0x00000000d1300000, 0x00000000eab00000)
  object space 281600K, 95% used [0x00000000c0000000,0x00000000d0613368,0x00000000d1300000)
 Metaspace       used 68981K, committed 70464K, reserved 1114112K
  class space    used 7640K, committed 8256K, reserved 1048576K
}

Dll operation events (13 events):
Event: 0.074 Loaded shared library c:\Users\정호정\.vscode\extensions\redhat.java-1.39.0-win32-x64\jre\21.0.5-win32-x86_64\bin\java.dll
Event: 0.211 Loaded shared library c:\Users\정호정\.vscode\extensions\redhat.java-1.39.0-win32-x64\jre\21.0.5-win32-x86_64\bin\zip.dll
Event: 0.546 Loaded shared library C:\Users\정호정\.vscode\extensions\redhat.java-1.39.0-win32-x64\jre\21.0.5-win32-x86_64\bin\instrument.dll
Event: 0.562 Loaded shared library C:\Users\정호정\.vscode\extensions\redhat.java-1.39.0-win32-x64\jre\21.0.5-win32-x86_64\bin\net.dll
Event: 0.569 Loaded shared library C:\Users\정호정\.vscode\extensions\redhat.java-1.39.0-win32-x64\jre\21.0.5-win32-x86_64\bin\nio.dll
Event: 0.585 Loaded shared library C:\Users\정호정\.vscode\extensions\redhat.java-1.39.0-win32-x64\jre\21.0.5-win32-x86_64\bin\zip.dll
Event: 0.650 Loaded shared library C:\Users\정호정\.vscode\extensions\redhat.java-1.39.0-win32-x64\jre\21.0.5-win32-x86_64\bin\jimage.dll
Event: 0.955 Loaded shared library c:\Users\정호정\.vscode\extensions\redhat.java-1.39.0-win32-x64\jre\21.0.5-win32-x86_64\bin\verify.dll
Event: 5.288 Loaded shared library C:\Users\정호정\AppData\Roaming\Code\User\globalStorage\redhat.java\1.39.0\config_win\org.eclipse.equinox.launcher\org.eclipse.equinox.launcher.win32.win32.x86_64_1.2.1100.v20240722-2106\eclipse_11904.dll
Event: 10.340 Loaded shared library C:\Users\정호정\AppData\Local\Temp\jna-50974642\jna17904899952436722158.dll
Event: 31.906 Loaded shared library C:\Users\정호정\.gradle\native\c067742578af261105cb4f569cf0c3c89f3d7b1fecec35dd04571415982c5e48\windows-amd64\native-platform.dll
Event: 45.841 Loaded shared library C:\Users\정호정\.vscode\extensions\redhat.java-1.39.0-win32-x64\jre\21.0.5-win32-x86_64\bin\management.dll
Event: 45.870 Loaded shared library C:\Users\정호정\.vscode\extensions\redhat.java-1.39.0-win32-x64\jre\21.0.5-win32-x86_64\bin\management_ext.dll

Deoptimization events (20 events):
Event: 49.159 Thread 0x000001cde5056670 DEOPT PACKING pc=0x000001cd87e1c44e sp=0x0000000b556fe020
Event: 49.159 Thread 0x000001cde5056670 DEOPT UNPACKING pc=0x000001cd8f224242 sp=0x0000000b556fd5a0 mode 0
Event: 49.160 Thread 0x000001cde7a94850 DEOPT PACKING pc=0x000001cd87e1c44e sp=0x0000000b579fdc60
Event: 49.160 Thread 0x000001cde7a94850 DEOPT UNPACKING pc=0x000001cd8f224242 sp=0x0000000b579fd1e0 mode 0
Event: 49.162 Thread 0x000001cde5056670 DEOPT PACKING pc=0x000001cd87e1c44e sp=0x0000000b556fe020
Event: 49.162 Thread 0x000001cde5056670 DEOPT UNPACKING pc=0x000001cd8f224242 sp=0x0000000b556fd5a0 mode 0
Event: 49.163 Thread 0x000001cde5056670 DEOPT PACKING pc=0x000001cd87e1c44e sp=0x0000000b556fe020
Event: 49.163 Thread 0x000001cde5056670 DEOPT UNPACKING pc=0x000001cd8f224242 sp=0x0000000b556fd5a0 mode 0
Event: 49.163 Thread 0x000001cde5056670 DEOPT PACKING pc=0x000001cd87e1c44e sp=0x0000000b556fe020
Event: 49.164 Thread 0x000001cde5056670 DEOPT UNPACKING pc=0x000001cd8f224242 sp=0x0000000b556fd5a0 mode 0
Event: 49.164 Thread 0x000001cde5056670 DEOPT PACKING pc=0x000001cd87e1c44e sp=0x0000000b556fe020
Event: 49.164 Thread 0x000001cde5056670 DEOPT UNPACKING pc=0x000001cd8f224242 sp=0x0000000b556fd5a0 mode 0
Event: 49.165 Thread 0x000001cde5056670 DEOPT PACKING pc=0x000001cd87e1c44e sp=0x0000000b556fe020
Event: 49.165 Thread 0x000001cde5056670 DEOPT UNPACKING pc=0x000001cd8f224242 sp=0x0000000b556fd5a0 mode 0
Event: 49.166 Thread 0x000001cde5056670 DEOPT PACKING pc=0x000001cd87e1c44e sp=0x0000000b556fe020
Event: 49.166 Thread 0x000001cde5056670 DEOPT UNPACKING pc=0x000001cd8f224242 sp=0x0000000b556fd5a0 mode 0
Event: 49.167 Thread 0x000001cde5056670 DEOPT PACKING pc=0x000001cd87e1c44e sp=0x0000000b556fe020
Event: 49.167 Thread 0x000001cde5056670 DEOPT UNPACKING pc=0x000001cd8f224242 sp=0x0000000b556fd5a0 mode 0
Event: 49.167 Thread 0x000001cde5056670 DEOPT PACKING pc=0x000001cd87e1c44e sp=0x0000000b556fe020
Event: 49.167 Thread 0x000001cde5056670 DEOPT UNPACKING pc=0x000001cd8f224242 sp=0x0000000b556fd5a0 mode 0

Classes loaded (20 events):
Event: 46.687 Loading class java/security/DigestInputStream
Event: 46.687 Loading class java/security/DigestInputStream done
Event: 46.708 Loading class java/util/Collections$SynchronizedRandomAccessList
Event: 46.709 Loading class java/util/Collections$SynchronizedList
Event: 46.709 Loading class java/util/Collections$SynchronizedList done
Event: 46.709 Loading class java/util/Collections$SynchronizedRandomAccessList done
Event: 46.727 Loading class java/util/concurrent/CompletableFuture$Signaller
Event: 46.728 Loading class java/util/concurrent/CompletableFuture$Signaller done
Event: 46.749 Loading class java/util/regex/PatternSyntaxException
Event: 46.750 Loading class java/util/regex/PatternSyntaxException done
Event: 47.389 Loading class java/nio/charset/CharacterCodingException
Event: 47.389 Loading class java/nio/charset/CharacterCodingException done
Event: 47.389 Loading class java/io/SequenceInputStream
Event: 47.389 Loading class java/io/SequenceInputStream done
Event: 47.537 Loading class java/util/concurrent/CompletableFuture$UniApply
Event: 47.537 Loading class java/util/concurrent/CompletableFuture$UniApply done
Event: 47.541 Loading class java/util/concurrent/CompletableFuture$UniExceptionally
Event: 47.541 Loading class java/util/concurrent/CompletableFuture$UniExceptionally done
Event: 48.006 Loading class java/lang/UnsupportedClassVersionError
Event: 48.006 Loading class java/lang/UnsupportedClassVersionError done

Classes unloaded (17 events):
Event: 11.566 Thread 0x000001cd98e41b10 Unloading class 0x000001cd9a199000 'java/lang/invoke/LambdaForm$MH+0x000001cd9a199000'
Event: 11.566 Thread 0x000001cd98e41b10 Unloading class 0x000001cd9a198c00 'java/lang/invoke/LambdaForm$MH+0x000001cd9a198c00'
Event: 11.566 Thread 0x000001cd98e41b10 Unloading class 0x000001cd9a198800 'java/lang/invoke/LambdaForm$MH+0x000001cd9a198800'
Event: 11.566 Thread 0x000001cd98e41b10 Unloading class 0x000001cd9a198400 'java/lang/invoke/LambdaForm$MH+0x000001cd9a198400'
Event: 11.566 Thread 0x000001cd98e41b10 Unloading class 0x000001cd9a198000 'java/lang/invoke/LambdaForm$BMH+0x000001cd9a198000'
Event: 11.566 Thread 0x000001cd98e41b10 Unloading class 0x000001cd9a197c00 'java/lang/invoke/LambdaForm$DMH+0x000001cd9a197c00'
Event: 11.566 Thread 0x000001cd98e41b10 Unloading class 0x000001cd9a196c00 'java/lang/invoke/LambdaForm$DMH+0x000001cd9a196c00'
Event: 13.555 Thread 0x000001cd98e41b10 Unloading class 0x000001cd9a2e1000 'java/lang/invoke/LambdaForm$MH+0x000001cd9a2e1000'
Event: 13.555 Thread 0x000001cd98e41b10 Unloading class 0x000001cd9a2e0400 'java/lang/invoke/LambdaForm$MH+0x000001cd9a2e0400'
Event: 13.555 Thread 0x000001cd98e41b10 Unloading class 0x000001cd9a2dfc00 'java/lang/invoke/LambdaForm$MH+0x000001cd9a2dfc00'
Event: 13.555 Thread 0x000001cd98e41b10 Unloading class 0x000001cd9a2db400 'java/lang/invoke/LambdaForm$MH+0x000001cd9a2db400'
Event: 13.555 Thread 0x000001cd98e41b10 Unloading class 0x000001cd9a2da800 'java/lang/invoke/LambdaForm$MH+0x000001cd9a2da800'
Event: 13.555 Thread 0x000001cd98e41b10 Unloading class 0x000001cd9a2da000 'java/lang/invoke/LambdaForm$MH+0x000001cd9a2da000'
Event: 13.555 Thread 0x000001cd98e41b10 Unloading class 0x000001cd9a2d9800 'java/lang/invoke/LambdaForm$MH+0x000001cd9a2d9800'
Event: 13.555 Thread 0x000001cd98e41b10 Unloading class 0x000001cd9a2d9000 'java/lang/invoke/LambdaForm$MH+0x000001cd9a2d9000'
Event: 13.555 Thread 0x000001cd98e41b10 Unloading class 0x000001cd9a2d8400 'java/lang/invoke/LambdaForm$MH+0x000001cd9a2d8400'
Event: 13.555 Thread 0x000001cd98e41b10 Unloading class 0x000001cd9a2d3c00 'java/lang/invoke/LambdaForm$MH+0x000001cd9a2d3c00'

Classes redefined (0 events):
No events

Internal exceptions (20 events):
Event: 29.424 Thread 0x000001cde363c0d0 Exception <a 'java/lang/IncompatibleClassChangeError'{0x00000000eac2e5e8}: Found class java.lang.Object, but interface was expected> (0x00000000eac2e5e8) 
thrown [s\src\hotspot\share\interpreter\linkResolver.cpp, line 840]
Event: 29.472 Thread 0x000001cde363c0d0 Exception <a 'java/lang/NoSuchMethodError'{0x00000000eae26790}: method resolution failed> (0x00000000eae26790) 
thrown [s\src\hotspot\share\prims\methodHandles.cpp, line 1144]
Event: 29.890 Thread 0x000001cde363c0d0 Exception <a 'java/lang/NoSuchMethodError'{0x00000000eb083c00}: 'java.lang.Object java.lang.invoke.DirectMethodHandle$Holder.invokeVirtual(java.lang.Object, java.lang.Object, java.lang.Object, java.lang.Object)'> (0x00000000eb083c00) 
thrown [s\src\hotspot\share\interpreter\linkResolver.cpp, line 773]
Event: 29.894 Thread 0x000001cde363c0d0 Exception <a 'java/lang/NoSuchMethodError'{0x00000000eb0a5b20}: 'java.lang.Object java.lang.invoke.DirectMethodHandle$Holder.invokeVirtual(java.lang.Object, java.lang.Object, java.lang.Object, java.lang.Object, java.lang.Object)'> (0x00000000eb0a5b20) 
thrown [s\src\hotspot\share\interpreter\linkResolver.cpp, line 773]
Event: 44.164 Thread 0x000001cde7a95c00 Exception <a 'java/lang/NoSuchMethodError'{0x00000000ead9e560}: 'java.lang.Object java.lang.invoke.DirectMethodHandle$Holder.invokeVirtual(java.lang.Object, java.lang.Object, java.lang.Object, java.lang.Object, java.lang.Object, java.lang.Object)'> (0x00000000ead9e560) 
thrown [s\src\hotspot\share\interpreter\linkResolver.cpp, line 773]
Event: 44.549 Thread 0x000001cde7a95c00 Exception <a 'java/lang/NoSuchMethodError'{0x00000000ead5cff8}: 'java.lang.Object java.lang.invoke.DirectMethodHandle$Holder.invokeVirtual(java.lang.Object, java.lang.Object, java.lang.Object, java.lang.Object, java.lang.Object, java.lang.Object, java.lang.Object)'> (0x00000000ead5cff8) 
thrown [s\src\hotspot\share\interpreter\linkResolver.cpp, line 773]
Event: 44.966 Thread 0x000001cde7a95c00 Exception <a 'java/lang/NoClassDefFoundError'{0x00000000eac06468}: org/slf4j/impl/StaticMarkerBinder> (0x00000000eac06468) 
thrown [s\src\hotspot\share\classfile\systemDictionary.cpp, line 301]
Event: 45.223 Thread 0x000001cde7a95c00 Exception <a 'java/lang/NoSuchMethodError'{0x00000000eab94e38}: 'java.lang.Object java.lang.invoke.DirectMethodHandle$Holder.invokeVirtual(java.lang.Object, java.lang.Object, java.lang.Object, java.lang.Object, java.lang.Object, java.lang.Object, java.lang.Object, java.lang.Object)'> (0x00000000eab94e38) 
thrown [s\src\hotspot\share\interpreter\linkResolver.cpp, line 773]
Event: 45.256 Thread 0x000001cde7a95c00 Exception <a 'java/lang/NoSuchMethodError'{0x00000000eac633e8}: 'java.lang.Object java.lang.invoke.DirectMethodHandle$Holder.invokeVirtual(java.lang.Object, java.lang.Object, java.lang.Object, java.lang.Object, java.lang.Object, java.lang.Object, java.lang.Object, java.lang.Object, java.lang.Object)'> (0x00000000eac633e8) 
thrown [s\src\hotspot\share\interpreter\linkResolver.cpp, line 773]
Event: 45.603 Thread 0x000001cde7a95c00 Exception <a 'java/lang/NoSuchMethodError'{0x00000000eac01888}: 'java.lang.Object java.lang.invoke.DirectMethodHandle$Holder.invokeVirtual(java.lang.Object, java.lang.Object, java.lang.Object, java.lang.Object, java.lang.Object, java.lang.Object, java.lang.Object, java.lang.Object, java.lang.Object, java.lang.Object)'> (0x00000000eac01888) 
thrown [s\src\hotspot\share\interpreter\linkResolver.cpp, line 773]
Event: 46.358 Thread 0x000001cde7a95c00 Implicit null exception at 0x000001cd8f94e309 to 0x000001cd8f94e41c
Event: 47.467 Thread 0x000001cde5053f10 Exception <a 'java/io/FileNotFoundException'{0x00000000eac09c10}> (0x00000000eac09c10) 
thrown [s\src\hotspot\share\prims\jni.cpp, line 520]
Event: 47.469 Thread 0x000001cde5053f10 Exception <a 'java/io/FileNotFoundException'{0x00000000eac0af48}> (0x00000000eac0af48) 
thrown [s\src\hotspot\share\prims\jni.cpp, line 520]
Event: 47.516 Thread 0x000001cde5053f10 Exception <a 'sun/nio/fs/WindowsException'{0x00000000eab97680}> (0x00000000eab97680) 
thrown [s\src\hotspot\share\prims\jni.cpp, line 520]
Event: 47.516 Thread 0x000001cde5053f10 Exception <a 'sun/nio/fs/WindowsException'{0x00000000eab97d98}> (0x00000000eab97d98) 
thrown [s\src\hotspot\share\prims\jni.cpp, line 520]
Event: 47.519 Thread 0x000001cde5053f10 Exception <a 'sun/nio/fs/WindowsException'{0x00000000eab9b358}> (0x00000000eab9b358) 
thrown [s\src\hotspot\share\prims\jni.cpp, line 520]
Event: 47.519 Thread 0x000001cde5053f10 Exception <a 'sun/nio/fs/WindowsException'{0x00000000eab9ba70}> (0x00000000eab9ba70) 
thrown [s\src\hotspot\share\prims\jni.cpp, line 520]
Event: 47.528 Thread 0x000001cde5053f10 Exception <a 'java/lang/IncompatibleClassChangeError'{0x00000000eac20950}: Found class java.lang.Object, but interface was expected> (0x00000000eac20950) 
thrown [s\src\hotspot\share\interpreter\linkResolver.cpp, line 840]
Event: 47.952 Thread 0x000001cde363b3b0 Exception <a 'java/lang/NoSuchMethodError'{0x00000000eac40168}: 'java.lang.Object java.lang.invoke.DirectMethodHandle$Holder.invokeSpecial(java.lang.Object, java.lang.Object, int, long)'> (0x00000000eac40168) 
thrown [s\src\hotspot\share\interpreter\linkResolver.cpp, line 773]
Event: 48.742 Thread 0x000001cde7a94850 Exception <a 'java/lang/NoSuchMethodError'{0x00000000eace0720}: 'int java.lang.invoke.Invokers$Holder.invokeExact_MT(java.lang.Object, java.lang.Object)'> (0x00000000eace0720) 
thrown [s\src\hotspot\share\interpreter\linkResolver.cpp, line 773]

ZGC Phase Switch (0 events):
No events

VM Operations (20 events):
Event: 49.033 Executing VM operation: ParallelGCFailedAllocation (Allocation Failure) done
Event: 49.053 Executing VM operation: ParallelGCFailedAllocation (Allocation Failure)
Event: 49.055 Executing VM operation: ParallelGCFailedAllocation (Allocation Failure) done
Event: 49.069 Executing VM operation: ParallelGCFailedAllocation (Allocation Failure)
Event: 49.072 Executing VM operation: ParallelGCFailedAllocation (Allocation Failure) done
Event: 49.082 Executing VM operation: ParallelGCFailedAllocation (Allocation Failure)
Event: 49.085 Executing VM operation: ParallelGCFailedAllocation (Allocation Failure) done
Event: 49.094 Executing VM operation: ParallelGCFailedAllocation (Allocation Failure)
Event: 49.096 Executing VM operation: ParallelGCFailedAllocation (Allocation Failure) done
Event: 49.103 Executing VM operation: ParallelGCFailedAllocation (Allocation Failure)
Event: 49.106 Executing VM operation: ParallelGCFailedAllocation (Allocation Failure) done
Event: 49.113 Executing VM operation: ParallelGCFailedAllocation (Allocation Failure)
Event: 49.115 Executing VM operation: ParallelGCFailedAllocation (Allocation Failure) done
Event: 49.123 Executing VM operation: ParallelGCFailedAllocation (Allocation Failure)
Event: 49.126 Executing VM operation: ParallelGCFailedAllocation (Allocation Failure) done
Event: 49.141 Executing VM operation: ParallelGCFailedAllocation (Allocation Failure)
Event: 49.145 Executing VM operation: ParallelGCFailedAllocation (Allocation Failure) done
Event: 49.156 Executing VM operation: ParallelGCFailedAllocation (Allocation Failure)
Event: 49.158 Executing VM operation: ParallelGCFailedAllocation (Allocation Failure) done
Event: 49.168 Executing VM operation: ParallelGCFailedAllocation (Allocation Failure)

Memory protections (0 events):
No events

Nmethod flushes (20 events):
Event: 48.335 Thread 0x000001cd98e41b10 flushing  nmethod 0x000001cd88e72590
Event: 48.335 Thread 0x000001cd98e41b10 flushing  nmethod 0x000001cd88e8c190
Event: 48.335 Thread 0x000001cd98e41b10 flushing  nmethod 0x000001cd88e8ce10
Event: 48.335 Thread 0x000001cd98e41b10 flushing  nmethod 0x000001cd88e8e410
Event: 48.335 Thread 0x000001cd98e41b10 flushing  nmethod 0x000001cd88e8f110
Event: 48.335 Thread 0x000001cd98e41b10 flushing  nmethod 0x000001cd88e90a90
Event: 48.335 Thread 0x000001cd98e41b10 flushing  nmethod 0x000001cd88e91210
Event: 48.335 Thread 0x000001cd98e41b10 flushing  nmethod 0x000001cd88eb7f90
Event: 48.335 Thread 0x000001cd98e41b10 flushing  nmethod 0x000001cd88eb8590
Event: 48.335 Thread 0x000001cd98e41b10 flushing  nmethod 0x000001cd88ec8290
Event: 48.335 Thread 0x000001cd98e41b10 flushing  nmethod 0x000001cd88ee9910
Event: 48.335 Thread 0x000001cd98e41b10 flushing  nmethod 0x000001cd88f10a90
Event: 48.335 Thread 0x000001cd98e41b10 flushing  nmethod 0x000001cd88f4cb10
Event: 48.335 Thread 0x000001cd98e41b10 flushing  nmethod 0x000001cd88f56810
Event: 48.335 Thread 0x000001cd98e41b10 flushing  nmethod 0x000001cd88f64710
Event: 48.335 Thread 0x000001cd98e41b10 flushing  nmethod 0x000001cd88f83b10
Event: 48.335 Thread 0x000001cd98e41b10 flushing  nmethod 0x000001cd88f93810
Event: 48.336 Thread 0x000001cd98e41b10 flushing  nmethod 0x000001cd88fb3110
Event: 48.336 Thread 0x000001cd98e41b10 flushing  nmethod 0x000001cd89040390
Event: 48.336 Thread 0x000001cd98e41b10 flushing  nmethod 0x000001cd890b1b10

Events (20 events):
Event: 28.404 Thread 0x000001cde5057a20 Thread added: 0x000001cde7a94ee0
Event: 28.433 Thread 0x000001cde5057a20 Thread added: 0x000001cde7a920f0
Event: 28.473 Thread 0x000001cde5057a20 Thread added: 0x000001cde7a97640
Event: 28.488 Thread 0x000001cde5057a20 Thread added: 0x000001cde7a989f0
Event: 28.676 Thread 0x000001cde5057a20 Thread added: 0x000001cde7a92780
Event: 28.676 Thread 0x000001cde5057a20 Thread added: 0x000001cde7a941c0
Event: 29.785 Thread 0x000001cde363c0d0 Thread added: 0x000001cde7a92e10
Event: 30.008 Thread 0x000001cde363c0d0 Thread added: 0x000001cde7a95c00
Event: 30.798 Thread 0x000001cd98e98740 Thread added: 0x000001cde660d450
Event: 34.810 Thread 0x000001cde660d450 Thread exited: 0x000001cde660d450
Event: 34.940 Thread 0x000001cde3aa8460 Thread exited: 0x000001cde3aa8460
Event: 35.569 Thread 0x000001cd98e98740 Thread added: 0x000001cde660cd80
Event: 36.763 Thread 0x000001cde660cd80 Thread exited: 0x000001cde660cd80
Event: 46.505 Thread 0x000001cde7a95c00 Thread exited: 0x000001cde7a95c00
Event: 46.545 Thread 0x000001cd98e98740 Thread added: 0x000001cde660d450
Event: 47.274 Thread 0x000001cde660d450 Thread exited: 0x000001cde660d450
Event: 47.495 Thread 0x000001cd98e98740 Thread added: 0x000001cde660cd80
Event: 47.540 Thread 0x000001cde5053f10 Thread added: 0x000001cde7a94850
Event: 47.944 Thread 0x000001cde660cd80 Thread exited: 0x000001cde660cd80
Event: 48.747 Thread 0x000001cd98e6e000 Thread added: 0x000001cde660e8c0


Dynamic libraries:
0x00007ff7bf480000 - 0x00007ff7bf48e000 	c:\Users\정호정\.vscode\extensions\redhat.java-1.39.0-win32-x64\jre\21.0.5-win32-x86_64\bin\java.exe
0x00007ffcdaae0000 - 0x00007ffcdacd0000 	C:\windows\SYSTEM32\ntdll.dll
0x00007ffcda900000 - 0x00007ffcda9b2000 	C:\windows\System32\KERNEL32.DLL
0x00007ffcd87f0000 - 0x00007ffcd8a95000 	C:\windows\System32\KERNELBASE.dll
0x00007ffcd7c30000 - 0x00007ffcd7d2a000 	C:\windows\System32\ucrtbase.dll
0x00007ffcc8180000 - 0x00007ffcc8198000 	c:\Users\정호정\.vscode\extensions\redhat.java-1.39.0-win32-x64\jre\21.0.5-win32-x86_64\bin\jli.dll
0x00007ffcd8b90000 - 0x00007ffcd8d24000 	C:\windows\System32\USER32.dll
0x00007ffcd8730000 - 0x00007ffcd8751000 	C:\windows\System32\win32u.dll
0x00007ffcd9380000 - 0x00007ffcd93a6000 	C:\windows\System32\GDI32.dll
0x00007ffcd84e0000 - 0x00007ffcd8678000 	C:\windows\System32\gdi32full.dll
0x00007ffcd8aa0000 - 0x00007ffcd8b3e000 	C:\windows\System32\msvcp_win.dll
0x00007ffcc5750000 - 0x00007ffcc576e000 	c:\Users\정호정\.vscode\extensions\redhat.java-1.39.0-win32-x64\jre\21.0.5-win32-x86_64\bin\VCRUNTIME140.dll
0x00007ffcc3040000 - 0x00007ffcc32c4000 	C:\windows\WinSxS\amd64_microsoft.windows.common-controls_6595b64144ccf1df_6.0.18362.1556_none_9e7e372fe45e41d5\COMCTL32.dll
0x00007ffcd8db0000 - 0x00007ffcd8e4e000 	C:\windows\System32\msvcrt.dll
0x00007ffcd8e50000 - 0x00007ffcd9186000 	C:\windows\System32\combase.dll
0x00007ffcd93b0000 - 0x00007ffcd94cf000 	C:\windows\System32\RPCRT4.dll
0x00007ffcd8760000 - 0x00007ffcd87e1000 	C:\windows\System32\bcryptPrimitives.dll
0x00007ffcda720000 - 0x00007ffcda74e000 	C:\windows\System32\IMM32.DLL
0x00007ffcccfe0000 - 0x00007ffcccfec000 	c:\Users\정호정\.vscode\extensions\redhat.java-1.39.0-win32-x64\jre\21.0.5-win32-x86_64\bin\vcruntime140_1.dll
0x00007ffc98c10000 - 0x00007ffc98c9d000 	c:\Users\정호정\.vscode\extensions\redhat.java-1.39.0-win32-x64\jre\21.0.5-win32-x86_64\bin\msvcp140.dll
0x00007ffc6c620000 - 0x00007ffc6d3af000 	c:\Users\정호정\.vscode\extensions\redhat.java-1.39.0-win32-x64\jre\21.0.5-win32-x86_64\bin\server\jvm.dll
0x00007ffcd92d0000 - 0x00007ffcd9373000 	C:\windows\System32\ADVAPI32.dll
0x00007ffcd9f80000 - 0x00007ffcda017000 	C:\windows\System32\sechost.dll
0x00007ffcd7a00000 - 0x00007ffcd7a4a000 	C:\windows\System32\POWRPROF.dll
0x00007ffcd7990000 - 0x00007ffcd79a0000 	C:\windows\System32\UMPDC.dll
0x00007ffcdaa30000 - 0x00007ffcdaa9f000 	C:\windows\System32\WS2_32.dll
0x00007ffcccf40000 - 0x00007ffcccf64000 	C:\windows\SYSTEM32\WINMM.dll
0x00007ffccd040000 - 0x00007ffccd04a000 	C:\windows\SYSTEM32\VERSION.dll
0x00007ffcccf10000 - 0x00007ffcccf3d000 	C:\windows\SYSTEM32\WINMMBASE.dll
0x00007ffcd8b40000 - 0x00007ffcd8b8a000 	C:\windows\System32\cfgmgr32.dll
0x00007ffcd79a0000 - 0x00007ffcd79b1000 	C:\windows\System32\kernel.appcore.dll
0x00007ffcccfa0000 - 0x00007ffcccfaa000 	c:\Users\정호정\.vscode\extensions\redhat.java-1.39.0-win32-x64\jre\21.0.5-win32-x86_64\bin\jimage.dll
0x00007ffcd3230000 - 0x00007ffcd3424000 	C:\windows\SYSTEM32\DBGHELP.DLL
0x00007ffcc1140000 - 0x00007ffcc116a000 	C:\windows\SYSTEM32\dbgcore.DLL
0x00007ffcd0ed0000 - 0x00007ffcd0edf000 	c:\Users\정호정\.vscode\extensions\redhat.java-1.39.0-win32-x64\jre\21.0.5-win32-x86_64\bin\instrument.dll
0x00007ffcc4d00000 - 0x00007ffcc4d1f000 	c:\Users\정호정\.vscode\extensions\redhat.java-1.39.0-win32-x64\jre\21.0.5-win32-x86_64\bin\java.dll
0x00007ffcd9610000 - 0x00007ffcd9cf7000 	C:\windows\System32\SHELL32.dll
0x00007ffcda670000 - 0x00007ffcda718000 	C:\windows\System32\shcore.dll
0x00007ffcd7d30000 - 0x00007ffcd84ab000 	C:\windows\System32\windows.storage.dll
0x00007ffcd79c0000 - 0x00007ffcd79de000 	C:\windows\System32\profapi.dll
0x00007ffcd91a0000 - 0x00007ffcd91f2000 	C:\windows\System32\shlwapi.dll
0x00007ffcd7bb0000 - 0x00007ffcd7bc7000 	C:\windows\System32\cryptsp.dll
0x00007ffcc2f80000 - 0x00007ffcc2f98000 	c:\Users\정호정\.vscode\extensions\redhat.java-1.39.0-win32-x64\jre\21.0.5-win32-x86_64\bin\zip.dll
0x00007ffcca3c0000 - 0x00007ffcca3d0000 	C:\Users\정호정\.vscode\extensions\redhat.java-1.39.0-win32-x64\jre\21.0.5-win32-x86_64\bin\net.dll
0x00007ffcd0090000 - 0x00007ffcd018a000 	C:\windows\SYSTEM32\WINHTTP.dll
0x00007ffcd71d0000 - 0x00007ffcd7237000 	C:\windows\system32\mswsock.dll
0x00007ffcc0be0000 - 0x00007ffcc0bf6000 	C:\Users\정호정\.vscode\extensions\redhat.java-1.39.0-win32-x64\jre\21.0.5-win32-x86_64\bin\nio.dll
0x00007ffcc64e0000 - 0x00007ffcc64f0000 	c:\Users\정호정\.vscode\extensions\redhat.java-1.39.0-win32-x64\jre\21.0.5-win32-x86_64\bin\verify.dll
0x00007ffcbfb00000 - 0x00007ffcbfb45000 	C:\Users\정호정\AppData\Roaming\Code\User\globalStorage\redhat.java\1.39.0\config_win\org.eclipse.equinox.launcher\org.eclipse.equinox.launcher.win32.win32.x86_64_1.2.1100.v20240722-2106\eclipse_11904.dll
0x00007ffcda4f0000 - 0x00007ffcda647000 	C:\windows\System32\ole32.dll
0x00007ffcd6d50000 - 0x00007ffcd6d83000 	C:\windows\system32\rsaenh.dll
0x00007ffcd84b0000 - 0x00007ffcd84d6000 	C:\windows\System32\bcrypt.dll
0x00007ffcd7880000 - 0x00007ffcd78a5000 	C:\windows\SYSTEM32\USERENV.dll
0x00007ffcd73a0000 - 0x00007ffcd73ac000 	C:\windows\SYSTEM32\CRYPTBASE.dll
0x00007ffcd6ee0000 - 0x00007ffcd6f1a000 	C:\windows\SYSTEM32\IPHLPAPI.DLL
0x00007ffcd9d00000 - 0x00007ffcd9d08000 	C:\windows\System32\NSI.dll
0x00007ffcbaeb0000 - 0x00007ffcbaef9000 	C:\Users\정호정\AppData\Local\Temp\jna-50974642\jna17904899952436722158.dll
0x00007ffcd9190000 - 0x00007ffcd9198000 	C:\windows\System32\PSAPI.DLL
0x00007ffccd050000 - 0x00007ffccd066000 	C:\windows\SYSTEM32\dhcpcsvc6.DLL
0x00007ffccde10000 - 0x00007ffccde2c000 	C:\windows\SYSTEM32\dhcpcsvc.DLL
0x00007ffcac950000 - 0x00007ffcac977000 	C:\Users\정호정\.gradle\native\c067742578af261105cb4f569cf0c3c89f3d7b1fecec35dd04571415982c5e48\windows-amd64\native-platform.dll
0x00007ffcc6af0000 - 0x00007ffcc6afa000 	C:\Users\정호정\.vscode\extensions\redhat.java-1.39.0-win32-x64\jre\21.0.5-win32-x86_64\bin\management.dll
0x00007ffcc6a70000 - 0x00007ffcc6a7b000 	C:\Users\정호정\.vscode\extensions\redhat.java-1.39.0-win32-x64\jre\21.0.5-win32-x86_64\bin\management_ext.dll

dbghelp: loaded successfully - version: 4.0.5 - missing functions: none
symbol engine: initialized successfully - sym options: 0x614 - pdb path: .;c:\Users\정호정\.vscode\extensions\redhat.java-1.39.0-win32-x64\jre\21.0.5-win32-x86_64\bin;C:\windows\SYSTEM32;C:\windows\WinSxS\amd64_microsoft.windows.common-controls_6595b64144ccf1df_6.0.18362.1556_none_9e7e372fe45e41d5;c:\Users\정호정\.vscode\extensions\redhat.java-1.39.0-win32-x64\jre\21.0.5-win32-x86_64\bin\;c:\Users\정호정\.vscode\extensions\redhat.java-1.39.0-win32-x64\jre\21.0.5-win32-x86_64\b;c:\Users\정호정\.vscode\extensions\redhat.java-1.39.0-win32-x64\jre\21.0.5-win32-x86_6;c:\Users\정호정\.vscode\extensions\redhat.java-1.39.0-win32-x64\jre\21.0.5-win32-x8;c:\Users\정호정\.vscode\extensions\redhat.java-1.39.0-win32-x64\jre\21.0.5-win32;c:\Users\정호정\.vscode\extensions\redhat.java-1.39.0-win32-x64\jre\21.0.5-wi;c:\Users\정호정\.vscode\extensions\redhat.java-1.39.0-win32-x64\jre\21.0.5-win32-x86_64\bin\server;C:\Users\정호정\AppData\Roaming\Code\User\globalStorage\redhat.java\1.39.0\config_win\org.eclipse.equinox.launcher\org.eclipse.equinox.launcher.win32.win32.x86;C:\Users\정호정\AppData\Roaming\Code\User\globalStorage\redhat.java\1.39.0\config_win\org.eclipse.equinox.launcher\org.eclipse.equinox.launcher.win32.win32.x86_64_1.2.1100.v20240722-2106;C:\Users\정호?C:\Users\정호정\AppData\Local\Temp\jna-50974642;C:\Users\정호정\.gradle\native\c067742578af261105cb4f569cf0c3c89f3d7b1f;C:\Users\정호정\AppData\Local\Temp\jna-50974642;C:\Users\정호정\.gradle\native\c067742578af261105cb4f569cf0c3c89f;C:\Users\정호정\.gradle\native\c067742578af261105cb4f569cf0c3c

VM Arguments:
jvm_args: --add-modules=ALL-SYSTEM --add-opens=java.base/java.util=ALL-UNNAMED --add-opens=java.base/java.lang=ALL-UNNAMED --add-opens=java.base/sun.nio.fs=ALL-UNNAMED -Declipse.application=org.eclipse.jdt.ls.core.id1 -Dosgi.bundles.defaultStartLevel=4 -Declipse.product=org.eclipse.jdt.ls.core.product -Djava.import.generatesMetadataFilesAtProjectRoot=false -DDetectVMInstallationsJob.disabled=true -Dfile.encoding=utf8 -XX:+UseParallelGC -XX:GCTimeRatio=4 -XX:AdaptiveSizePolicyWeight=90 -Dsun.zip.disableMemoryMapping=true -Xmx1G -Xms100m -Xlog:disable -javaagent:c:\Users\정호정\.vscode\extensions\redhat.java-1.39.0-win32-x64\lombok\lombok-1.18.34.jar -XX:+HeapDumpOnOutOfMemoryError -XX:HeapDumpPath=c:\Users\정호정\AppData\Roaming\Code\User\workspaceStorage\5f876e61def9000ba0f118a0751d2544\redhat.java -Daether.dependencyCollector.impl=bf 
java_command: c:\Users\정호정\.vscode\extensions\redhat.java-1.39.0-win32-x64\server\plugins\org.eclipse.equinox.launcher_1.6.900.v20240613-2009.jar -configuration c:\Users\정호정\AppData\Roaming\Code\User\globalStorage\redhat.java\1.39.0\config_win -data c:\Users\정호정\AppData\Roaming\Code\User\workspaceStorage\5f876e61def9000ba0f118a0751d2544\redhat.java\jdt_ws --pipe=\\.\pipe\lsp-1cbc7e2ac6741ecafe7802720a1f112b-sock
java_class_path (initial): c:\Users\정호정\.vscode\extensions\redhat.java-1.39.0-win32-x64\server\plugins\org.eclipse.equinox.launcher_1.6.900.v20240613-2009.jar
Launcher Type: SUN_STANDARD

[Global flags]
    uintx AdaptiveSizePolicyWeight                 = 90                                        {product} {command line}
     intx CICompilerCount                          = 4                                         {product} {ergonomic}
    uintx GCTimeRatio                              = 4                                         {product} {command line}
     bool HeapDumpOnOutOfMemoryError               = true                                   {manageable} {command line}
    ccstr HeapDumpPath                             = c:\Users\정호정\AppData\Roaming\Code\User\workspaceStorage\5f876e61def9000ba0f118a0751d2544\redhat.java         {manageable} {command line}
   size_t InitialHeapSize                          = 104857600                                 {product} {command line}
   size_t MaxHeapSize                              = 1073741824                                {product} {command line}
   size_t MaxNewSize                               = 357564416                                 {product} {ergonomic}
   size_t MinHeapDeltaBytes                        = 524288                                    {product} {ergonomic}
   size_t MinHeapSize                              = 104857600                                 {product} {command line}
   size_t NewSize                                  = 34603008                                  {product} {ergonomic}
    uintx NonNMethodCodeHeapSize                   = 5839372                                {pd product} {ergonomic}
    uintx NonProfiledCodeHeapSize                  = 122909434                              {pd product} {ergonomic}
   size_t OldSize                                  = 70254592                                  {product} {ergonomic}
    uintx ProfiledCodeHeapSize                     = 122909434                              {pd product} {ergonomic}
    uintx ReservedCodeCacheSize                    = 251658240                              {pd product} {ergonomic}
     bool SegmentedCodeCache                       = true                                      {product} {ergonomic}
   size_t SoftMaxHeapSize                          = 1073741824                             {manageable} {ergonomic}
     bool UseCompressedOops                        = true                           {product lp64_product} {ergonomic}
     bool UseLargePagesIndividualAllocation        = false                                  {pd product} {ergonomic}
     bool UseParallelGC                            = true                                      {product} {command line}

Logging:
Log output configuration:
 #0: stdout all=off uptime,level,tags foldmultilines=false
 #1: stderr all=off uptime,level,tags foldmultilines=false

Environment Variables:
JAVA_HOME=C:\Program Files\Eclipse Adoptium\jdk-17.0.12.7-hotspot\
CLASSPATH=C:\Program Files\Eclipse Adoptium\jdk-17.0.12.7-hotspot\\lib
PATH=C:\Program Files\Eclipse Adoptium\jdk-17.0.12.7-hotspot\bin;C:\WinAVR-20100110\bin;C:\WinAVR-20100110\utils\bin;C:\windows\system32;C:\windows;C:\windows\System32\Wbem;C:\windows\System32\WindowsPowerShell\v1.0\;C:\windows\System32\OpenSSH\;C:\Program Files (x86)\NVIDIA Corporation\PhysX\Common;C:\Program Files\NVIDIA Corporation\NVIDIA NvDLISR;C:\Program Files\Intel\WiFi\bin\;C:\Program Files\Common Files\Intel\WirelessCommon\;C:\User\Anaconda3;C:\User\Anaconda3\condabin;C:\User\Anaconda3\Library\bin;C:\User\Scripts;C:\Program Files\openjdk-16_windows-x64_bin\jdk-16\bin;C:\Program Files\Microsoft SQL Server\Client SDK\ODBC\170\Tools\Binn\;C:\Program Files\dotnet\;C:\Program Files\MySQL\MySQL Server 8.0\bin;C:\Program Files\Microsoft SQL Server\130\Tools\Binn\;C:\Program Files\Git\cmd;C:\user\lib\site-packages\torch;C:\Program Files\Microsoft SQL Server\150\Tools\Binn\;C:\Program Files\nodejs\;C:\Users\정호정\AppData\Local\Packages\PythonSoftwareFoundation.Python.3.8_qbz5n2kfra8p0\LocalCache\local-packages\Python38\Scripts;C:\platform-tools\;C:\SDK\platform-tools;C:\SDK\tools;C:\Users\정호정\AppData\Local\Microsoft\WindowsApps;C:\Program Files\JetBrains\PyCharm Community Edition 2020.2.1\bin;;C:\Users\정호정\.dotnet\tools;C:\Users\정호정\AppData\Local\Programs\Microsoft VS Code\bin;C:\Users\정호정\AppData\Roaming\npm;C:\SDK\platform-tools;C:\SDK;
USERNAME=정호정
OS=Windows_NT
PROCESSOR_IDENTIFIER=Intel64 Family 6 Model 142 Stepping 12, GenuineIntel
TMP=C:\Users\정호정\AppData\Local\Temp
TEMP=C:\Users\정호정\AppData\Local\Temp




Periodic native trim disabled

---------------  S Y S T E M  ---------------

OS:
 Windows 10 , 64 bit Build 18362 (10.0.18362.1500)
OS uptime: 28 days 5:27 hours

CPU: total 8 (initial active 8) (4 cores per cpu, 2 threads per core) family 6 model 142 stepping 12 microcode 0xde, cx8, cmov, fxsr, ht, mmx, 3dnowpref, sse, sse2, sse3, ssse3, sse4.1, sse4.2, popcnt, lzcnt, tsc, tscinvbit, avx, avx2, aes, erms, clmul, bmi1, bmi2, adx, fma, vzeroupper, clflush, clflushopt, rdtscp, f16c
Processor Information for all 8 processors :
  Max Mhz: 2112, Current Mhz: 1609, Mhz Limit: 1605

Memory: 4k page, system-wide physical 8001M (447M free)
TotalPageFile size 32577M (AvailPageFile size 2M)
current process WorkingSet (physical memory assigned to process): 463M, peak: 482M
current process commit charge ("private bytes"): 566M, peak: 960M

vm_info: OpenJDK 64-Bit Server VM (21.0.5+11-LTS) for windows-amd64 JRE (21.0.5+11-LTS), built on 2024-10-15T00:00:00Z by "admin" with MS VC++ 17.7 (VS2022)

END.
