#
# There is insufficient memory for the Java Runtime Environment to continue.
# Native memory allocation (malloc) failed to allocate 282736 bytes. Error detail: Chunk::new
# Possible reasons:
#   The system is out of physical RAM or swap space
#   This process is running with CompressedOops enabled, and the Java Heap may be blocking the growth of the native heap
# Possible solutions:
#   Reduce memory load on the system
#   Increase physical memory or swap space
#   Check if swap backing store is full
#   Decrease Java heap size (-Xmx/-Xms)
#   Decrease number of Java threads
#   Decrease Java thread stack sizes (-Xss)
#   Set larger code cache with -XX:ReservedCodeCacheSize=
#   JVM is running with Unscaled Compressed Oops mode in which the Java heap is
#     placed in the first 4GB address space. The Java Heap base address is the
#     maximum limit for the native heap growth. Please use -XX:HeapBaseMinAddress
#     to set the Java Heap base and to place the Java Heap above 4GB virtual address.
# This output file may be truncated or incomplete.
#
#  Out of Memory Error (arena.cpp:168), pid=24888, tid=14100
#
# JRE version: OpenJDK Runtime Environment Temurin-21.0.5+11 (21.0.5+11) (build 21.0.5+11-LTS)
# Java VM: OpenJDK 64-Bit Server VM Temurin-21.0.5+11 (21.0.5+11-LTS, mixed mode, sharing, tiered, compressed oops, compressed class ptrs, parallel gc, windows-amd64)
# No core dump will be written. Minidumps are not enabled by default on client versions of Windows
#

---------------  S U M M A R Y ------------

Command Line: --add-modules=ALL-SYSTEM --add-opens=java.base/java.util=ALL-UNNAMED --add-opens=java.base/java.lang=ALL-UNNAMED --add-opens=java.base/sun.nio.fs=ALL-UNNAMED -Declipse.application=org.eclipse.jdt.ls.core.id1 -Dosgi.bundles.defaultStartLevel=4 -Declipse.product=org.eclipse.jdt.ls.core.product -Djava.import.generatesMetadataFilesAtProjectRoot=false -DDetectVMInstallationsJob.disabled=true -Dfile.encoding=utf8 -XX:+UseParallelGC -XX:GCTimeRatio=4 -XX:AdaptiveSizePolicyWeight=90 -Dsun.zip.disableMemoryMapping=true -Xmx1G -Xms100m -Xlog:disable -javaagent:c:\Users\정호정\.vscode\extensions\redhat.java-1.39.0-win32-x64\lombok\lombok-1.18.34.jar c:\Users\정호정\.vscode\extensions\redhat.java-1.39.0-win32-x64\server\plugins\org.eclipse.equinox.launcher_1.6.900.v20240613-2009.jar -configuration c:\Users\정호정\AppData\Roaming\Code\User\globalStorage\redhat.java\1.39.0\config_ss_win -data c:\Users\정호정\AppData\Roaming\Code\User\workspaceStorage\5f876e61def9000ba0f118a0751d2544\redhat.java\ss_ws --pipe=\\.\pipe\lsp-1b6c4ffb7b61daf79e76d74df05c42c7-sock

Host: Intel(R) Core(TM) i5-10210U CPU @ 1.60GHz, 8 cores, 7G,  Windows 10 , 64 bit Build 18362 (10.0.18362.1500)
Time: Fri Jan 24 15:51:49 2025 대한민국 표준시 elapsed time: 46.022004 seconds (0d 0h 0m 46s)

---------------  T H R E A D  ---------------

Current thread (0x00000242beda2ec0):  JavaThread "C2 CompilerThread0" daemon [_thread_in_native, id=14100, stack(0x000000cf06300000,0x000000cf06400000) (1024K)]


Current CompileTask:
C2:46022 5400       4       java.io.DataOutputStream::writeUTF (389 bytes)

Stack: [0x000000cf06300000,0x000000cf06400000]
Native frames: (J=compiled Java code, j=interpreted, Vv=VM code, C=native code)
V  [jvm.dll+0x6cd4e9]
V  [jvm.dll+0x8a7941]
V  [jvm.dll+0x8a9e6e]
V  [jvm.dll+0x8aa543]
V  [jvm.dll+0x27f6d6]
V  [jvm.dll+0xc500d]
V  [jvm.dll+0xc5543]
V  [jvm.dll+0x2f2a9d]
V  [jvm.dll+0x5f67ea]
V  [jvm.dll+0x250b82]
V  [jvm.dll+0x24963f]
V  [jvm.dll+0x246ea4]
V  [jvm.dll+0x1c75ce]
V  [jvm.dll+0x25682a]
V  [jvm.dll+0x254dca]
V  [jvm.dll+0x3f00d6]
V  [jvm.dll+0x8514fb]
V  [jvm.dll+0x6cbbed]
C  [ucrtbase.dll+0x210b2]
C  [KERNEL32.DLL+0x17c24]
C  [ntdll.dll+0x6d721]


---------------  P R O C E S S  ---------------

Threads class SMR info:
_java_thread_list=0x000002430af66c10, length=39, elements={
0x00000242a8726310, 0x00000242bed8ce00, 0x00000242bed8f470, 0x00000242bed92f60,
0x00000242bed947c0, 0x00000242bed96790, 0x00000242bed9f560, 0x00000242beda2ec0,
0x00000242bedb6b20, 0x00000242bed9e1b0, 0x00000242beda0280, 0x00000242bed9eed0,
0x00000242bed9fbf0, 0x00000242beda0910, 0x00000242bed9d490, 0x00000242bed9e840,
0x000002430a1ecd20, 0x000002430a1f0830, 0x000002430a1f0ec0, 0x000002430a1f1be0,
0x000002430a1f2270, 0x000002430a1ee760, 0x000002430a1f3cb0, 0x000002430a1eedf0,
0x000002430a1f2900, 0x000002430a1f2f90, 0x000002430a1f01a0, 0x000002430a1efb10,
0x000002430a1f1550, 0x000002430a1eda40, 0x000002430a1f3620, 0x000002430a1ed3b0,
0x000002430a1f4340, 0x000002430a1ef480, 0x00000242bed9db20, 0x0000024309f43b70,
0x0000024309f4a470, 0x0000024309f44200, 0x000002430b7bc9f0
}

Java Threads: ( => current thread )
  0x00000242a8726310 JavaThread "main"                              [_thread_blocked, id=22216, stack(0x000000cf05900000,0x000000cf05a00000) (1024K)]
  0x00000242bed8ce00 JavaThread "Reference Handler"          daemon [_thread_blocked, id=22752, stack(0x000000cf05d00000,0x000000cf05e00000) (1024K)]
  0x00000242bed8f470 JavaThread "Finalizer"                  daemon [_thread_blocked, id=8336, stack(0x000000cf05e00000,0x000000cf05f00000) (1024K)]
  0x00000242bed92f60 JavaThread "Signal Dispatcher"          daemon [_thread_blocked, id=41356, stack(0x000000cf05f00000,0x000000cf06000000) (1024K)]
  0x00000242bed947c0 JavaThread "Attach Listener"            daemon [_thread_blocked, id=18740, stack(0x000000cf06000000,0x000000cf06100000) (1024K)]
  0x00000242bed96790 JavaThread "Service Thread"             daemon [_thread_blocked, id=28920, stack(0x000000cf06100000,0x000000cf06200000) (1024K)]
  0x00000242bed9f560 JavaThread "Monitor Deflation Thread"   daemon [_thread_blocked, id=4308, stack(0x000000cf06200000,0x000000cf06300000) (1024K)]
=>0x00000242beda2ec0 JavaThread "C2 CompilerThread0"         daemon [_thread_in_native, id=14100, stack(0x000000cf06300000,0x000000cf06400000) (1024K)]
  0x00000242bedb6b20 JavaThread "C1 CompilerThread0"         daemon [_thread_blocked, id=18428, stack(0x000000cf06400000,0x000000cf06500000) (1024K)]
  0x00000242bed9e1b0 JavaThread "Common-Cleaner"             daemon [_thread_blocked, id=37524, stack(0x000000cf06500000,0x000000cf06600000) (1024K)]
  0x00000242beda0280 JavaThread "Notification Thread"        daemon [_thread_blocked, id=31156, stack(0x000000cf06700000,0x000000cf06800000) (1024K)]
  0x00000242bed9eed0 JavaThread "Active Thread: Equinox Container: 8c0a2cb5-5816-42ef-87b2-cc2e3b142f6a"        [_thread_blocked, id=40384, stack(0x000000cf06f00000,0x000000cf07000000) (1024K)]
  0x00000242bed9fbf0 JavaThread "Framework Event Dispatcher: Equinox Container: 8c0a2cb5-5816-42ef-87b2-cc2e3b142f6a" daemon [_thread_blocked, id=41036, stack(0x000000cf06800000,0x000000cf06900000) (1024K)]
  0x00000242beda0910 JavaThread "Start Level: Equinox Container: 8c0a2cb5-5816-42ef-87b2-cc2e3b142f6a" daemon [_thread_blocked, id=22900, stack(0x000000cf07000000,0x000000cf07100000) (1024K)]
  0x00000242bed9d490 JavaThread "SCR Component Actor"        daemon [_thread_blocked, id=23844, stack(0x000000cf07100000,0x000000cf07200000) (1024K)]
  0x00000242bed9e840 JavaThread "Worker-JM"                         [_thread_blocked, id=9920, stack(0x000000cf07400000,0x000000cf07500000) (1024K)]
  0x000002430a1ecd20 JavaThread "JNA Cleaner"                daemon [_thread_blocked, id=41704, stack(0x000000cf07300000,0x000000cf07400000) (1024K)]
  0x000002430a1f0830 JavaThread "Worker-0"                          [_thread_blocked, id=21452, stack(0x000000cf07500000,0x000000cf07600000) (1024K)]
  0x000002430a1f0ec0 JavaThread "Worker-1"                          [_thread_blocked, id=8532, stack(0x000000cf07600000,0x000000cf07700000) (1024K)]
  0x000002430a1f1be0 JavaThread "Thread-2"                   daemon [_thread_in_native, id=6464, stack(0x000000cf07800000,0x000000cf07900000) (1024K)]
  0x000002430a1f2270 JavaThread "Thread-3"                   daemon [_thread_in_native, id=35996, stack(0x000000cf07a00000,0x000000cf07b00000) (1024K)]
  0x000002430a1ee760 JavaThread "Thread-4"                   daemon [_thread_in_native, id=2428, stack(0x000000cf07b00000,0x000000cf07c00000) (1024K)]
  0x000002430a1f3cb0 JavaThread "Thread-5"                   daemon [_thread_in_native, id=19672, stack(0x000000cf07c00000,0x000000cf07d00000) (1024K)]
  0x000002430a1eedf0 JavaThread "Thread-6"                   daemon [_thread_in_native, id=13352, stack(0x000000cf07d00000,0x000000cf07e00000) (1024K)]
  0x000002430a1f2900 JavaThread "Thread-7"                   daemon [_thread_in_native, id=41768, stack(0x000000cf07e00000,0x000000cf07f00000) (1024K)]
  0x000002430a1f2f90 JavaThread "Thread-8"                   daemon [_thread_in_native, id=12780, stack(0x000000cf07f00000,0x000000cf08000000) (1024K)]
  0x000002430a1f01a0 JavaThread "Thread-9"                   daemon [_thread_in_native, id=22480, stack(0x000000cf08000000,0x000000cf08100000) (1024K)]
  0x000002430a1efb10 JavaThread "Thread-10"                  daemon [_thread_in_native, id=24616, stack(0x000000cf08100000,0x000000cf08200000) (1024K)]
  0x000002430a1f1550 JavaThread "pool-2-thread-1"                   [_thread_blocked, id=36596, stack(0x000000cf08200000,0x000000cf08300000) (1024K)]
  0x000002430a1eda40 JavaThread "WorkspaceEventsHandler"            [_thread_blocked, id=41616, stack(0x000000cf07700000,0x000000cf07800000) (1024K)]
  0x000002430a1f3620 JavaThread "pool-1-thread-1"                   [_thread_blocked, id=34456, stack(0x000000cf07900000,0x000000cf07a00000) (1024K)]
  0x000002430a1ed3b0 JavaThread "ForkJoinPool.commonPool-worker-1" daemon [_thread_blocked, id=35660, stack(0x000000cf08300000,0x000000cf08400000) (1024K)]
  0x000002430a1f4340 JavaThread "ForkJoinPool.commonPool-worker-2" daemon [_thread_blocked, id=7460, stack(0x000000cf08400000,0x000000cf08500000) (1024K)]
  0x000002430a1ef480 JavaThread "ForkJoinPool.commonPool-worker-3" daemon [_thread_blocked, id=31104, stack(0x000000cf08500000,0x000000cf08600000) (1024K)]
  0x00000242bed9db20 JavaThread "ForkJoinPool.commonPool-worker-4" daemon [_thread_blocked, id=32972, stack(0x000000cf08600000,0x000000cf08700000) (1024K)]
  0x0000024309f43b70 JavaThread "Worker-2"                          [_thread_blocked, id=38780, stack(0x000000cf08800000,0x000000cf08900000) (1024K)]
  0x0000024309f4a470 JavaThread "pool-3-thread-1"                   [_thread_blocked, id=23984, stack(0x000000cf08900000,0x000000cf08a00000) (1024K)]
  0x0000024309f44200 JavaThread "Framework stop - Equinox Container: 8c0a2cb5-5816-42ef-87b2-cc2e3b142f6a"        [_thread_in_vm, id=39748, stack(0x000000cf08a00000,0x000000cf08b00000) (1024K)]
  0x000002430b7bc9f0 JavaThread "C2 CompilerThread1"         daemon [_thread_blocked, id=36088, stack(0x000000cf08b00000,0x000000cf08c00000) (1024K)]
Total: 39

Other Threads:
  0x00000242aa938cb0 VMThread "VM Thread"                           [id=20908, stack(0x000000cf05c00000,0x000000cf05d00000) (1024K)]
  0x00000242aa8ea3d0 WatcherThread "VM Periodic Task Thread"        [id=15668, stack(0x000000cf05b00000,0x000000cf05c00000) (1024K)]
  0x00000242aa89d220 WorkerThread "GC Thread#0"                     [id=37900, stack(0x000000cf05a00000,0x000000cf05b00000) (1024K)]
  0x00000243098d8d40 WorkerThread "GC Thread#1"                     [id=34452, stack(0x000000cf06900000,0x000000cf06a00000) (1024K)]
  0x0000024309aab070 WorkerThread "GC Thread#2"                     [id=1484, stack(0x000000cf06a00000,0x000000cf06b00000) (1024K)]
  0x0000024309aab410 WorkerThread "GC Thread#3"                     [id=39324, stack(0x000000cf06b00000,0x000000cf06c00000) (1024K)]
  0x0000024309aab7b0 WorkerThread "GC Thread#4"                     [id=37060, stack(0x000000cf06c00000,0x000000cf06d00000) (1024K)]
  0x0000024309aabb50 WorkerThread "GC Thread#5"                     [id=7324, stack(0x000000cf06d00000,0x000000cf06e00000) (1024K)]
  0x000002430965bb50 WorkerThread "GC Thread#6"                     [id=26512, stack(0x000000cf06e00000,0x000000cf06f00000) (1024K)]
  0x0000024309b0dbc0 WorkerThread "GC Thread#7"                     [id=36464, stack(0x000000cf07200000,0x000000cf07300000) (1024K)]
Total: 10

Threads with active compile tasks:
C2 CompilerThread0  46134 5400       4       java.io.DataOutputStream::writeUTF (389 bytes)
Total: 1

VM state: not at safepoint (normal execution)

VM Mutex/Monitor currently owned by a thread:  ([mutex/lock_event])
[0x00007ffc6d2cd680] VMOperation_lock - owner thread: 0x0000000000000000

Heap address: 0x00000000c0000000, size: 1024 MB, Compressed Oops mode: 32-bit

CDS archive(s) mapped at: [0x00000242bf000000-0x00000242bfba0000-0x00000242bfba0000), size 12189696, SharedBaseAddress: 0x00000242bf000000, ArchiveRelocationMode: 1.
Compressed class space mapped at: 0x00000242c0000000-0x0000024300000000, reserved size: 1073741824
Narrow klass base: 0x00000242bf000000, Narrow klass shift: 0, Narrow klass range: 0x100000000

GC Precious Log:
 CardTable entry size: 512
 CPUs: 8 total, 8 available
 Memory: 8001M
 Large Page Support: Disabled
 NUMA Support: Disabled
 Compressed Oops: Enabled (32-bit)
 Alignments: Space 512K, Generation 512K, Heap 2M
 Heap Min Capacity: 100M
 Heap Initial Capacity: 100M
 Heap Max Capacity: 1G
 Pre-touch: Disabled
 Parallel Workers: 8

Heap:
 PSYoungGen      total 22016K, used 16591K [0x00000000eab00000, 0x00000000ec300000, 0x0000000100000000)
  eden space 20992K, 75% used [0x00000000eab00000,0x00000000eba627e8,0x00000000ebf80000)
  from space 1024K, 81% used [0x00000000ec200000,0x00000000ec2d1470,0x00000000ec300000)
  to   space 1536K, 0% used [0x00000000ec000000,0x00000000ec000000,0x00000000ec180000)
 ParOldGen       total 68608K, used 31482K [0x00000000c0000000, 0x00000000c4300000, 0x00000000eab00000)
  object space 68608K, 45% used [0x00000000c0000000,0x00000000c1ebeb10,0x00000000c4300000)
 Metaspace       used 41516K, committed 42560K, reserved 1114112K
  class space    used 4117K, committed 4544K, reserved 1048576K

Card table byte_map: [0x00000242aa220000,0x00000242aa430000] _byte_map_base: 0x00000242a9c20000

Marking Bits: (ParMarkBitMap*) 0x00007ffc6d2d2250
 Begin Bits: [0x00000242bcbd0000, 0x00000242bdbd0000)
 End Bits:   [0x00000242bdbd0000, 0x00000242bebd0000)

Polling page: 0x00000242a8850000

Metaspace:

Usage:
  Non-class:     36.52 MB used.
      Class:      4.02 MB used.
       Both:     40.54 MB used.

Virtual space:
  Non-class space:       64.00 MB reserved,      37.13 MB ( 58%) committed,  1 nodes.
      Class space:        1.00 GB reserved,       4.44 MB ( <1%) committed,  1 nodes.
             Both:        1.06 GB reserved,      41.56 MB (  4%) committed. 

Chunk freelists:
   Non-Class:  10.30 MB
       Class:  11.48 MB
        Both:  21.77 MB

MaxMetaspaceSize: unlimited
CompressedClassSpaceSize: 1.00 GB
Initial GC threshold: 21.00 MB
Current GC threshold: 58.38 MB
CDS: on
 - commit_granule_bytes: 65536.
 - commit_granule_words: 8192.
 - virtual_space_node_default_size: 8388608.
 - enlarge_chunks_in_place: 1.
 - use_allocation_guard: 0.


Internal statistics:

num_allocs_failed_limit: 6.
num_arena_births: 826.
num_arena_deaths: 62.
num_vsnodes_births: 2.
num_vsnodes_deaths: 0.
num_space_committed: 665.
num_space_uncommitted: 0.
num_chunks_returned_to_freelist: 84.
num_chunks_taken_from_freelist: 2584.
num_chunk_merges: 22.
num_chunk_splits: 1646.
num_chunks_enlarged: 1021.
num_inconsistent_stats: 0.

CodeHeap 'non-profiled nmethods': size=120000Kb used=3022Kb max_used=3022Kb free=116977Kb
 bounds [0x00000242b56a0000, 0x00000242b59a0000, 0x00000242bcbd0000]
CodeHeap 'profiled nmethods': size=120000Kb used=10529Kb max_used=10529Kb free=109470Kb
 bounds [0x00000242adbd0000, 0x00000242ae620000, 0x00000242b5100000]
CodeHeap 'non-nmethods': size=5760Kb used=1407Kb max_used=1479Kb free=4352Kb
 bounds [0x00000242b5100000, 0x00000242b5370000, 0x00000242b56a0000]
 total_blobs=5756 nmethods=5039 adapters=622
 compilation: enabled
              stopped_count=0, restarted_count=0
 full_count=0

Compilation events (20 events):
Event: 45.980 Thread 0x00000242bedb6b20 5402       3       java.lang.invoke.VarHandleByteArrayAsShorts$ArrayHandle::set (39 bytes)
Event: 45.980 Thread 0x00000242bedb6b20 nmethod 5402 0x00000242ae608e90 code [0x00000242ae609060, 0x00000242ae609438]
Event: 45.981 Thread 0x00000242bedb6b20 5404       1       org.eclipse.core.internal.resources.MarkerInfo::getCreationTime (5 bytes)
Event: 45.981 Thread 0x00000242bedb6b20 nmethod 5404 0x00000242b598ea10 code [0x00000242b598eba0, 0x00000242b598ec68]
Event: 45.984 Thread 0x00000242bedb6b20 5405       3       jdk.internal.util.ByteArray::setUnsignedShort (12 bytes)
Event: 45.986 Thread 0x00000242bedb6b20 nmethod 5405 0x00000242ae609610 code [0x00000242ae609800, 0x00000242ae609d50]
Event: 45.987 Thread 0x00000242bedb6b20 5406       3       org.eclipse.core.internal.resources.MarkerWriter::write (155 bytes)
Event: 45.991 Thread 0x00000242bedb6b20 nmethod 5406 0x00000242ae609f90 code [0x00000242ae60a480, 0x00000242ae60d0e0]
Event: 45.991 Thread 0x00000242bedb6b20 5407       3       org.eclipse.core.internal.resources.MarkerManager::isPersistent (49 bytes)
Event: 45.992 Thread 0x00000242bedb6b20 nmethod 5407 0x00000242ae60de10 code [0x00000242ae60e060, 0x00000242ae60eac8]
Event: 45.992 Thread 0x00000242bedb6b20 5408       3       org.eclipse.core.internal.resources.MarkerTypeDefinitionCache::isPersistent (27 bytes)
Event: 45.992 Thread 0x00000242bedb6b20 nmethod 5408 0x00000242ae60ee10 code [0x00000242ae60efe0, 0x00000242ae60f340]
Event: 45.994 Thread 0x00000242bedb6b20 5409       3       org.eclipse.core.internal.resources.SaveManager$$Lambda/0x00000242c0361ba8::visitElement (43 bytes)
Event: 45.994 Thread 0x00000242bedb6b20 nmethod 5409 0x00000242ae60f490 code [0x00000242ae60f640, 0x00000242ae60f810]
Event: 45.994 Thread 0x00000242bedb6b20 5410   !   3       org.eclipse.core.internal.resources.SaveManager::lambda$4 (137 bytes)
Event: 45.995 Thread 0x00000242bedb6b20 nmethod 5410 0x00000242ae60f910 code [0x00000242ae60fb40, 0x00000242ae610230]
Event: 45.998 Thread 0x00000242beda2ec0 nmethod 5399 0x00000242b598ed10 code [0x00000242b598ef40, 0x00000242b598f9c0]
Event: 45.998 Thread 0x00000242beda2ec0 5400       4       java.io.DataOutputStream::writeUTF (389 bytes)
Event: 46.000 Thread 0x00000242bedb6b20 5411       3       jdk.internal.loader.NativeLibraries$NativeLibraryImpl::find (9 bytes)
Event: 46.000 Thread 0x00000242bedb6b20 nmethod 5411 0x00000242ae610690 code [0x00000242ae610840, 0x00000242ae610980]

GC Heap History (20 events):
Event: 11.803 GC heap before
{Heap before GC invocations=13 (full 1):
 PSYoungGen      total 24576K, used 24509K [0x00000000eab00000, 0x00000000ec780000, 0x0000000100000000)
  eden space 22016K, 99% used [0x00000000eab00000,0x00000000ec07efb8,0x00000000ec080000)
  from space 2560K, 97% used [0x00000000ec280000,0x00000000ec4f0810,0x00000000ec500000)
  to   space 2560K, 0% used [0x00000000ec500000,0x00000000ec500000,0x00000000ec780000)
 ParOldGen       total 68608K, used 17114K [0x00000000c0000000, 0x00000000c4300000, 0x00000000eab00000)
  object space 68608K, 24% used [0x00000000c0000000,0x00000000c10b69a8,0x00000000c4300000)
 Metaspace       used 32467K, committed 33408K, reserved 1114112K
  class space    used 3238K, committed 3648K, reserved 1048576K
}
Event: 11.807 GC heap after
{Heap after GC invocations=13 (full 1):
 PSYoungGen      total 24064K, used 1910K [0x00000000eab00000, 0x00000000ec700000, 0x0000000100000000)
  eden space 22016K, 0% used [0x00000000eab00000,0x00000000eab00000,0x00000000ec080000)
  from space 2048K, 93% used [0x00000000ec500000,0x00000000ec6ddaf0,0x00000000ec700000)
  to   space 2560K, 0% used [0x00000000ec200000,0x00000000ec200000,0x00000000ec480000)
 ParOldGen       total 68608K, used 19498K [0x00000000c0000000, 0x00000000c4300000, 0x00000000eab00000)
  object space 68608K, 28% used [0x00000000c0000000,0x00000000c130aa28,0x00000000c4300000)
 Metaspace       used 32467K, committed 33408K, reserved 1114112K
  class space    used 3238K, committed 3648K, reserved 1048576K
}
Event: 13.218 GC heap before
{Heap before GC invocations=14 (full 1):
 PSYoungGen      total 24064K, used 23877K [0x00000000eab00000, 0x00000000ec700000, 0x0000000100000000)
  eden space 22016K, 99% used [0x00000000eab00000,0x00000000ec073af8,0x00000000ec080000)
  from space 2048K, 93% used [0x00000000ec500000,0x00000000ec6ddaf0,0x00000000ec700000)
  to   space 2560K, 0% used [0x00000000ec200000,0x00000000ec200000,0x00000000ec480000)
 ParOldGen       total 68608K, used 19498K [0x00000000c0000000, 0x00000000c4300000, 0x00000000eab00000)
  object space 68608K, 28% used [0x00000000c0000000,0x00000000c130aa28,0x00000000c4300000)
 Metaspace       used 33933K, committed 34944K, reserved 1114112K
  class space    used 3418K, committed 3840K, reserved 1048576K
}
Event: 13.223 GC heap after
{Heap after GC invocations=14 (full 1):
 PSYoungGen      total 23040K, used 695K [0x00000000eab00000, 0x00000000ec580000, 0x0000000100000000)
  eden space 22016K, 0% used [0x00000000eab00000,0x00000000eab00000,0x00000000ec080000)
  from space 1024K, 67% used [0x00000000ec200000,0x00000000ec2adcb0,0x00000000ec300000)
  to   space 1536K, 0% used [0x00000000ec400000,0x00000000ec400000,0x00000000ec580000)
 ParOldGen       total 68608K, used 21257K [0x00000000c0000000, 0x00000000c4300000, 0x00000000eab00000)
  object space 68608K, 30% used [0x00000000c0000000,0x00000000c14c24b8,0x00000000c4300000)
 Metaspace       used 33933K, committed 34944K, reserved 1114112K
  class space    used 3418K, committed 3840K, reserved 1048576K
}
Event: 14.631 GC heap before
{Heap before GC invocations=15 (full 1):
 PSYoungGen      total 23040K, used 16032K [0x00000000eab00000, 0x00000000ec580000, 0x0000000100000000)
  eden space 22016K, 69% used [0x00000000eab00000,0x00000000eb9fa588,0x00000000ec080000)
  from space 1024K, 67% used [0x00000000ec200000,0x00000000ec2adcb0,0x00000000ec300000)
  to   space 1536K, 0% used [0x00000000ec400000,0x00000000ec400000,0x00000000ec580000)
 ParOldGen       total 68608K, used 21257K [0x00000000c0000000, 0x00000000c4300000, 0x00000000eab00000)
  object space 68608K, 30% used [0x00000000c0000000,0x00000000c14c24b8,0x00000000c4300000)
 Metaspace       used 34950K, committed 35840K, reserved 1114112K
  class space    used 3502K, committed 3904K, reserved 1048576K
}
Event: 14.634 GC heap after
{Heap after GC invocations=15 (full 1):
 PSYoungGen      total 22528K, used 384K [0x00000000eab00000, 0x00000000ec480000, 0x0000000100000000)
  eden space 22016K, 0% used [0x00000000eab00000,0x00000000eab00000,0x00000000ec080000)
  from space 512K, 75% used [0x00000000ec400000,0x00000000ec460010,0x00000000ec480000)
  to   space 1024K, 0% used [0x00000000ec280000,0x00000000ec280000,0x00000000ec380000)
 ParOldGen       total 68608K, used 21836K [0x00000000c0000000, 0x00000000c4300000, 0x00000000eab00000)
  object space 68608K, 31% used [0x00000000c0000000,0x00000000c1553100,0x00000000c4300000)
 Metaspace       used 34950K, committed 35840K, reserved 1114112K
  class space    used 3502K, committed 3904K, reserved 1048576K
}
Event: 14.634 GC heap before
{Heap before GC invocations=16 (full 2):
 PSYoungGen      total 22528K, used 384K [0x00000000eab00000, 0x00000000ec480000, 0x0000000100000000)
  eden space 22016K, 0% used [0x00000000eab00000,0x00000000eab00000,0x00000000ec080000)
  from space 512K, 75% used [0x00000000ec400000,0x00000000ec460010,0x00000000ec480000)
  to   space 1024K, 0% used [0x00000000ec280000,0x00000000ec280000,0x00000000ec380000)
 ParOldGen       total 68608K, used 21836K [0x00000000c0000000, 0x00000000c4300000, 0x00000000eab00000)
  object space 68608K, 31% used [0x00000000c0000000,0x00000000c1553100,0x00000000c4300000)
 Metaspace       used 34950K, committed 35840K, reserved 1114112K
  class space    used 3502K, committed 3904K, reserved 1048576K
}
Event: 14.709 GC heap after
{Heap after GC invocations=16 (full 2):
 PSYoungGen      total 22528K, used 0K [0x00000000eab00000, 0x00000000ec480000, 0x0000000100000000)
  eden space 22016K, 0% used [0x00000000eab00000,0x00000000eab00000,0x00000000ec080000)
  from space 512K, 0% used [0x00000000ec400000,0x00000000ec400000,0x00000000ec480000)
  to   space 1024K, 0% used [0x00000000ec280000,0x00000000ec280000,0x00000000ec380000)
 ParOldGen       total 68608K, used 21390K [0x00000000c0000000, 0x00000000c4300000, 0x00000000eab00000)
  object space 68608K, 31% used [0x00000000c0000000,0x00000000c14e3948,0x00000000c4300000)
 Metaspace       used 34908K, committed 35840K, reserved 1114112K
  class space    used 3490K, committed 3904K, reserved 1048576K
}
Event: 16.359 GC heap before
{Heap before GC invocations=17 (full 2):
 PSYoungGen      total 22528K, used 22016K [0x00000000eab00000, 0x00000000ec480000, 0x0000000100000000)
  eden space 22016K, 100% used [0x00000000eab00000,0x00000000ec080000,0x00000000ec080000)
  from space 512K, 0% used [0x00000000ec400000,0x00000000ec400000,0x00000000ec480000)
  to   space 1024K, 0% used [0x00000000ec280000,0x00000000ec280000,0x00000000ec380000)
 ParOldGen       total 68608K, used 21390K [0x00000000c0000000, 0x00000000c4300000, 0x00000000eab00000)
  object space 68608K, 31% used [0x00000000c0000000,0x00000000c14e3948,0x00000000c4300000)
 Metaspace       used 37165K, committed 38208K, reserved 1114112K
  class space    used 3662K, committed 4160K, reserved 1048576K
}
Event: 16.365 GC heap after
{Heap after GC invocations=17 (full 2):
 PSYoungGen      total 23040K, used 1008K [0x00000000eab00000, 0x00000000ec480000, 0x0000000100000000)
  eden space 22016K, 0% used [0x00000000eab00000,0x00000000eab00000,0x00000000ec080000)
  from space 1024K, 98% used [0x00000000ec280000,0x00000000ec37c030,0x00000000ec380000)
  to   space 1024K, 0% used [0x00000000ec380000,0x00000000ec380000,0x00000000ec480000)
 ParOldGen       total 68608K, used 22094K [0x00000000c0000000, 0x00000000c4300000, 0x00000000eab00000)
  object space 68608K, 32% used [0x00000000c0000000,0x00000000c1593ab8,0x00000000c4300000)
 Metaspace       used 37165K, committed 38208K, reserved 1114112K
  class space    used 3662K, committed 4160K, reserved 1048576K
}
Event: 16.501 GC heap before
{Heap before GC invocations=18 (full 2):
 PSYoungGen      total 23040K, used 23024K [0x00000000eab00000, 0x00000000ec480000, 0x0000000100000000)
  eden space 22016K, 100% used [0x00000000eab00000,0x00000000ec080000,0x00000000ec080000)
  from space 1024K, 98% used [0x00000000ec280000,0x00000000ec37c030,0x00000000ec380000)
  to   space 1024K, 0% used [0x00000000ec380000,0x00000000ec380000,0x00000000ec480000)
 ParOldGen       total 68608K, used 22094K [0x00000000c0000000, 0x00000000c4300000, 0x00000000eab00000)
  object space 68608K, 32% used [0x00000000c0000000,0x00000000c1593ab8,0x00000000c4300000)
 Metaspace       used 37290K, committed 38336K, reserved 1114112K
  class space    used 3668K, committed 4160K, reserved 1048576K
}
Event: 16.522 GC heap after
{Heap after GC invocations=18 (full 2):
 PSYoungGen      total 22016K, used 1024K [0x00000000eab00000, 0x00000000ec880000, 0x0000000100000000)
  eden space 20992K, 0% used [0x00000000eab00000,0x00000000eab00000,0x00000000ebf80000)
  from space 1024K, 100% used [0x00000000ec380000,0x00000000ec480000,0x00000000ec480000)
  to   space 4096K, 0% used [0x00000000ebf80000,0x00000000ebf80000,0x00000000ec380000)
 ParOldGen       total 68608K, used 24656K [0x00000000c0000000, 0x00000000c4300000, 0x00000000eab00000)
  object space 68608K, 35% used [0x00000000c0000000,0x00000000c1814078,0x00000000c4300000)
 Metaspace       used 37290K, committed 38336K, reserved 1114112K
  class space    used 3668K, committed 4160K, reserved 1048576K
}
Event: 16.580 GC heap before
{Heap before GC invocations=19 (full 2):
 PSYoungGen      total 22016K, used 22015K [0x00000000eab00000, 0x00000000ec880000, 0x0000000100000000)
  eden space 20992K, 99% used [0x00000000eab00000,0x00000000ebf7fff8,0x00000000ebf80000)
  from space 1024K, 100% used [0x00000000ec380000,0x00000000ec480000,0x00000000ec480000)
  to   space 4096K, 0% used [0x00000000ebf80000,0x00000000ebf80000,0x00000000ec380000)
 ParOldGen       total 68608K, used 24656K [0x00000000c0000000, 0x00000000c4300000, 0x00000000eab00000)
  object space 68608K, 35% used [0x00000000c0000000,0x00000000c1814078,0x00000000c4300000)
 Metaspace       used 37294K, committed 38336K, reserved 1114112K
  class space    used 3668K, committed 4160K, reserved 1048576K
}
Event: 16.591 GC heap after
{Heap after GC invocations=19 (full 2):
 PSYoungGen      total 23552K, used 2496K [0x00000000eab00000, 0x00000000ec580000, 0x0000000100000000)
  eden space 20992K, 0% used [0x00000000eab00000,0x00000000eab00000,0x00000000ebf80000)
  from space 2560K, 97% used [0x00000000ebf80000,0x00000000ec1f0010,0x00000000ec200000)
  to   space 3072K, 0% used [0x00000000ec280000,0x00000000ec280000,0x00000000ec580000)
 ParOldGen       total 68608K, used 25728K [0x00000000c0000000, 0x00000000c4300000, 0x00000000eab00000)
  object space 68608K, 37% used [0x00000000c0000000,0x00000000c1920078,0x00000000c4300000)
 Metaspace       used 37294K, committed 38336K, reserved 1114112K
  class space    used 3668K, committed 4160K, reserved 1048576K
}
Event: 16.747 GC heap before
{Heap before GC invocations=20 (full 2):
 PSYoungGen      total 23552K, used 23488K [0x00000000eab00000, 0x00000000ec580000, 0x0000000100000000)
  eden space 20992K, 100% used [0x00000000eab00000,0x00000000ebf80000,0x00000000ebf80000)
  from space 2560K, 97% used [0x00000000ebf80000,0x00000000ec1f0010,0x00000000ec200000)
  to   space 3072K, 0% used [0x00000000ec280000,0x00000000ec280000,0x00000000ec580000)
 ParOldGen       total 68608K, used 25728K [0x00000000c0000000, 0x00000000c4300000, 0x00000000eab00000)
  object space 68608K, 37% used [0x00000000c0000000,0x00000000c1920078,0x00000000c4300000)
 Metaspace       used 37826K, committed 38848K, reserved 1114112K
  class space    used 3723K, committed 4160K, reserved 1048576K
}
Event: 16.755 GC heap after
{Heap after GC invocations=20 (full 2):
 PSYoungGen      total 24064K, used 2568K [0x00000000eab00000, 0x00000000ec580000, 0x0000000100000000)
  eden space 20992K, 0% used [0x00000000eab00000,0x00000000eab00000,0x00000000ebf80000)
  from space 3072K, 83% used [0x00000000ec280000,0x00000000ec502210,0x00000000ec580000)
  to   space 3072K, 0% used [0x00000000ebf80000,0x00000000ebf80000,0x00000000ec280000)
 ParOldGen       total 68608K, used 28112K [0x00000000c0000000, 0x00000000c4300000, 0x00000000eab00000)
  object space 68608K, 40% used [0x00000000c0000000,0x00000000c1b74088,0x00000000c4300000)
 Metaspace       used 37826K, committed 38848K, reserved 1114112K
  class space    used 3723K, committed 4160K, reserved 1048576K
}
Event: 17.547 GC heap before
{Heap before GC invocations=21 (full 2):
 PSYoungGen      total 24064K, used 23560K [0x00000000eab00000, 0x00000000ec580000, 0x0000000100000000)
  eden space 20992K, 100% used [0x00000000eab00000,0x00000000ebf80000,0x00000000ebf80000)
  from space 3072K, 83% used [0x00000000ec280000,0x00000000ec502210,0x00000000ec580000)
  to   space 3072K, 0% used [0x00000000ebf80000,0x00000000ebf80000,0x00000000ec280000)
 ParOldGen       total 68608K, used 28112K [0x00000000c0000000, 0x00000000c4300000, 0x00000000eab00000)
  object space 68608K, 40% used [0x00000000c0000000,0x00000000c1b74088,0x00000000c4300000)
 Metaspace       used 39298K, committed 40320K, reserved 1114112K
  class space    used 3886K, committed 4352K, reserved 1048576K
}
Event: 17.552 GC heap after
{Heap after GC invocations=21 (full 2):
 PSYoungGen      total 23040K, used 1867K [0x00000000eab00000, 0x00000000ec480000, 0x0000000100000000)
  eden space 20992K, 0% used [0x00000000eab00000,0x00000000eab00000,0x00000000ebf80000)
  from space 2048K, 91% used [0x00000000ebf80000,0x00000000ec152d98,0x00000000ec180000)
  to   space 2560K, 0% used [0x00000000ec200000,0x00000000ec200000,0x00000000ec480000)
 ParOldGen       total 68608K, used 30326K [0x00000000c0000000, 0x00000000c4300000, 0x00000000eab00000)
  object space 68608K, 44% used [0x00000000c0000000,0x00000000c1d9da58,0x00000000c4300000)
 Metaspace       used 39298K, committed 40320K, reserved 1114112K
  class space    used 3886K, committed 4352K, reserved 1048576K
}
Event: 17.839 GC heap before
{Heap before GC invocations=22 (full 2):
 PSYoungGen      total 23040K, used 22859K [0x00000000eab00000, 0x00000000ec480000, 0x0000000100000000)
  eden space 20992K, 100% used [0x00000000eab00000,0x00000000ebf80000,0x00000000ebf80000)
  from space 2048K, 91% used [0x00000000ebf80000,0x00000000ec152d98,0x00000000ec180000)
  to   space 2560K, 0% used [0x00000000ec200000,0x00000000ec200000,0x00000000ec480000)
 ParOldGen       total 68608K, used 30326K [0x00000000c0000000, 0x00000000c4300000, 0x00000000eab00000)
  object space 68608K, 44% used [0x00000000c0000000,0x00000000c1d9da58,0x00000000c4300000)
 Metaspace       used 39314K, committed 40320K, reserved 1114112K
  class space    used 3886K, committed 4352K, reserved 1048576K
}
Event: 17.842 GC heap after
{Heap after GC invocations=22 (full 2):
 PSYoungGen      total 22016K, used 837K [0x00000000eab00000, 0x00000000ec300000, 0x0000000100000000)
  eden space 20992K, 0% used [0x00000000eab00000,0x00000000eab00000,0x00000000ebf80000)
  from space 1024K, 81% used [0x00000000ec200000,0x00000000ec2d1470,0x00000000ec300000)
  to   space 1536K, 0% used [0x00000000ec000000,0x00000000ec000000,0x00000000ec180000)
 ParOldGen       total 68608K, used 31482K [0x00000000c0000000, 0x00000000c4300000, 0x00000000eab00000)
  object space 68608K, 45% used [0x00000000c0000000,0x00000000c1ebeb10,0x00000000c4300000)
 Metaspace       used 39314K, committed 40320K, reserved 1114112K
  class space    used 3886K, committed 4352K, reserved 1048576K
}

Dll operation events (10 events):
Event: 0.025 Loaded shared library c:\Users\정호정\.vscode\extensions\redhat.java-1.39.0-win32-x64\jre\21.0.5-win32-x86_64\bin\java.dll
Event: 0.072 Loaded shared library c:\Users\정호정\.vscode\extensions\redhat.java-1.39.0-win32-x64\jre\21.0.5-win32-x86_64\bin\zip.dll
Event: 0.163 Loaded shared library C:\Users\정호정\.vscode\extensions\redhat.java-1.39.0-win32-x64\jre\21.0.5-win32-x86_64\bin\instrument.dll
Event: 0.172 Loaded shared library C:\Users\정호정\.vscode\extensions\redhat.java-1.39.0-win32-x64\jre\21.0.5-win32-x86_64\bin\net.dll
Event: 0.179 Loaded shared library C:\Users\정호정\.vscode\extensions\redhat.java-1.39.0-win32-x64\jre\21.0.5-win32-x86_64\bin\nio.dll
Event: 0.187 Loaded shared library C:\Users\정호정\.vscode\extensions\redhat.java-1.39.0-win32-x64\jre\21.0.5-win32-x86_64\bin\zip.dll
Event: 0.218 Loaded shared library C:\Users\정호정\.vscode\extensions\redhat.java-1.39.0-win32-x64\jre\21.0.5-win32-x86_64\bin\jimage.dll
Event: 0.385 Loaded shared library c:\Users\정호정\.vscode\extensions\redhat.java-1.39.0-win32-x64\jre\21.0.5-win32-x86_64\bin\verify.dll
Event: 2.962 Loaded shared library C:\Users\정호정\AppData\Roaming\Code\User\globalStorage\redhat.java\1.39.0\config_ss_win\org.eclipse.equinox.launcher\org.eclipse.equinox.launcher.win32.win32.x86_64_1.2.1100.v20240722-2106\eclipse_11904.dll
Event: 5.014 Loaded shared library C:\Users\정호정\AppData\Local\Temp\jna-50974642\jna13002260176656032378.dll

Deoptimization events (20 events):
Event: 45.840 Thread 0x000002430a1f0ec0 Uncommon trap: trap_request=0xffffffde fr.pc=0x00000242b5744670 relative=0x0000000000000730
Event: 45.840 Thread 0x000002430a1f0ec0 Uncommon trap: reason=class_check action=maybe_recompile pc=0x00000242b5744670 method=java.util.HashMap.computeIfAbsent(Ljava/lang/Object;Ljava/util/function/Function;)Ljava/lang/Object; @ 188 c2
Event: 45.840 Thread 0x000002430a1f0ec0 DEOPT PACKING pc=0x00000242b5744670 sp=0x000000cf076fea30
Event: 45.840 Thread 0x000002430a1f0ec0 DEOPT UNPACKING pc=0x00000242b5153aa2 sp=0x000000cf076fe9d8 mode 2
Event: 45.840 Thread 0x000002430a1f0ec0 Uncommon trap: trap_request=0xffffffde fr.pc=0x00000242b5744670 relative=0x0000000000000730
Event: 45.840 Thread 0x000002430a1f0ec0 Uncommon trap: reason=class_check action=maybe_recompile pc=0x00000242b5744670 method=java.util.HashMap.computeIfAbsent(Ljava/lang/Object;Ljava/util/function/Function;)Ljava/lang/Object; @ 188 c2
Event: 45.840 Thread 0x000002430a1f0ec0 DEOPT PACKING pc=0x00000242b5744670 sp=0x000000cf076fea30
Event: 45.840 Thread 0x000002430a1f0ec0 DEOPT UNPACKING pc=0x00000242b5153aa2 sp=0x000000cf076fe9d8 mode 2
Event: 45.852 Thread 0x000002430a1f0ec0 Uncommon trap: trap_request=0xffffff45 fr.pc=0x00000242b598b0b4 relative=0x0000000000000094
Event: 45.852 Thread 0x000002430a1f0ec0 Uncommon trap: reason=unstable_if action=reinterpret pc=0x00000242b598b0b4 method=java.io.BufferedOutputStream.growIfNeeded(I)V @ 24 c2
Event: 45.852 Thread 0x000002430a1f0ec0 DEOPT PACKING pc=0x00000242b598b0b4 sp=0x000000cf076fe310
Event: 45.852 Thread 0x000002430a1f0ec0 DEOPT UNPACKING pc=0x00000242b5153aa2 sp=0x000000cf076fe280 mode 2
Event: 45.857 Thread 0x0000024309f4b190 Uncommon trap: trap_request=0xffffff45 fr.pc=0x00000242b577b114 relative=0x00000000000000f4
Event: 45.857 Thread 0x0000024309f4b190 Uncommon trap: reason=unstable_if action=reinterpret pc=0x00000242b577b114 method=java.util.concurrent.locks.ReentrantLock$NonfairSync.initialTryLock()Z @ 25 c2
Event: 45.857 Thread 0x0000024309f4b190 DEOPT PACKING pc=0x00000242b577b114 sp=0x000000cf08bff320
Event: 45.857 Thread 0x0000024309f4b190 DEOPT UNPACKING pc=0x00000242b5153aa2 sp=0x000000cf08bff1e8 mode 2
Event: 45.908 Thread 0x000002430a1f0ec0 Uncommon trap: trap_request=0xffffff45 fr.pc=0x00000242b57c30e0 relative=0x00000000000001c0
Event: 45.908 Thread 0x000002430a1f0ec0 Uncommon trap: reason=unstable_if action=reinterpret pc=0x00000242b57c30e0 method=jdk.internal.org.objectweb.asm.Frame.push(I)V @ 26 c2
Event: 45.908 Thread 0x000002430a1f0ec0 DEOPT PACKING pc=0x00000242b57c30e0 sp=0x000000cf076fd0e0
Event: 45.908 Thread 0x000002430a1f0ec0 DEOPT UNPACKING pc=0x00000242b5153aa2 sp=0x000000cf076fd068 mode 2

Classes loaded (20 events):
Event: 45.797 Loading class java/util/concurrent/ForkJoinTask$AdaptedCallable
Event: 45.797 Loading class java/util/concurrent/ForkJoinTask$AdaptedCallable done
Event: 45.803 Loading class java/util/stream/Nodes$CollectorTask$OfRef
Event: 45.803 Loading class java/util/stream/Nodes$CollectorTask
Event: 45.816 Loading class java/util/stream/Nodes$CollectorTask done
Event: 45.816 Loading class java/util/stream/Nodes$CollectorTask$OfRef done
Event: 45.816 Loading class java/util/function/LongFunction
Event: 45.816 Loading class java/util/function/LongFunction done
Event: 45.817 Loading class java/util/stream/Nodes$ConcNode
Event: 45.817 Loading class java/util/stream/Nodes$AbstractConcNode
Event: 45.818 Loading class java/util/stream/Nodes$AbstractConcNode done
Event: 45.818 Loading class java/util/stream/Nodes$ConcNode done
Event: 45.820 Loading class java/util/stream/Nodes$ToArrayTask$OfRef
Event: 45.820 Loading class java/util/stream/Nodes$ToArrayTask
Event: 45.821 Loading class java/util/stream/Nodes$ToArrayTask done
Event: 45.821 Loading class java/util/stream/Nodes$ToArrayTask$OfRef done
Event: 45.889 Loading class java/util/concurrent/Executors$DelegatedScheduledExecutorService
Event: 45.889 Loading class java/util/concurrent/Executors$DelegatedExecutorService
Event: 45.889 Loading class java/util/concurrent/Executors$DelegatedExecutorService done
Event: 45.889 Loading class java/util/concurrent/Executors$DelegatedScheduledExecutorService done

Classes unloaded (20 events):
Event: 14.644 Thread 0x00000242aa938cb0 Unloading class 0x00000242c037b400 'java/lang/invoke/LambdaForm$DMH+0x00000242c037b400'
Event: 14.644 Thread 0x00000242aa938cb0 Unloading class 0x00000242c037a800 'java/lang/invoke/LambdaForm$MH+0x00000242c037a800'
Event: 14.644 Thread 0x00000242aa938cb0 Unloading class 0x00000242c0379c00 'java/lang/invoke/LambdaForm$DMH+0x00000242c0379c00'
Event: 14.644 Thread 0x00000242aa938cb0 Unloading class 0x00000242c0379000 'java/lang/invoke/LambdaForm$MH+0x00000242c0379000'
Event: 14.644 Thread 0x00000242aa938cb0 Unloading class 0x00000242c0378800 'java/lang/invoke/LambdaForm$MH+0x00000242c0378800'
Event: 14.644 Thread 0x00000242aa938cb0 Unloading class 0x00000242c0378400 'java/lang/invoke/LambdaForm$MH+0x00000242c0378400'
Event: 14.644 Thread 0x00000242aa938cb0 Unloading class 0x00000242c0377800 'java/lang/invoke/LambdaForm$MH+0x00000242c0377800'
Event: 14.644 Thread 0x00000242aa938cb0 Unloading class 0x00000242c0377000 'java/lang/invoke/LambdaForm$MH+0x00000242c0377000'
Event: 14.644 Thread 0x00000242aa938cb0 Unloading class 0x00000242c0376c00 'java/lang/invoke/LambdaForm$MH+0x00000242c0376c00'
Event: 14.644 Thread 0x00000242aa938cb0 Unloading class 0x00000242c0376400 'java/lang/invoke/LambdaForm$DMH+0x00000242c0376400'
Event: 14.644 Thread 0x00000242aa938cb0 Unloading class 0x00000242c0376000 'java/lang/invoke/LambdaForm$MH+0x00000242c0376000'
Event: 14.644 Thread 0x00000242aa938cb0 Unloading class 0x00000242c0375400 'java/lang/invoke/LambdaForm$MH+0x00000242c0375400'
Event: 14.644 Thread 0x00000242aa938cb0 Unloading class 0x00000242c0371c00 'java/lang/invoke/LambdaForm$MH+0x00000242c0371c00'
Event: 14.644 Thread 0x00000242aa938cb0 Unloading class 0x00000242c0371400 'java/lang/invoke/LambdaForm$MH+0x00000242c0371400'
Event: 14.644 Thread 0x00000242aa938cb0 Unloading class 0x00000242c0370c00 'java/lang/invoke/LambdaForm$MH+0x00000242c0370c00'
Event: 14.644 Thread 0x00000242aa938cb0 Unloading class 0x00000242c0370400 'java/lang/invoke/LambdaForm$MH+0x00000242c0370400'
Event: 14.644 Thread 0x00000242aa938cb0 Unloading class 0x00000242c0370000 'java/lang/invoke/LambdaForm$MH+0x00000242c0370000'
Event: 14.644 Thread 0x00000242aa938cb0 Unloading class 0x00000242c036b800 'java/lang/invoke/LambdaForm$MH+0x00000242c036b800'
Event: 14.644 Thread 0x00000242aa938cb0 Unloading class 0x00000242c036ac00 'java/lang/invoke/LambdaForm$MH+0x00000242c036ac00'
Event: 14.644 Thread 0x00000242aa938cb0 Unloading class 0x00000242c036a800 'java/lang/invoke/LambdaForm$MH+0x00000242c036a800'

Classes redefined (0 events):
No events

Internal exceptions (20 events):
Event: 10.880 Thread 0x000002430a1ed3b0 Exception <a 'java/lang/NoSuchMethodError'{0x00000000eb4e6760}: 'int java.lang.invoke.Invokers$Holder.linkToTargetMethod(java.lang.Object, java.lang.Object, java.lang.Object)'> (0x00000000eb4e6760) 
thrown [s\src\hotspot\share\interpreter\linkResolver.cpp, line 773]
Event: 12.213 Thread 0x000002430a1f4340 Exception <a 'java/lang/LinkageError'{0x00000000eb1d3ca0}: loader lombok.launch.ShadowClassLoader @4a8d1c70 attempted duplicate class definition for lombok.launch.PatchFixesHider$Transform. (lombok.launch.PatchFixesHider$Transform is in unnamed module of loader lombok.launch.ShadowClassLoader @4a8d1c70, parent loader org.eclipse.osgi.internal.loader.EquinoxClassLoader @50eb5509)> (0x00000000eb1d3ca0) 
thrown [s\src\hotspot\share\classfile\systemDictionary.cpp, line 1682]
Event: 12.219 Thread 0x000002430a1f3620 Exception <a 'java/lang/LinkageError'{0x00000000eb0d2b20}: loader lombok.launch.ShadowClassLoader @4a8d1c70 attempted duplicate class definition for lombok.launch.PatchFixesHider$Transform. (lombok.launch.PatchFixesHider$Transform is in unnamed module of loader lombok.launch.ShadowClassLoader @4a8d1c70, parent loader org.eclipse.osgi.internal.loader.EquinoxClassLoader @50eb5509)> (0x00000000eb0d2b20) 
thrown [s\src\hotspot\share\classfile\systemDictionary.cpp, line 1682]
Event: 15.416 Thread 0x000002430a1f3620 Exception <a 'java/lang/IncompatibleClassChangeError'{0x00000000eb269500}: Found class java.lang.Object, but interface was expected> (0x00000000eb269500) 
thrown [s\src\hotspot\share\interpreter\linkResolver.cpp, line 840]
Event: 15.422 Thread 0x000002430a1f3620 Exception <a 'java/lang/IncompatibleClassChangeError'{0x00000000eb278dd8}: Found class java.lang.Object, but interface was expected> (0x00000000eb278dd8) 
thrown [s\src\hotspot\share\interpreter\linkResolver.cpp, line 840]
Event: 15.854 Thread 0x000002430a1f0830 Exception <a 'java/lang/NoSuchMethodError'{0x00000000eb3c52e8}: 'java.lang.Object java.lang.invoke.DirectMethodHandle$Holder.invokeSpecial(java.lang.Object, java.lang.Object, int, long)'> (0x00000000eb3c52e8) 
thrown [s\src\hotspot\share\interpreter\linkResolver.cpp, line 773]
Event: 15.885 Thread 0x000002430a1ef480 Exception <a 'java/lang/ArrayIndexOutOfBoundsException'{0x00000000eb53ee88}: Index 335 out of bounds for length 334> (0x00000000eb53ee88) 
thrown [s\src\hotspot\share\interpreter\interpreterRuntime.cpp, line 439]
Event: 16.142 Thread 0x00000242bed9db20 Exception <a 'java/lang/NoSuchMethodError'{0x00000000eb731bb0}: 'int java.lang.invoke.Invokers$Holder.invokeExact_MT(java.lang.Object, java.lang.Object)'> (0x00000000eb731bb0) 
thrown [s\src\hotspot\share\interpreter\linkResolver.cpp, line 773]
Event: 16.657 Thread 0x00000242bed9db20 Exception <a 'java/lang/NoSuchMethodError'{0x00000000ebbda028}: 'int java.lang.invoke.DirectMethodHandle$Holder.invokeInterface(java.lang.Object, java.lang.Object)'> (0x00000000ebbda028) 
thrown [s\src\hotspot\share\interpreter\linkResolver.cpp, line 773]
Event: 16.658 Thread 0x00000242bed9db20 Exception <a 'java/lang/IncompatibleClassChangeError'{0x00000000ebbdd2e8}: Found class java.lang.Object, but interface was expected> (0x00000000ebbdd2e8) 
thrown [s\src\hotspot\share\interpreter\linkResolver.cpp, line 840]
Event: 16.776 Thread 0x000002430a1f0830 Exception <a 'java/lang/NoSuchMethodError'{0x00000000eab8a1e8}: 'int java.lang.invoke.DirectMethodHandle$Holder.invokeSpecialIFC(java.lang.Object, java.lang.Object, java.lang.Object)'> (0x00000000eab8a1e8) 
thrown [s\src\hotspot\share\interpreter\linkResolver.cpp, line 773]
Event: 16.891 Thread 0x00000242bed9db20 Exception <a 'java/io/FileNotFoundException'{0x00000000eaf27be8}> (0x00000000eaf27be8) 
thrown [s\src\hotspot\share\prims\jni.cpp, line 520]
Event: 16.895 Thread 0x000002430a1f0830 Exception <a 'java/io/FileNotFoundException'{0x00000000eae43430}> (0x00000000eae43430) 
thrown [s\src\hotspot\share\prims\jni.cpp, line 520]
Event: 17.256 Thread 0x00000242bed9db20 Exception <a 'java/lang/LinkageError'{0x00000000eb3c6fa0}: loader lombok.launch.ShadowClassLoader @4a8d1c70 attempted duplicate class definition for lombok.launch.PatchFixesHider$ExtensionMethod. (lombok.launch.PatchFixesHider$ExtensionMethod is in unnamed module of loader lombok.launch.ShadowClassLoader @4a8d1c70, parent loader org.eclipse.osgi.internal.loader.EquinoxClassLoader @50eb5509)> (0x00000000eb3c6fa0) 
thrown [s\src\hotspot\share\classfile\systemDictionary.cpp, line 1682]
Event: 17.353 Thread 0x000002430a1f0830 Exception <a 'java/io/FileNotFoundException'{0x00000000eb65fd60}> (0x00000000eb65fd60) 
thrown [s\src\hotspot\share\prims\jni.cpp, line 520]
Event: 17.353 Thread 0x000002430a1f0830 Exception <a 'java/io/FileNotFoundException'{0x00000000eb661298}> (0x00000000eb661298) 
thrown [s\src\hotspot\share\prims\jni.cpp, line 520]
Event: 17.354 Thread 0x000002430a1f0830 Exception <a 'java/io/FileNotFoundException'{0x00000000eb662348}> (0x00000000eb662348) 
thrown [s\src\hotspot\share\prims\jni.cpp, line 520]
Event: 45.832 Thread 0x000002430a1f0ec0 Exception <a 'java/io/FileNotFoundException'{0x00000000eb743898}> (0x00000000eb743898) 
thrown [s\src\hotspot\share\prims\jni.cpp, line 520]
Event: 45.886 Thread 0x000002430a1f3620 Exception <a 'java/lang/NoSuchMethodError'{0x00000000eb7b16c0}: 'void java.lang.invoke.DirectMethodHandle$Holder.invokeInterface(java.lang.Object, java.lang.Object)'> (0x00000000eb7b16c0) 
thrown [s\src\hotspot\share\interpreter\linkResolver.cpp, line 773]
Event: 45.909 Thread 0x000002430a1f0ec0 Exception <a 'java/lang/NoSuchMethodError'{0x00000000eb7f2cc8}: 'java.lang.Object java.lang.invoke.DirectMethodHandle$Holder.newInvokeSpecial(java.lang.Object, java.lang.Object, java.lang.Object, java.lang.Object, java.lang.Object, java.lang.Object, java.lang.Object, java.lang.Object, java.lang.Object, java.lang.Object)'> (0x00000000eb7f2cc8) 
thrown [s\src\hotspot\share\interpreter\linkResolver.cpp, line 773]

ZGC Phase Switch (0 events):
No events

VM Operations (20 events):
Event: 16.501 Executing VM operation: ParallelGCFailedAllocation (Allocation Failure)
Event: 16.522 Executing VM operation: ParallelGCFailedAllocation (Allocation Failure) done
Event: 16.579 Executing VM operation: ParallelGCFailedAllocation (Allocation Failure)
Event: 16.591 Executing VM operation: ParallelGCFailedAllocation (Allocation Failure) done
Event: 16.747 Executing VM operation: ParallelGCFailedAllocation (Allocation Failure)
Event: 16.755 Executing VM operation: ParallelGCFailedAllocation (Allocation Failure) done
Event: 16.782 Executing VM operation: HandshakeAllThreads (Deoptimize)
Event: 16.782 Executing VM operation: HandshakeAllThreads (Deoptimize) done
Event: 17.036 Executing VM operation: HandshakeAllThreads (Deoptimize)
Event: 17.036 Executing VM operation: HandshakeAllThreads (Deoptimize) done
Event: 17.547 Executing VM operation: ParallelGCFailedAllocation (Allocation Failure)
Event: 17.552 Executing VM operation: ParallelGCFailedAllocation (Allocation Failure) done
Event: 17.839 Executing VM operation: ParallelGCFailedAllocation (Allocation Failure)
Event: 17.842 Executing VM operation: ParallelGCFailedAllocation (Allocation Failure) done
Event: 18.842 Executing VM operation: Cleanup
Event: 18.842 Executing VM operation: Cleanup done
Event: 24.845 Executing VM operation: Cleanup
Event: 24.846 Executing VM operation: Cleanup done
Event: 45.854 Executing VM operation: Cleanup
Event: 45.857 Executing VM operation: Cleanup done

Memory protections (0 events):
No events

Nmethod flushes (20 events):
Event: 14.662 Thread 0x00000242aa938cb0 flushing  nmethod 0x00000242adeff210
Event: 14.662 Thread 0x00000242aa938cb0 flushing  nmethod 0x00000242adf01690
Event: 14.662 Thread 0x00000242aa938cb0 flushing  nmethod 0x00000242adf04910
Event: 14.662 Thread 0x00000242aa938cb0 flushing  nmethod 0x00000242adf07710
Event: 14.662 Thread 0x00000242aa938cb0 flushing  nmethod 0x00000242adf0c590
Event: 14.662 Thread 0x00000242aa938cb0 flushing  nmethod 0x00000242adf3d390
Event: 14.662 Thread 0x00000242aa938cb0 flushing  nmethod 0x00000242adf45f10
Event: 14.662 Thread 0x00000242aa938cb0 flushing  nmethod 0x00000242adf5bd10
Event: 14.662 Thread 0x00000242aa938cb0 flushing  nmethod 0x00000242adf62c90
Event: 14.662 Thread 0x00000242aa938cb0 flushing  nmethod 0x00000242adf92d10
Event: 14.662 Thread 0x00000242aa938cb0 flushing  nmethod 0x00000242ae015190
Event: 14.662 Thread 0x00000242aa938cb0 flushing  nmethod 0x00000242ae015610
Event: 14.662 Thread 0x00000242aa938cb0 flushing  nmethod 0x00000242ae016410
Event: 14.662 Thread 0x00000242aa938cb0 flushing  nmethod 0x00000242ae082c10
Event: 14.662 Thread 0x00000242aa938cb0 flushing  nmethod 0x00000242ae085490
Event: 14.662 Thread 0x00000242aa938cb0 flushing  nmethod 0x00000242ae0a7890
Event: 14.662 Thread 0x00000242aa938cb0 flushing  nmethod 0x00000242ae0a7c90
Event: 14.662 Thread 0x00000242aa938cb0 flushing  nmethod 0x00000242ae0a8690
Event: 14.662 Thread 0x00000242aa938cb0 flushing  nmethod 0x00000242ae0c4510
Event: 14.662 Thread 0x00000242aa938cb0 flushing  nmethod 0x00000242ae0e7010

Events (20 events):
Event: 15.443 Thread 0x000002430a1ef480 Thread added: 0x00000242bed9db20
Event: 15.713 Thread 0x000002430b6553b0 Thread exited: 0x000002430b6553b0
Event: 16.264 Thread 0x00000242beda2ec0 Thread added: 0x000002430b7bc9f0
Event: 16.265 Thread 0x00000242beda2ec0 Thread added: 0x000002430b65d3a0
Event: 16.887 Thread 0x000002430a1f0ec0 Thread added: 0x0000024309f43b70
Event: 17.009 Thread 0x000002430b65d3a0 Thread exited: 0x000002430b65d3a0
Event: 17.113 Thread 0x00000242bedb6b20 Thread added: 0x000002430b65d3a0
Event: 23.521 Thread 0x000002430b65d3a0 Thread exited: 0x000002430b65d3a0
Event: 24.388 Thread 0x000002430b7bc9f0 Thread exited: 0x000002430b7bc9f0
Event: 45.798 Thread 0x000002430a1f0ec0 Thread added: 0x0000024309f49de0
Event: 45.820 Thread 0x0000024309f49de0 Thread added: 0x0000024309f4a470
Event: 45.825 Thread 0x0000024309f49de0 Thread added: 0x0000024309f4b190
Event: 45.857 Thread 0x0000024309f4b190 Thread exited: 0x0000024309f4b190
Event: 45.858 Thread 0x0000024309f49de0 Thread exited: 0x0000024309f49de0
Event: 45.858 Thread 0x0000024309f4a470 Thread exited: 0x0000024309f4a470
Event: 45.890 Thread 0x000002430a1f3620 Thread added: 0x0000024309f4a470
Event: 45.944 Thread 0x000002430a1f0ec0 Thread added: 0x0000024309f483a0
Event: 45.958 Thread 0x0000024309f483a0 Thread added: 0x0000024309f455b0
Event: 46.009 Thread 0x0000024309f483a0 Thread exited: 0x0000024309f483a0
Event: 46.009 Thread 0x0000024309f455b0 Thread exited: 0x0000024309f455b0


Dynamic libraries:
0x00007ff7bf480000 - 0x00007ff7bf48e000 	c:\Users\정호정\.vscode\extensions\redhat.java-1.39.0-win32-x64\jre\21.0.5-win32-x86_64\bin\java.exe
0x00007ffcdaae0000 - 0x00007ffcdacd0000 	C:\windows\SYSTEM32\ntdll.dll
0x00007ffcda900000 - 0x00007ffcda9b2000 	C:\windows\System32\KERNEL32.DLL
0x00007ffcd87f0000 - 0x00007ffcd8a95000 	C:\windows\System32\KERNELBASE.dll
0x00007ffcd7c30000 - 0x00007ffcd7d2a000 	C:\windows\System32\ucrtbase.dll
0x00007ffcc8180000 - 0x00007ffcc8198000 	c:\Users\정호정\.vscode\extensions\redhat.java-1.39.0-win32-x64\jre\21.0.5-win32-x86_64\bin\jli.dll
0x00007ffcd8b90000 - 0x00007ffcd8d24000 	C:\windows\System32\USER32.dll
0x00007ffcd8730000 - 0x00007ffcd8751000 	C:\windows\System32\win32u.dll
0x00007ffcd9380000 - 0x00007ffcd93a6000 	C:\windows\System32\GDI32.dll
0x00007ffcd84e0000 - 0x00007ffcd8678000 	C:\windows\System32\gdi32full.dll
0x00007ffcd8aa0000 - 0x00007ffcd8b3e000 	C:\windows\System32\msvcp_win.dll
0x00007ffcc5750000 - 0x00007ffcc576e000 	c:\Users\정호정\.vscode\extensions\redhat.java-1.39.0-win32-x64\jre\21.0.5-win32-x86_64\bin\VCRUNTIME140.dll
0x00007ffcc3040000 - 0x00007ffcc32c4000 	C:\windows\WinSxS\amd64_microsoft.windows.common-controls_6595b64144ccf1df_6.0.18362.1556_none_9e7e372fe45e41d5\COMCTL32.dll
0x00007ffcd8db0000 - 0x00007ffcd8e4e000 	C:\windows\System32\msvcrt.dll
0x00007ffcd8e50000 - 0x00007ffcd9186000 	C:\windows\System32\combase.dll
0x00007ffcd93b0000 - 0x00007ffcd94cf000 	C:\windows\System32\RPCRT4.dll
0x00007ffcd8760000 - 0x00007ffcd87e1000 	C:\windows\System32\bcryptPrimitives.dll
0x00007ffcda720000 - 0x00007ffcda74e000 	C:\windows\System32\IMM32.DLL
0x00007ffcccfe0000 - 0x00007ffcccfec000 	c:\Users\정호정\.vscode\extensions\redhat.java-1.39.0-win32-x64\jre\21.0.5-win32-x86_64\bin\vcruntime140_1.dll
0x00007ffc98c10000 - 0x00007ffc98c9d000 	c:\Users\정호정\.vscode\extensions\redhat.java-1.39.0-win32-x64\jre\21.0.5-win32-x86_64\bin\msvcp140.dll
0x00007ffc6c620000 - 0x00007ffc6d3af000 	c:\Users\정호정\.vscode\extensions\redhat.java-1.39.0-win32-x64\jre\21.0.5-win32-x86_64\bin\server\jvm.dll
0x00007ffcd92d0000 - 0x00007ffcd9373000 	C:\windows\System32\ADVAPI32.dll
0x00007ffcd9f80000 - 0x00007ffcda017000 	C:\windows\System32\sechost.dll
0x00007ffcd7a00000 - 0x00007ffcd7a4a000 	C:\windows\System32\POWRPROF.dll
0x00007ffcd7990000 - 0x00007ffcd79a0000 	C:\windows\System32\UMPDC.dll
0x00007ffcdaa30000 - 0x00007ffcdaa9f000 	C:\windows\System32\WS2_32.dll
0x00007ffcccf40000 - 0x00007ffcccf64000 	C:\windows\SYSTEM32\WINMM.dll
0x00007ffccd040000 - 0x00007ffccd04a000 	C:\windows\SYSTEM32\VERSION.dll
0x00007ffcccf10000 - 0x00007ffcccf3d000 	C:\windows\SYSTEM32\winmmbase.dll
0x00007ffcd8b40000 - 0x00007ffcd8b8a000 	C:\windows\System32\cfgmgr32.dll
0x00007ffcd79a0000 - 0x00007ffcd79b1000 	C:\windows\System32\kernel.appcore.dll
0x00007ffcccfa0000 - 0x00007ffcccfaa000 	c:\Users\정호정\.vscode\extensions\redhat.java-1.39.0-win32-x64\jre\21.0.5-win32-x86_64\bin\jimage.dll
0x00007ffcd3230000 - 0x00007ffcd3424000 	C:\windows\SYSTEM32\DBGHELP.DLL
0x00007ffcc1140000 - 0x00007ffcc116a000 	C:\windows\SYSTEM32\dbgcore.DLL
0x00007ffcd0ed0000 - 0x00007ffcd0edf000 	c:\Users\정호정\.vscode\extensions\redhat.java-1.39.0-win32-x64\jre\21.0.5-win32-x86_64\bin\instrument.dll
0x00007ffcc4d00000 - 0x00007ffcc4d1f000 	c:\Users\정호정\.vscode\extensions\redhat.java-1.39.0-win32-x64\jre\21.0.5-win32-x86_64\bin\java.dll
0x00007ffcd9610000 - 0x00007ffcd9cf7000 	C:\windows\System32\SHELL32.dll
0x00007ffcda670000 - 0x00007ffcda718000 	C:\windows\System32\shcore.dll
0x00007ffcd7d30000 - 0x00007ffcd84ab000 	C:\windows\System32\windows.storage.dll
0x00007ffcd79c0000 - 0x00007ffcd79de000 	C:\windows\System32\profapi.dll
0x00007ffcd91a0000 - 0x00007ffcd91f2000 	C:\windows\System32\shlwapi.dll
0x00007ffcd7bb0000 - 0x00007ffcd7bc7000 	C:\windows\System32\cryptsp.dll
0x00007ffcc2f80000 - 0x00007ffcc2f98000 	c:\Users\정호정\.vscode\extensions\redhat.java-1.39.0-win32-x64\jre\21.0.5-win32-x86_64\bin\zip.dll
0x00007ffcca3c0000 - 0x00007ffcca3d0000 	C:\Users\정호정\.vscode\extensions\redhat.java-1.39.0-win32-x64\jre\21.0.5-win32-x86_64\bin\net.dll
0x00007ffcd0090000 - 0x00007ffcd018a000 	C:\windows\SYSTEM32\WINHTTP.dll
0x00007ffcd71d0000 - 0x00007ffcd7237000 	C:\windows\system32\mswsock.dll
0x00007ffcc0be0000 - 0x00007ffcc0bf6000 	C:\Users\정호정\.vscode\extensions\redhat.java-1.39.0-win32-x64\jre\21.0.5-win32-x86_64\bin\nio.dll
0x00007ffcc64e0000 - 0x00007ffcc64f0000 	c:\Users\정호정\.vscode\extensions\redhat.java-1.39.0-win32-x64\jre\21.0.5-win32-x86_64\bin\verify.dll
0x00007ffcc64f0000 - 0x00007ffcc6535000 	C:\Users\정호정\AppData\Roaming\Code\User\globalStorage\redhat.java\1.39.0\config_ss_win\org.eclipse.equinox.launcher\org.eclipse.equinox.launcher.win32.win32.x86_64_1.2.1100.v20240722-2106\eclipse_11904.dll
0x00007ffcda4f0000 - 0x00007ffcda647000 	C:\windows\System32\ole32.dll
0x00007ffcd6d50000 - 0x00007ffcd6d83000 	C:\windows\system32\rsaenh.dll
0x00007ffcd84b0000 - 0x00007ffcd84d6000 	C:\windows\System32\bcrypt.dll
0x00007ffcd7880000 - 0x00007ffcd78a5000 	C:\windows\SYSTEM32\USERENV.dll
0x00007ffcd73a0000 - 0x00007ffcd73ac000 	C:\windows\SYSTEM32\CRYPTBASE.dll
0x00007ffcd6ee0000 - 0x00007ffcd6f1a000 	C:\windows\SYSTEM32\IPHLPAPI.DLL
0x00007ffcd9d00000 - 0x00007ffcd9d08000 	C:\windows\System32\NSI.dll
0x00007ffcc6420000 - 0x00007ffcc6469000 	C:\Users\정호정\AppData\Local\Temp\jna-50974642\jna13002260176656032378.dll
0x00007ffcd9190000 - 0x00007ffcd9198000 	C:\windows\System32\PSAPI.DLL
0x00007ffccd050000 - 0x00007ffccd066000 	C:\windows\SYSTEM32\dhcpcsvc6.DLL
0x00007ffccde10000 - 0x00007ffccde2c000 	C:\windows\SYSTEM32\dhcpcsvc.DLL
0x00007ffcd69d0000 - 0x00007ffcd6a01000 	C:\windows\SYSTEM32\ntmarta.dll

dbghelp: loaded successfully - version: 4.0.5 - missing functions: none
symbol engine: initialized successfully - sym options: 0x614 - pdb path: .;c:\Users\정호정\.vscode\extensions\redhat.java-1.39.0-win32-x64\jre\21.0.5-win32-x86_64\bin;C:\windows\SYSTEM32;C:\windows\WinSxS\amd64_microsoft.windows.common-controls_6595b64144ccf1df_6.0.18362.1556_none_9e7e372fe45e41d5;c:\Users\정호정\.vscode\extensions\redhat.java-1.39.0-win32-x64\jre\21.0.5-win32-x86_64\bin\;c:\Users\정호정\.vscode\extensions\redhat.java-1.39.0-win32-x64\jre\21.0.5-win32-x86_64\b;c:\Users\정호정\.vscode\extensions\redhat.java-1.39.0-win32-x64\jre\21.0.5-win32-x86_6;c:\Users\정호정\.vscode\extensions\redhat.java-1.39.0-win32-x64\jre\21.0.5-win32-x8;c:\Users\정호정\.vscode\extensions\redhat.java-1.39.0-win32-x64\jre\21.0.5-win32;c:\Users\정호정\.vscode\extensions\redhat.java-1.39.0-win32-x64\jre\21.0.5-wi;c:\Users\정호정\.vscode\extensions\redhat.java-1.39.0-win32-x64\jre\21.0.5-win32-x86_64\bin\server;C:\Users\정호정\AppData\Roaming\Code\User\globalStorage\redhat.java\1.39.0\config_ss_win\org.eclipse.equinox.launcher\org.eclipse.equinox.launcher.win32.win32.x86;C:\Users\정호정\AppData\Roaming\Code\User\globalStorage\redhat.java\1.39.0\config_ss_win\org.eclipse.equinox.launcher\org.eclipse.equinox.launcher.win32.win32.x86_64_1.2.1100.v20240722-2106;C:\Users\정호?C:\Users\정

VM Arguments:
jvm_args: --add-modules=ALL-SYSTEM --add-opens=java.base/java.util=ALL-UNNAMED --add-opens=java.base/java.lang=ALL-UNNAMED --add-opens=java.base/sun.nio.fs=ALL-UNNAMED -Declipse.application=org.eclipse.jdt.ls.core.id1 -Dosgi.bundles.defaultStartLevel=4 -Declipse.product=org.eclipse.jdt.ls.core.product -Djava.import.generatesMetadataFilesAtProjectRoot=false -DDetectVMInstallationsJob.disabled=true -Dfile.encoding=utf8 -XX:+UseParallelGC -XX:GCTimeRatio=4 -XX:AdaptiveSizePolicyWeight=90 -Dsun.zip.disableMemoryMapping=true -Xmx1G -Xms100m -Xlog:disable -javaagent:c:\Users\정호정\.vscode\extensions\redhat.java-1.39.0-win32-x64\lombok\lombok-1.18.34.jar 
java_command: c:\Users\정호정\.vscode\extensions\redhat.java-1.39.0-win32-x64\server\plugins\org.eclipse.equinox.launcher_1.6.900.v20240613-2009.jar -configuration c:\Users\정호정\AppData\Roaming\Code\User\globalStorage\redhat.java\1.39.0\config_ss_win -data c:\Users\정호정\AppData\Roaming\Code\User\workspaceStorage\5f876e61def9000ba0f118a0751d2544\redhat.java\ss_ws --pipe=\\.\pipe\lsp-1b6c4ffb7b61daf79e76d74df05c42c7-sock
java_class_path (initial): c:\Users\정호정\.vscode\extensions\redhat.java-1.39.0-win32-x64\server\plugins\org.eclipse.equinox.launcher_1.6.900.v20240613-2009.jar
Launcher Type: SUN_STANDARD

[Global flags]
    uintx AdaptiveSizePolicyWeight                 = 90                                        {product} {command line}
     intx CICompilerCount                          = 4                                         {product} {ergonomic}
    uintx GCTimeRatio                              = 4                                         {product} {command line}
   size_t InitialHeapSize                          = 104857600                                 {product} {command line}
   size_t MaxHeapSize                              = 1073741824                                {product} {command line}
   size_t MaxNewSize                               = 357564416                                 {product} {ergonomic}
   size_t MinHeapDeltaBytes                        = 524288                                    {product} {ergonomic}
   size_t MinHeapSize                              = 104857600                                 {product} {command line}
   size_t NewSize                                  = 34603008                                  {product} {ergonomic}
    uintx NonNMethodCodeHeapSize                   = 5839372                                {pd product} {ergonomic}
    uintx NonProfiledCodeHeapSize                  = 122909434                              {pd product} {ergonomic}
   size_t OldSize                                  = 70254592                                  {product} {ergonomic}
    uintx ProfiledCodeHeapSize                     = 122909434                              {pd product} {ergonomic}
    uintx ReservedCodeCacheSize                    = 251658240                              {pd product} {ergonomic}
     bool SegmentedCodeCache                       = true                                      {product} {ergonomic}
   size_t SoftMaxHeapSize                          = 1073741824                             {manageable} {ergonomic}
     bool UseCompressedOops                        = true                           {product lp64_product} {ergonomic}
     bool UseLargePagesIndividualAllocation        = false                                  {pd product} {ergonomic}
     bool UseParallelGC                            = true                                      {product} {command line}

Logging:
Log output configuration:
 #0: stdout all=off uptime,level,tags foldmultilines=false
 #1: stderr all=off uptime,level,tags foldmultilines=false

Environment Variables:
JAVA_HOME=C:\Program Files\Eclipse Adoptium\jdk-17.0.12.7-hotspot\
CLASSPATH=C:\Program Files\Eclipse Adoptium\jdk-17.0.12.7-hotspot\\lib
PATH=C:\Program Files\Eclipse Adoptium\jdk-17.0.12.7-hotspot\bin;C:\WinAVR-20100110\bin;C:\WinAVR-20100110\utils\bin;C:\windows\system32;C:\windows;C:\windows\System32\Wbem;C:\windows\System32\WindowsPowerShell\v1.0\;C:\windows\System32\OpenSSH\;C:\Program Files (x86)\NVIDIA Corporation\PhysX\Common;C:\Program Files\NVIDIA Corporation\NVIDIA NvDLISR;C:\Program Files\Intel\WiFi\bin\;C:\Program Files\Common Files\Intel\WirelessCommon\;C:\User\Anaconda3;C:\User\Anaconda3\condabin;C:\User\Anaconda3\Library\bin;C:\User\Scripts;C:\Program Files\openjdk-16_windows-x64_bin\jdk-16\bin;C:\Program Files\Microsoft SQL Server\Client SDK\ODBC\170\Tools\Binn\;C:\Program Files\dotnet\;C:\Program Files\MySQL\MySQL Server 8.0\bin;C:\Program Files\Microsoft SQL Server\130\Tools\Binn\;C:\Program Files\Git\cmd;C:\user\lib\site-packages\torch;C:\Program Files\Microsoft SQL Server\150\Tools\Binn\;C:\Program Files\nodejs\;C:\Users\정호정\AppData\Local\Packages\PythonSoftwareFoundation.Python.3.8_qbz5n2kfra8p0\LocalCache\local-packages\Python38\Scripts;C:\platform-tools\;C:\SDK\platform-tools;C:\SDK\tools;C:\Users\정호정\AppData\Local\Microsoft\WindowsApps;C:\Program Files\JetBrains\PyCharm Community Edition 2020.2.1\bin;;C:\Users\정호정\.dotnet\tools;C:\Users\정호정\AppData\Local\Programs\Microsoft VS Code\bin;C:\Users\정호정\AppData\Roaming\npm;C:\SDK\platform-tools;C:\SDK;
USERNAME=정호정
OS=Windows_NT
PROCESSOR_IDENTIFIER=Intel64 Family 6 Model 142 Stepping 12, GenuineIntel
TMP=C:\Users\정호정\AppData\Local\Temp
TEMP=C:\Users\정호정\AppData\Local\Temp




Periodic native trim disabled

---------------  S Y S T E M  ---------------

OS:
 Windows 10 , 64 bit Build 18362 (10.0.18362.1500)
OS uptime: 28 days 5:29 hours

CPU: total 8 (initial active 8) (4 cores per cpu, 2 threads per core) family 6 model 142 stepping 12 microcode 0xde, cx8, cmov, fxsr, ht, mmx, 3dnowpref, sse, sse2, sse3, ssse3, sse4.1, sse4.2, popcnt, lzcnt, tsc, tscinvbit, avx, avx2, aes, erms, clmul, bmi1, bmi2, adx, fma, vzeroupper, clflush, clflushopt, rdtscp, f16c
Processor Information for all 8 processors :
  Max Mhz: 2112, Current Mhz: 1609, Mhz Limit: 1605

Memory: 4k page, system-wide physical 8001M (411M free)
TotalPageFile size 32577M (AvailPageFile size 10M)
current process WorkingSet (physical memory assigned to process): 184M, peak: 224M
current process commit charge ("private bytes"): 262M, peak: 299M

vm_info: OpenJDK 64-Bit Server VM (21.0.5+11-LTS) for windows-amd64 JRE (21.0.5+11-LTS), built on 2024-10-15T00:00:00Z by "admin" with MS VC++ 17.7 (VS2022)

END.
